2024-02-06 16:27:22,465 [INFO] Activator:176 - 


2024-02-06 16:27:22,476 [INFO] Activator:177 - !SESSION log4j initialized
2024-02-06 16:27:32,580 [ERROR] LogOutputStream:75 - [STDERR_REDIRECT] 
2024-02-06 16:27:38,376 [INFO] LogOutputStream:77 - [STDOUT_REDIRECT] 
2024-02-06 16:27:41,611 [INFO] LogOutputStream:77 - [STDOUT_REDIRECT] 
2024-02-06 16:27:43,466 [INFO] ApplicationProperties:184 - Using Application install path: /Applications/STM32CubeIDE.app/Contents/Eclipse/plugins/com.st.stm32cube.common.mx_6.10.0.202311202037
2024-02-06 16:27:43,505 [INFO] DbMcusXml:78 - Set database path to: /Applications/STM32CubeIDE.app/Contents/Eclipse/plugins/com.st.stm32cube.common.mx_6.10.0.202311202037//db//mcu/
2024-02-06 16:27:43,506 [INFO] ApiDb:274 - Set plugin database path to: /Applications/STM32CubeIDE.app/Contents/Eclipse/plugins/com.st.stm32cube.common.mx_6.10.0.202311202037//db//plugins/boardmanager/
2024-02-06 16:27:43,506 [WARN] ApiDb:259 - Overriding images path with different value:  => /Applications/STM32CubeIDE.app/Contents/Eclipse/plugins/com.st.stm32cube.common.mx_6.10.0.202311202037//db//plugins/mcufinder/images/
2024-02-06 16:27:43,521 [INFO] ApiDb:250 - Set database path to: /Users/hectortamayo/.stmcufinder/plugins/mcufinder//mcu/
2024-02-06 16:27:43,524 [INFO] DbMcusAds:125 - Set database path to: /Users/hectortamayo/.stmcufinder/plugins/mcufinder//mcu/
2024-02-06 16:27:43,531 [INFO] CrossReferenceDbSqlite:203 - Set database path to: /Users/hectortamayo/.stmcufinder/plugins/mcufinder//mcu/cs/
2024-02-06 16:27:43,799 [INFO] RulesReader:64 - Compatibility file has been processed (297 Rules)
2024-02-06 16:27:43,978 [INFO] DbMcusXml:78 - Set database path to: /Applications/STM32CubeIDE.app/Contents/Eclipse/plugins/com.st.stm32cube.common.mx_6.10.0.202311202037//db//mcu/
2024-02-06 16:27:43,978 [INFO] ApiDb:274 - Set plugin database path to: /Applications/STM32CubeIDE.app/Contents/Eclipse/plugins/com.st.stm32cube.common.mx_6.10.0.202311202037//db//plugins/boardmanager/
2024-02-06 16:27:43,978 [INFO] ApiDb:261 - Set plugin images path to: /Applications/STM32CubeIDE.app/Contents/Eclipse/plugins/com.st.stm32cube.common.mx_6.10.0.202311202037//db//plugins/mcufinder/images/
2024-02-06 16:27:43,978 [WARN] DbFile:41 - Overriding database path with different value: /Users/hectortamayo/.stmcufinder/plugins/mcufinder/ => /Users/hectortamayo/.stmcufinder/plugins/mcufinder
2024-02-06 16:27:43,979 [INFO] ApiDb:250 - Set database path to: /Users/hectortamayo/.stmcufinder/plugins/mcufinder//mcu/
2024-02-06 16:27:43,979 [WARN] DbFile:41 - Overriding database path with different value: /Users/hectortamayo/.stmcufinder/plugins/mcufinder/ => /Users/hectortamayo/.stmcufinder/plugins/mcufinder
2024-02-06 16:27:43,979 [INFO] DbMcusAds:125 - Set database path to: /Users/hectortamayo/.stmcufinder/plugins/mcufinder//mcu/
2024-02-06 16:27:43,979 [WARN] DbFile:41 - Overriding database path with different value: /Users/hectortamayo/.stmcufinder/plugins/mcufinder/ => /Users/hectortamayo/.stmcufinder/plugins/mcufinder
2024-02-06 16:27:43,979 [WARN] DbFile:41 - Overriding database path with different value: /Users/hectortamayo/.stmcufinder/plugins/mcufinder/ => /Users/hectortamayo/.stmcufinder/plugins/mcufinder
2024-02-06 16:27:43,979 [INFO] CrossReferenceDbSqlite:203 - Set database path to: /Users/hectortamayo/.stmcufinder/plugins/mcufinder//mcu/cs/
2024-02-06 16:27:44,165 [INFO] MainPanel:264 - HeapMemory: 268435456
2024-02-06 16:27:44,388 [INFO] DbMcusXml:78 - Set database path to: /Applications/STM32CubeIDE.app/Contents/Eclipse/plugins/com.st.stm32cube.common.mx_6.10.0.202311202037//db//mcu/
2024-02-06 16:27:44,389 [INFO] ApiDb:274 - Set plugin database path to: /Applications/STM32CubeIDE.app/Contents/Eclipse/plugins/com.st.stm32cube.common.mx_6.10.0.202311202037//db//plugins/boardmanager/
2024-02-06 16:27:44,389 [INFO] ApiDb:261 - Set plugin images path to: /Applications/STM32CubeIDE.app/Contents/Eclipse/plugins/com.st.stm32cube.common.mx_6.10.0.202311202037//db//plugins/mcufinder/images/
2024-02-06 16:27:44,391 [WARN] DbFile:41 - Overriding database path with different value: /Users/hectortamayo/.stmcufinder/plugins/mcufinder/ => /Users/hectortamayo/.stmcufinder/plugins/mcufinder
2024-02-06 16:27:44,391 [INFO] ApiDb:250 - Set database path to: /Users/hectortamayo/.stmcufinder/plugins/mcufinder//mcu/
2024-02-06 16:27:44,391 [WARN] DbFile:41 - Overriding database path with different value: /Users/hectortamayo/.stmcufinder/plugins/mcufinder/ => /Users/hectortamayo/.stmcufinder/plugins/mcufinder
2024-02-06 16:27:44,391 [INFO] DbMcusAds:125 - Set database path to: /Users/hectortamayo/.stmcufinder/plugins/mcufinder//mcu/
2024-02-06 16:27:44,391 [WARN] DbFile:41 - Overriding database path with different value: /Users/hectortamayo/.stmcufinder/plugins/mcufinder/ => /Users/hectortamayo/.stmcufinder/plugins/mcufinder
2024-02-06 16:27:44,391 [WARN] DbFile:41 - Overriding database path with different value: /Users/hectortamayo/.stmcufinder/plugins/mcufinder/ => /Users/hectortamayo/.stmcufinder/plugins/mcufinder
2024-02-06 16:27:44,392 [INFO] CrossReferenceDbSqlite:203 - Set database path to: /Users/hectortamayo/.stmcufinder/plugins/mcufinder//mcu/cs/
2024-02-06 16:27:44,434 [INFO] ApplicationProperties:184 - Using Application install path: /Applications/STM32CubeIDE.app/Contents/Eclipse/plugins/com.st.stm32cube.common.mx_6.10.0.202311202037
2024-02-06 16:27:44,439 [INFO] PluginManage:196 - Search for loadable plugins [exclusion list=, ]
2024-02-06 16:27:44,442 [INFO] PluginManage:310 - Check plugin analytics
2024-02-06 16:27:49,859 [INFO] AnalyticsPlugin:253 - Accepted Software Licenses: 
2024-02-06 16:27:49,860 [INFO] AnalyticsPlugin:255 - Accepted CMSIS Pack Licenses: 
2024-02-06 16:27:49,860 [INFO] AnalyticsPlugin:257 - Accepted Firmware Licenses: 
2024-02-06 16:27:49,865 [INFO] PluginManage:359 - Loaded plugin analytics (category:tool,tabindex:-1)
2024-02-06 16:27:49,866 [INFO] PluginManage:310 - Check plugin cadmodel
2024-02-06 16:27:51,399 [INFO] CADModel:105 - Init CAD model plugin
2024-02-06 16:27:51,399 [INFO] PluginManage:359 - Loaded plugin cadmodel (category:power,tabindex:5)
2024-02-06 16:27:51,399 [INFO] PluginManage:310 - Check plugin clock
2024-02-06 16:27:51,425 [INFO] PluginManage:359 - Loaded plugin clock (category:base,tabindex:2)
2024-02-06 16:27:51,425 [INFO] PluginManage:310 - Check plugin ddr
2024-02-06 16:27:51,430 [INFO] PluginManage:359 - Loaded plugin ddr (category:tool,tabindex:6)
2024-02-06 16:27:51,431 [INFO] PluginManage:310 - Check plugin filemanager
2024-02-06 16:27:51,710 [INFO] PluginManage:359 - Loaded plugin filemanager (category:base,tabindex:10)
2024-02-06 16:27:51,711 [INFO] PluginManage:310 - Check plugin ipmanager
2024-02-06 16:27:51,728 [INFO] PluginManage:359 - Loaded plugin ipmanager (category:base,tabindex:5)
2024-02-06 16:27:51,728 [INFO] PluginManage:310 - Check plugin lpbam
2024-02-06 16:27:51,754 [INFO] PluginManage:359 - Loaded plugin lpbam (category:base,tabindex:0)
2024-02-06 16:27:51,755 [INFO] PluginManage:310 - Check plugin memorymap
2024-02-06 16:27:51,793 [INFO] PluginManage:359 - Loaded plugin memorymap (category:base,tabindex:4)
2024-02-06 16:27:51,793 [INFO] PluginManage:310 - Check plugin pinoutandconfiguration
2024-02-06 16:27:51,812 [INFO] PluginManage:359 - Loaded plugin pinoutandconfiguration (category:base,tabindex:1)
2024-02-06 16:27:51,812 [INFO] PluginManage:310 - Check plugin pinoutconfig
2024-02-06 16:27:52,022 [WARN] SupportedApi:132 - Cannot load RTOS API schema: s4s-elt-must-match.1: The content of 'definitions' must match (annotation?, (simpleType | complexType)?, (unique | key | keyref)*)). A problem was found starting at: attribute.
2024-02-06 16:27:52,366 [INFO] PluginManage:359 - Loaded plugin pinoutconfig (category:base,tabindex:0)
2024-02-06 16:27:52,366 [INFO] PluginManage:310 - Check plugin power
2024-02-06 16:27:52,391 [INFO] PluginManage:359 - Loaded plugin power (category:power,tabindex:4)
2024-02-06 16:27:52,392 [INFO] PluginManage:310 - Check plugin projectmanager
2024-02-06 16:27:52,425 [INFO] PluginManage:359 - Loaded plugin projectmanager (category:projectmanager,tabindex:3)
2024-02-06 16:27:52,426 [INFO] PluginManage:310 - Check plugin thirdparty
2024-02-06 16:27:52,738 [INFO] PluginManage:359 - Loaded plugin thirdparty (category:base,tabindex:-1)
2024-02-06 16:27:52,738 [WARN] IntegrityCheckThread:84 - waiting for thirdparty lock release [integrity check]
2024-02-06 16:27:52,739 [INFO] PluginManage:310 - Check plugin tools
2024-02-06 16:27:52,739 [INFO] IntegrityCheckThread:86 - entering critical section [integrity check]
2024-02-06 16:27:52,739 [INFO] ThirdPartyUpdaterWithRetryManager:70 - Updater plugin not ready yet. [1/15]
2024-02-06 16:27:52,742 [INFO] PluginManage:359 - Loaded plugin tools (category:base,tabindex:7)
2024-02-06 16:27:52,742 [INFO] PluginManage:310 - Check plugin tutovideos
2024-02-06 16:27:53,240 [INFO] PluginManage:359 - Loaded plugin tutovideos (category:base,tabindex:-1)
2024-02-06 16:27:53,240 [INFO] PluginManage:310 - Check plugin updater
2024-02-06 16:27:53,265 [INFO] PluginManage:359 - Loaded plugin updater (category:base,tabindex:12)
2024-02-06 16:27:53,265 [INFO] PluginManage:310 - Check plugin userauth
2024-02-06 16:27:53,282 [INFO] UserAuth:114 - Init User Auth plugin
2024-02-06 16:27:53,283 [INFO] PluginManage:359 - Loaded plugin userauth (category:base,tabindex:14)
2024-02-06 16:27:53,283 [INFO] PluginManage:283 - PluginManage : Loaded plugins [17]
2024-02-06 16:27:53,716 [INFO] PinOutPanel:1499 - setPackage(No Configuration,No Configuration)
2024-02-06 16:27:53,875 [INFO] CADModel:165 - CPN selected for project level
2024-02-06 16:27:53,876 [INFO] CADModel:114 - Register for checkConnection events
2024-02-06 16:27:53,919 [INFO] IPUIPlugin:80 - create IPUIPlugin
2024-02-06 16:27:53,921 [INFO] PluginManager:220 - loadIPPluginJar : add mdma
2024-02-06 16:27:53,938 [INFO] IPUIPlugin:80 - create IPUIPlugin
2024-02-06 16:27:53,938 [INFO] PluginManager:220 - loadIPPluginJar : add freertos
2024-02-06 16:27:53,952 [INFO] IPUIPlugin:80 - create IPUIPlugin
2024-02-06 16:27:53,952 [INFO] PluginManager:220 - loadIPPluginJar : add gic
2024-02-06 16:27:53,985 [INFO] IPUIPlugin:80 - create IPUIPlugin
2024-02-06 16:27:53,985 [INFO] PluginManager:220 - loadIPPluginJar : add adc
2024-02-06 16:27:53,995 [INFO] IPUIPlugin:80 - create IPUIPlugin
2024-02-06 16:27:53,995 [INFO] PluginManager:220 - loadIPPluginJar : add gtzc
2024-02-06 16:27:53,998 [INFO] IPUIPlugin:80 - create IPUIPlugin
2024-02-06 16:27:53,998 [INFO] PluginManager:220 - loadIPPluginJar : add quadspi
2024-02-06 16:27:54,003 [INFO] IPUIPlugin:80 - create IPUIPlugin
2024-02-06 16:27:54,003 [INFO] PluginManager:220 - loadIPPluginJar : add aes
2024-02-06 16:27:54,013 [INFO] IPUIPlugin:80 - create IPUIPlugin
2024-02-06 16:27:54,014 [INFO] PluginManager:220 - loadIPPluginJar : add pdm2pcm
2024-02-06 16:27:54,018 [INFO] IPUIPlugin:80 - create IPUIPlugin
2024-02-06 16:27:54,018 [INFO] PluginManager:220 - loadIPPluginJar : add hash
2024-02-06 16:27:54,021 [INFO] IPUIPlugin:80 - create IPUIPlugin
2024-02-06 16:27:54,022 [INFO] PluginManager:220 - loadIPPluginJar : add tim
2024-02-06 16:27:54,025 [INFO] IPUIPlugin:80 - create IPUIPlugin
2024-02-06 16:27:54,025 [INFO] PluginManager:220 - loadIPPluginJar : add tsc
2024-02-06 16:27:54,029 [INFO] IPUIPlugin:80 - create IPUIPlugin
2024-02-06 16:27:54,029 [INFO] PluginManager:220 - loadIPPluginJar : add ts
2024-02-06 16:27:54,035 [INFO] IPUIPlugin:80 - create IPUIPlugin
2024-02-06 16:27:54,035 [INFO] PluginManager:220 - loadIPPluginJar : add can
2024-02-06 16:27:54,041 [INFO] IPUIPlugin:80 - create IPUIPlugin
2024-02-06 16:27:54,041 [INFO] PluginManager:220 - loadIPPluginJar : add dma3
2024-02-06 16:27:54,045 [INFO] IPUIPlugin:80 - create IPUIPlugin
2024-02-06 16:27:54,045 [INFO] PluginManager:220 - loadIPPluginJar : add dfsdm
2024-02-06 16:27:54,049 [INFO] IPUIPlugin:80 - create IPUIPlugin
2024-02-06 16:27:54,050 [INFO] PluginManager:220 - loadIPPluginJar : add spi
2024-02-06 16:27:54,055 [INFO] IPUIPlugin:80 - create IPUIPlugin
2024-02-06 16:27:54,056 [INFO] PluginManager:220 - loadIPPluginJar : add gfxmmu
2024-02-06 16:27:54,059 [INFO] IPUIPlugin:80 - create IPUIPlugin
2024-02-06 16:27:54,061 [INFO] PluginManager:220 - loadIPPluginJar : add genericplugin
2024-02-06 16:27:54,065 [INFO] IPUIPlugin:80 - create IPUIPlugin
2024-02-06 16:27:54,066 [INFO] PluginManager:220 - loadIPPluginJar : add cryp
2024-02-06 16:27:54,076 [INFO] IPUIPlugin:80 - create IPUIPlugin
2024-02-06 16:27:54,077 [INFO] PluginManager:220 - loadIPPluginJar : add gpio
2024-02-06 16:27:54,079 [INFO] IPUIPlugin:80 - create IPUIPlugin
2024-02-06 16:27:54,079 [INFO] PluginManager:220 - loadIPPluginJar : add comp
2024-02-06 16:27:54,083 [INFO] IPUIPlugin:80 - create IPUIPlugin
2024-02-06 16:27:54,084 [INFO] PluginManager:220 - loadIPPluginJar : add tracer_emb
2024-02-06 16:27:54,090 [INFO] IPUIPlugin:80 - create IPUIPlugin
2024-02-06 16:27:54,091 [INFO] PluginManager:220 - loadIPPluginJar : add openamp
2024-02-06 16:27:54,102 [INFO] IPUIPlugin:80 - create IPUIPlugin
2024-02-06 16:27:54,102 [INFO] PluginManager:220 - loadIPPluginJar : add stm32_wpan
2024-02-06 16:27:54,118 [INFO] IPUIPlugin:80 - create IPUIPlugin
2024-02-06 16:27:54,126 [INFO] PluginManager:220 - loadIPPluginJar : add plateformsettings
2024-02-06 16:27:54,135 [INFO] IPUIPlugin:80 - create IPUIPlugin
2024-02-06 16:27:54,135 [INFO] PluginManager:220 - loadIPPluginJar : add ipddr
2024-02-06 16:27:54,141 [INFO] IPUIPlugin:80 - create IPUIPlugin
2024-02-06 16:27:54,141 [INFO] PluginManager:220 - loadIPPluginJar : add usart
2024-02-06 16:27:54,144 [INFO] IPUIPlugin:80 - create IPUIPlugin
2024-02-06 16:27:54,144 [INFO] PluginManager:220 - loadIPPluginJar : add ltdc
2024-02-06 16:27:54,156 [INFO] IPUIPlugin:80 - create IPUIPlugin
2024-02-06 16:27:54,156 [INFO] PluginManager:220 - loadIPPluginJar : add nvic
2024-02-06 16:27:54,161 [INFO] IPUIPlugin:80 - create IPUIPlugin
2024-02-06 16:27:54,161 [INFO] PluginManager:220 - loadIPPluginJar : add fatfs
2024-02-06 16:27:54,178 [INFO] IPUIPlugin:80 - create IPUIPlugin
2024-02-06 16:27:54,178 [INFO] PluginManager:220 - loadIPPluginJar : add linkedlist
2024-02-06 16:27:54,189 [INFO] IPUIPlugin:80 - create IPUIPlugin
2024-02-06 16:27:54,190 [INFO] PluginManager:220 - loadIPPluginJar : add dma
2024-02-06 16:27:54,199 [INFO] IPUIPlugin:80 - create IPUIPlugin
2024-02-06 16:27:54,200 [INFO] PluginManager:220 - loadIPPluginJar : add fmc
2024-02-06 16:27:54,204 [INFO] IPUIPlugin:80 - create IPUIPlugin
2024-02-06 16:27:54,205 [INFO] PluginManager:220 - loadIPPluginJar : add i2s
2024-02-06 16:27:54,208 [INFO] IPUIPlugin:80 - create IPUIPlugin
2024-02-06 16:27:54,208 [INFO] PluginManager:220 - loadIPPluginJar : add ucpd
2024-02-06 16:27:54,214 [INFO] IPUIPlugin:80 - create IPUIPlugin
2024-02-06 16:27:54,214 [INFO] PluginManager:220 - loadIPPluginJar : add lorawan
2024-02-06 16:27:54,220 [INFO] IPUIPlugin:80 - create IPUIPlugin
2024-02-06 16:27:54,220 [INFO] PluginManager:220 - loadIPPluginJar : add opamp
2024-02-06 16:27:54,227 [INFO] IPUIPlugin:80 - create IPUIPlugin
2024-02-06 16:27:54,227 [INFO] PluginManager:220 - loadIPPluginJar : add i3c
2024-02-06 16:27:54,234 [INFO] IPUIPlugin:80 - create IPUIPlugin
2024-02-06 16:27:54,234 [INFO] PluginManager:220 - loadIPPluginJar : add touchsensing
2024-02-06 16:27:54,239 [INFO] IPUIPlugin:80 - create IPUIPlugin
2024-02-06 16:27:54,240 [INFO] PluginManager:220 - loadIPPluginJar : add i2c
2024-02-06 16:27:54,247 [INFO] IPUIPlugin:80 - create IPUIPlugin
2024-02-06 16:27:54,247 [INFO] PluginManager:220 - loadIPPluginJar : add resmgrutility
2024-02-06 16:27:54,255 [INFO] IPUIPlugin:80 - create IPUIPlugin
2024-02-06 16:27:54,255 [INFO] PluginManager:220 - loadIPPluginJar : add sai
2024-02-06 16:27:54,262 [INFO] IPUIPlugin:80 - create IPUIPlugin
2024-02-06 16:27:54,262 [INFO] PluginManager:220 - loadIPPluginJar : add usbx
2024-02-06 16:27:54,416 [INFO] CADModel:165 - CPN selected for project level
2024-02-06 16:27:54,416 [INFO] CADModel:114 - Register for checkConnection events
2024-02-06 16:27:54,417 [FATAL] Updater:308 - Updater called before beeing initialized
2024-02-06 16:27:54,418 [ERROR] CADModel:125 - Updater not yet initialized, retry later 
2024-02-06 16:27:54,771 [INFO] CADModel:165 - CPN selected for project level
2024-02-06 16:27:54,771 [INFO] CADModel:114 - Register for checkConnection events
2024-02-06 16:27:54,771 [FATAL] Updater:308 - Updater called before beeing initialized
2024-02-06 16:27:54,772 [ERROR] CADModel:125 - Updater not yet initialized, retry later 
2024-02-06 16:27:54,782 [FATAL] Updater:308 - Updater called before beeing initialized
2024-02-06 16:27:54,951 [FATAL] Updater:308 - Updater called before beeing initialized
2024-02-06 16:27:54,961 [INFO] DbMcusAds:53 - JSON generation date=Wed Nov 29 04:52:27 CST 2023 (1701255147200)
2024-02-06 16:27:54,961 [FATAL] Updater:308 - Updater called before beeing initialized
2024-02-06 16:27:55,587 [WARN] DetailPanel:346 - Failed to get advertising image, set to default
2024-02-06 16:27:55,735 [FATAL] Updater:308 - Updater called before beeing initialized
2024-02-06 16:27:55,740 [FATAL] Updater:308 - Updater called before beeing initialized
2024-02-06 16:27:55,740 [FATAL] Updater:308 - Updater called before beeing initialized
2024-02-06 16:27:55,740 [WARN] DetailPanel:346 - Failed to get advertising image, set to default
2024-02-06 16:27:55,741 [FATAL] Updater:308 - Updater called before beeing initialized
2024-02-06 16:27:55,745 [INFO] ThirdPartyUpdaterWithRetryManager:70 - Updater plugin not ready yet. [2/15]
2024-02-06 16:27:55,808 [ERROR] Updater:1120 - MainUpdater not yet initialized. External WinMGr cannot be set.
2024-02-06 16:27:55,857 [INFO] Updater:1056 - Updater Version found : 6.10.0
2024-02-06 16:27:55,899 [INFO] ApplicationProperties:184 - Using Application install path: /Applications/STM32CubeIDE.app/Contents/Eclipse/plugins/com.st.stm32cube.common.mx_6.10.0.202311202037
2024-02-06 16:27:57,203 [INFO] MainUpdater:2873 - connection check result : 10
2024-02-06 16:27:57,205 [INFO] MainUpdater:290 - Updater Check For Update Now.
2024-02-06 16:27:57,205 [INFO] MicroXplorer:498 - Change Database Version : DB.6.0.100
2024-02-06 16:27:57,217 [INFO] McuFinderGlobals:63 - Set McuFinder mode to 2 (CubeIDE integrated)
2024-02-06 16:27:57,481 [INFO] CheckServerUpdateThread:120 - End of CheckServer Thread
2024-02-06 16:27:57,816 [INFO] UserAuth:404 - Internet connection configuration mode: 1
2024-02-06 16:27:57,867 [INFO] JxBrowserEngine:152 - Initiate JxBrowser Engine with user profile folder
2024-02-06 16:27:59,070 [WARN] PackLoader:240 - Cannot read IP mode file for STMicroelectronics.X-CUBE-SMBUS.2.1.0
2024-02-06 16:27:59,097 [WARN] PackLoader:240 - Cannot read IP mode file for STMicroelectronics.X-CUBE-TOUCHGFX.4.23.0
2024-02-06 16:27:59,178 [WARN] PackLoader:240 - Cannot read IP mode file for STMicroelectronics.X-CUBE-AZRTOS-F7.1.1.0
2024-02-06 16:27:59,199 [WARN] PackLoader:240 - Cannot read IP mode file for STMicroelectronics.FP-SNS-MOTENV1.4.3.2
2024-02-06 16:27:59,214 [WARN] PackLoader:240 - Cannot read IP mode file for STMicroelectronics.FP-SNS-FLIGHT1.5.0.2
2024-02-06 16:27:59,235 [WARN] PackLoader:240 - Cannot read IP mode file for STMicroelectronics.X-CUBE-DISPLAY.3.0.0
2024-02-06 16:27:59,264 [WARN] PackLoader:240 - Cannot read IP mode file for STMicroelectronics.X-CUBE-BLE1.7.0.0
2024-02-06 16:27:59,277 [WARN] PackLoader:240 - Cannot read IP mode file for emotas.I-CUBE-CANOPEN.1.3.0
2024-02-06 16:27:59,287 [WARN] PackLoader:240 - Cannot read IP mode file for STMicroelectronics.FP-SNS-SMARTAG2.1.2.0
2024-02-06 16:27:59,318 [INFO] LogOutputStream:77 - [STDOUT_REDIRECT] 1 : Invalid condition id : UX_CORESTACK_Condition cause : null
2024-02-06 16:27:59,318 [INFO] LogOutputStream:77 - [STDOUT_REDIRECT] 1 : Invalid condition id : UX_CORESTACK_Condition cause : null
2024-02-06 16:27:59,319 [INFO] LogOutputStream:77 - [STDOUT_REDIRECT] 1 : Invalid condition id : UX_CORESTACK_Condition cause : null
2024-02-06 16:27:59,319 [INFO] LogOutputStream:77 - [STDOUT_REDIRECT] 1 : Invalid condition id : UX_CORESTACK_Condition cause : null
2024-02-06 16:27:59,320 [INFO] LogOutputStream:77 - [STDOUT_REDIRECT] 1 : Invalid condition id : UX_CORESTACK_Condition cause : null
2024-02-06 16:27:59,333 [WARN] PackLoader:240 - Cannot read IP mode file for STMicroelectronics.X-CUBE-AZRTOS-WL.2.0.0
2024-02-06 16:27:59,362 [WARN] PackLoader:240 - Cannot read IP mode file for WES.I-CUBE-Cesium.1.3.0
2024-02-06 16:27:59,373 [WARN] PackLoader:240 - Cannot read IP mode file for STMicroelectronics.X-CUBE-BLE2.3.3.0
2024-02-06 16:27:59,390 [WARN] PackLoader:240 - Cannot read IP mode file for STMicroelectronics.X-CUBE-ALGOBUILD.1.3.0
2024-02-06 16:27:59,446 [WARN] PackLoader:240 - Cannot read IP mode file for STMicroelectronics.X-CUBE-AZRTOS-G0.1.1.0
2024-02-06 16:27:59,467 [WARN] PackLoader:240 - Cannot read IP mode file for STMicroelectronics.X-CUBE-NFC4.3.0.0
2024-02-06 16:27:59,526 [WARN] PackLoader:240 - Cannot read IP mode file for STMicroelectronics.X-CUBE-BLEMGR.3.0.0
2024-02-06 16:27:59,542 [WARN] PackLoader:240 - Cannot read IP mode file for STMicroelectronics.FP-ATR-SIGFOX1.3.2.0
2024-02-06 16:27:59,554 [WARN] PackLoader:240 - Cannot read IP mode file for STMicroelectronics.X-CUBE-EEPRMA1.5.1.0
2024-02-06 16:27:59,640 [WARN] PackLoader:240 - Cannot read IP mode file for SEGGER.I-CUBE-embOS.1.3.1
2024-02-06 16:27:59,733 [WARN] PackLoader:240 - Cannot read IP mode file for STMicroelectronics.X-CUBE-GNSS1.6.0.0
2024-02-06 16:27:59,780 [WARN] PackLoader:240 - Cannot read IP mode file for STMicroelectronics.X-CUBE-AZRTOS-F4.1.1.0
2024-02-06 16:27:59,793 [WARN] PackLoader:240 - Cannot read IP mode file for wolfSSL.I-CUBE-wolfSSL.5.6.4
2024-02-06 16:27:59,832 [WARN] PackLoader:240 - Cannot read IP mode file for STMicroelectronics.X-CUBE-AZRTOS-L5.2.0.0
2024-02-06 16:27:59,845 [WARN] PackLoader:240 - Cannot read IP mode file for STMicroelectronics.X-CUBE-EEPRMA1.4.2.0
2024-02-06 16:27:59,856 [WARN] PackLoader:240 - Cannot read IP mode file for ITTIA_DB.I-CUBE-ITTIADB.8.8.0
2024-02-06 16:27:59,869 [WARN] PackLoader:240 - Cannot read IP mode file for STMicroelectronics.X-CUBE-NFC7.1.0.1
2024-02-06 16:27:59,886 [WARN] PackLoader:240 - Cannot read IP mode file for STMicroelectronics.X-CUBE-NFC6.3.0.0
2024-02-06 16:27:59,897 [WARN] PackLoader:240 - Cannot read IP mode file for STMicroelectronics.X-CUBE-AI.8.1.0
2024-02-06 16:27:59,941 [WARN] ConditionMgr:438 - getConditionDescription Invalid condition id : LAN8742 Phy interface Condition cause : null
2024-02-06 16:27:59,942 [WARN] PackLoader:240 - Cannot read IP mode file for STMicroelectronics.X-CUBE-AZRTOS-L4.2.0.0
2024-02-06 16:27:59,943 [WARN] ConditionMgr:1039 - genDependencies : Invalid condition id : LAN8742 Phy interface Condition cause : null
2024-02-06 16:27:59,943 [WARN] ConditionMgr:1039 - genDependencies : Invalid condition id : LAN8742 Phy interface Condition cause : null
2024-02-06 16:27:59,944 [WARN] ConditionMgr:1039 - genDependencies : Invalid condition id : LAN8742 Phy interface Condition cause : null
2024-02-06 16:27:59,960 [WARN] PackLoader:240 - Cannot read IP mode file for STMicroelectronics.X-CUBE-SFXS2LP1.4.0.0
2024-02-06 16:27:59,995 [WARN] ConditionMgr:438 - getConditionDescription Invalid condition id : UX DEVICE CLASS RTOS Condition cause : null
2024-02-06 16:27:59,996 [WARN] ConditionMgr:438 - getConditionDescription Invalid condition id : UX DEVICE CLASS RTOS Condition cause : null
2024-02-06 16:28:00,001 [WARN] PackLoader:240 - Cannot read IP mode file for STMicroelectronics.X-CUBE-AZRTOS-WB.2.0.0
2024-02-06 16:28:00,002 [WARN] ConditionMgr:1039 - genDependencies : Invalid condition id : UX DEVICE CLASS RTOS Condition cause : null
2024-02-06 16:28:00,002 [WARN] ConditionMgr:1039 - genDependencies : Invalid condition id : UX DEVICE CLASS RTOS Condition cause : null
2024-02-06 16:28:00,003 [WARN] ConditionMgr:1039 - genDependencies : Invalid condition id : UX DEVICE CLASS RTOS Condition cause : null
2024-02-06 16:28:00,007 [WARN] ConditionMgr:1039 - genDependencies : Invalid condition id : UX DEVICE CLASS RTOS Condition cause : null
2024-02-06 16:28:00,008 [WARN] ConditionMgr:1039 - genDependencies : Invalid condition id : UX DEVICE CLASS RTOS Condition cause : null
2024-02-06 16:28:00,044 [WARN] PackLoader:240 - Cannot read IP mode file for STMicroelectronics.X-CUBE-SUBG2.5.0.0
2024-02-06 16:28:00,090 [WARN] PackLoader:240 - Cannot read IP mode file for STMicroelectronics.X-CUBE-AZRTOS-G4.2.0.0
2024-02-06 16:28:00,152 [WARN] PackLoader:240 - Cannot read IP mode file for Infineon.AIROC-Wi-Fi-Bluetooth-STM32.1.5.1
2024-02-06 16:28:00,168 [WARN] PackLoader:240 - Cannot read IP mode file for STMicroelectronics.FP-SNS-MOTENVWB1.1.3.1
2024-02-06 16:28:00,177 [WARN] PackLoader:240 - Cannot read IP mode file for STMicroelectronics.X-CUBE-ISPU.2.0.0
2024-02-06 16:28:00,261 [WARN] PackLoader:240 - Cannot read IP mode file for STMicroelectronics.X-CUBE-MEMS1.10.0.0
2024-02-06 16:28:00,535 [WARN] PackLoader:240 - Cannot read IP mode file for STMicroelectronics.X-CUBE-FREERTOS.1.1.0
2024-02-06 16:28:00,544 [WARN] PackLoader:240 - Cannot read IP mode file for portGmbH.I-Cube-SoM-uGOAL.1.1.0
2024-02-06 16:28:00,552 [WARN] PackLoader:240 - Cannot read IP mode file for STMicroelectronics.X-CUBE-ALS.1.0.1
2024-02-06 16:28:00,559 [WARN] PackLoader:240 - Cannot read IP mode file for STMicroelectronics.FP-ATR-ASTRA1.2.0.0
2024-02-06 16:28:00,585 [WARN] PackLoader:240 - Cannot read IP mode file for STMicroelectronics.X-CUBE-TOF1.3.4.0
2024-02-06 16:28:00,645 [WARN] PackLoader:240 - Cannot read IP mode file for STMicroelectronics.X-CUBE-AZRTOS-H7.3.2.0
2024-02-06 16:28:00,652 [INFO] ThirdParty:978 - Integrity check success = true
2024-02-06 16:28:00,652 [INFO] IntegrityCheckThread:100 - exiting critical section [integrity check]
2024-02-06 16:28:00,652 [INFO] IntegrityCheckThread:103 - End integrity checks thread
2024-02-06 16:28:09,872 [INFO] WebApp:161 - Instantiating new browser for Auth
2024-02-06 16:28:11,662 [INFO] WebApp:780 - Register for checkConnection events
2024-02-06 16:28:11,662 [INFO] WebApp:414 - Apply proxy settings
2024-02-06 16:28:11,671 [INFO] WebApp:459 - Chromium authenticates against Manually configured proxy
2024-02-06 16:28:11,689 [INFO] WebApp:467 - Username used for proxy authentication: 
2024-02-06 16:28:12,289 [INFO] WebApp:192 - Starting web application
2024-02-06 16:28:12,290 [INFO] WebApp:544 - Web application path used /Applications/STM32CubeIDE.app/Contents/Eclipse/plugins/com.st.stm32cube.common.mx_6.10.0.202311202037/db/plugins/mcufinder/reactClient1/index.html
2024-02-06 16:28:33,824 [ERROR] LogOutputStream:75 - [STDERR_REDIRECT] SLF4J: Failed to load class "org.slf4j.impl.StaticLoggerBinder".
2024-02-06 16:28:33,828 [ERROR] LogOutputStream:75 - [STDERR_REDIRECT] SLF4J: Defaulting to no-operation (NOP) logger implementation
2024-02-06 16:28:33,829 [ERROR] LogOutputStream:75 - [STDERR_REDIRECT] SLF4J: See http://www.slf4j.org/codes.html#StaticLoggerBinder for further details.
2024-02-06 16:33:51,905 [INFO] McuFinderGlobals:63 - Set McuFinder mode to 2 (CubeIDE integrated)
2024-02-06 16:33:51,915 [INFO] MainUpdater:2873 - connection check result : 10
2024-02-06 16:33:51,917 [INFO] MainUpdater:2873 - connection check result : 10
2024-02-06 16:33:52,467 [INFO] MicroXplorer:468 - Change Database Path : 
2024-02-06 16:33:52,468 [INFO] MicroXplorer:498 - Change Database Version : DB.6.0.100
2024-02-06 16:33:52,481 [WARN] ThirdParty:871 - waiting for thirdparty lock release [close project]
2024-02-06 16:33:52,481 [INFO] ThirdParty:873 - entering critical section [close project]
2024-02-06 16:33:52,483 [INFO] ThirdParty:883 - exiting critical section [close project]
2024-02-06 16:33:52,487 [INFO] PinOutPanel:1499 - setPackage(No Configuration,No Configuration)
2024-02-06 16:33:52,495 [INFO] UtilMem:75 - Begin LoadConfig() Used Memory: 603208816 Bytes (993001472)
2024-02-06 16:33:52,498 [INFO] MicroXplorer:468 - Change Database Path : 
2024-02-06 16:33:52,498 [INFO] MicroXplorer:498 - Change Database Version : DB.6.0.100
2024-02-06 16:33:52,498 [INFO] OpenFileManager:312 - Change cursor
2024-02-06 16:33:52,543 [INFO] Mcu:2016 - Initializing MCU STM32F103C(8-B)Tx STM32F103C8Tx STM32F103C8T6
2024-02-06 16:33:54,464 [INFO] Context:659 - Trying to add GPIOservice into a context  which must be forbidden
2024-02-06 16:33:55,275 [INFO] RtosManager:555 - Registered RTOS mode: class=CMSIS, group=RTOS, mode=CMSIS_V1, owner=FREERTOS
2024-02-06 16:33:55,275 [INFO] RtosManager:555 - Registered RTOS mode: class=CMSIS, group=RTOS2, mode=CMSIS_V2, owner=FREERTOS
2024-02-06 16:33:55,276 [INFO] RtosManager:555 - Registered RTOS mode: class=RTOS, group=Core, mode=CMSIS_V1, owner=FREERTOS
2024-02-06 16:33:55,276 [INFO] RtosManager:555 - Registered RTOS mode: class=RTOS, group=Core, mode=CMSIS_V2, owner=FREERTOS
2024-02-06 16:33:55,276 [WARN] ModelIntegratedComponent:184 - Missing modes for component STMicroelectronics:FreeRTOS:0.0.1:STMicroelectronics:RTOS:FreeRTOS:Core:::10.2.0:
2024-02-06 16:33:55,329 [WARN] ModelIntegratedComponent:63 - No mode defined for component null
2024-02-06 16:33:55,330 [WARN] ModelIntegratedComponent:63 - No mode defined for component null
2024-02-06 16:33:55,330 [WARN] ModelIntegratedComponent:63 - No mode defined for component null
2024-02-06 16:33:55,330 [WARN] ModelIntegratedComponent:63 - No mode defined for component null
2024-02-06 16:33:55,330 [WARN] ModelIntegratedComponent:63 - No mode defined for component null
2024-02-06 16:33:55,330 [WARN] ModelIntegratedComponent:63 - No mode defined for component null
2024-02-06 16:33:55,330 [WARN] ModelIntegratedComponent:63 - No mode defined for component null
2024-02-06 16:33:55,331 [WARN] ModelIntegratedComponent:63 - No mode defined for component null
2024-02-06 16:33:55,331 [WARN] ModelIntegratedComponent:63 - No mode defined for component null
2024-02-06 16:33:55,331 [WARN] ModelIntegratedComponent:63 - No mode defined for component null
2024-02-06 16:33:55,331 [WARN] ModelIntegratedComponent:63 - No mode defined for component null
2024-02-06 16:33:55,331 [WARN] ModelIntegratedComponent:63 - No mode defined for component null
2024-02-06 16:33:55,332 [WARN] ModelIntegratedComponent:63 - No mode defined for component null
2024-02-06 16:33:55,332 [WARN] ModelIntegratedComponent:63 - No mode defined for component null
2024-02-06 16:33:55,332 [WARN] ModelIntegratedComponent:63 - No mode defined for component null
2024-02-06 16:33:55,332 [WARN] ModelIntegratedComponent:63 - No mode defined for component null
2024-02-06 16:33:55,332 [WARN] ModelIntegratedComponent:63 - No mode defined for component null
2024-02-06 16:33:55,332 [WARN] ModelIntegratedComponent:63 - No mode defined for component null
2024-02-06 16:33:55,333 [WARN] ModelIntegratedComponent:63 - No mode defined for component null
2024-02-06 16:33:55,333 [WARN] ModelIntegratedComponent:63 - No mode defined for component null
2024-02-06 16:33:55,333 [WARN] ModelIntegratedComponent:63 - No mode defined for component null
2024-02-06 16:33:55,333 [WARN] ModelIntegratedComponent:63 - No mode defined for component null
2024-02-06 16:33:55,333 [WARN] ModelIntegratedComponent:63 - No mode defined for component null
2024-02-06 16:33:55,333 [WARN] ModelIntegratedComponent:63 - No mode defined for component null
2024-02-06 16:33:55,333 [WARN] ModelIntegratedComponent:63 - No mode defined for component null
2024-02-06 16:33:55,334 [WARN] ModelIntegratedComponent:63 - No mode defined for component null
2024-02-06 16:33:55,334 [WARN] ModelIntegratedComponent:63 - No mode defined for component null
2024-02-06 16:33:55,334 [WARN] ModelIntegratedComponent:63 - No mode defined for component null
2024-02-06 16:33:55,334 [WARN] ModelIntegratedComponent:63 - No mode defined for component null
2024-02-06 16:33:55,334 [WARN] ModelIntegratedComponent:63 - No mode defined for component null
2024-02-06 16:33:55,334 [WARN] ModelIntegratedComponent:63 - No mode defined for component null
2024-02-06 16:33:55,334 [WARN] ModelIntegratedComponent:63 - No mode defined for component null
2024-02-06 16:33:55,334 [WARN] ModelIntegratedComponent:63 - No mode defined for component null
2024-02-06 16:33:56,106 [INFO] ThirdPartyModel:298 - Start build external matchings
2024-02-06 16:33:57,200 [INFO] ThirdPartyModel:316 - End build external matchings
2024-02-06 16:33:57,223 [INFO] ImportTextPane:194 - (OptionalMessage_ERROR) IP (RCC) : Parameter (ADCFreqValue) has invalid value (36000000)
2024-02-06 16:33:57,227 [INFO] ImportTextPane:194 - (OptionalMessage_ERROR) IP (RCC) : Invalid parameter (FamilyName)
2024-02-06 16:33:57,228 [INFO] ImportTextPane:194 - (OptionalMessage_ERROR) IP (RCC) : Parameter (MCOFreq_Value) has invalid value (72000000)
2024-02-06 16:33:57,229 [INFO] ImportTextPane:194 - (OptionalMessage_ERROR) IP (RCC) : Parameter (USBFreq_Value) has invalid value (72000000)
2024-02-06 16:33:57,499 [INFO] UtilMem:75 - End LoadConfig() Used Memory: 797899048 Bytes (1026555904)
2024-02-06 16:33:58,231 [INFO] ApiDb:581 - Connected to CubeFinder SQLite database (/Users/hectortamayo/.stmcufinder/plugins/mcufinder/mcu/cube-finder-db.db)
2024-02-06 16:33:58,367 [INFO] ApiDb:668 - CubeFinder database Data Model version=2.1
2024-02-06 16:33:58,368 [INFO] ApiDb:669 - CubeFinder database Configuration version=3.0.39
2024-02-06 16:33:58,368 [INFO] ApiDb:670 - CubeFinder database generation date=2024-01-11 (1704964531)
2024-02-06 16:33:58,368 [INFO] ApiDb:671 - CubeFinder database FW Pack versions=[FP-ATR-ASTRA1_V2.0.0, FP-SNS-FLIGHT1_V5.0.1, FP-SNS-FLIGHT1_V5.0.2, FP-SNS-MOTENV1_V4.3.1, FP-SNS-MOTENV1_V4.3.2, FP-SNS-MOTENVWB1_V1.3.1, FP-SNS-SMARTAG2_V1.2.0, STM32Cube_FW_C0_V1.1.0, STM32Cube_FW_F4_V1.28.0, STM32Cube_FW_F7_V1.17.0, STM32Cube_FW_G0_V1.6.2, STM32Cube_FW_G4_V1.5.2, STM32Cube_FW_H5_V0.5.1, STM32Cube_FW_H5_V1.1.1, STM32Cube_FW_H5_V1.2.0RC2, STM32Cube_FW_H7_V1.11.0, STM32Cube_FW_L0_V1.12.2, STM32Cube_FW_L5_V1.5.0, STM32Cube_FW_U5_V1.3.0RC4, STM32Cube_FW_U5_V1.4.0, STM32Cube_FW_WBA_V1.0.0RC1, STM32Cube_FW_WBA_V1.1.0RC1, STM32Cube_FW_WBA_V1.2.0, STM32Cube_FW_WBA_V1.2.0RC2, STM32Cube_FW_WB_V1.15.0RC1, STM32Cube_FW_WB_V1.16.0, STM32Cube_FW_WB_V1.16.0RC2, STM32Cube_FW_WB_V1.18.0, STM32Cube_FW_WL_V1.3.0, X-CUBE-ALGOBUILD_V1.3.0, X-CUBE-ALS_V1.0.1, X-CUBE-AZRTOS-F4_V1.1.0, X-CUBE-AZRTOS-F7_V1.1.0, X-CUBE-AZRTOS-G0_V1.1.0, X-CUBE-AZRTOS-G4_V2.0.0, X-CUBE-AZRTOS-H7_V3.2.0, X-CUBE-AZRTOS-L4_V1.0.0, X-CUBE-AZRTOS-L4_V2.0.0, X-CUBE-AZRTOS-L5_V1.1.0, X-CUBE-AZRTOS-WB_V2.0.0, X-CUBE-AZRTOS-WL_V2.0.0, X-CUBE-BLE1_V7.0.0, X-CUBE-BLE2_V3.3.0, X-CUBE-BLEMGR_V3.0.0, X-CUBE-EEPRMA1_V4.1.0, X-CUBE-EEPRMA1_V4.2.0, X-CUBE-FREERTOS_V1.1.0, X-CUBE-GNSS1_V6.0.0, X-CUBE-MEMS1_V10.0.0, X-CUBE-MEMS1_V9.1.0, X-CUBE-MEMS1_V9.4.0, X-CUBE-MEMS1_V9.6.0, X-CUBE-NFC4_V3.0.0, X-CUBE-NFC7_V1.0.1, X-CUBE-SFXS2LP1_V4.0.0, X-CUBE-SUBG2_V5.0.0, X-CUBE-TOF1_V3.4.0]
2024-02-06 16:34:04,748 [INFO] ApiDb:240 - Found 371 in-development CPN: [B-G473E-ZEST1S, B-WB1M-WPAN1, B-WL5M-SUBG1, NUCLEO-C031C6, NUCLEO-H503RB, NUCLEO-H563ZI, NUCLEO-U545RE-Q, NUCLEO-U5A5ZJ-Q, NUCLEO-WBA52CG, NUCLEO-WBA55CG, STEVAL-MKBOXPRO, STEVAL-PROTEUS1, STEVAL-STWINBX1, STM320518-EVAL, STM32C0116-DK, STM32C011D6Y3TR, STM32C011D6Y6TR, STM32C011F4P3, STM32C011F4P6, STM32C011F4U3, STM32C011F4U6TR, STM32C011F6P3, STM32C011F6P6, STM32C011F6U3, STM32C011F6U6TR, STM32C011J4M3, STM32C011J4M6, STM32C011J6M3, STM32C011J6M6, STM32C0316-DK, STM32C031C4T3, STM32C031C4T6, STM32C031C4U3, STM32C031C4U6, STM32C031C6T3, STM32C031C6T6, STM32C031C6U3, STM32C031C6U6, STM32C031F4P3, STM32C031F4P6, STM32C031F6P3, STM32C031F6P6, STM32C031G4U3, STM32C031G4U6, STM32C031G6U3, STM32C031G6U6, STM32C031K4T3, STM32C031K4T6, STM32C031K4U3, STM32C031K4U6, STM32C031K6T3, STM32C031K6T6, STM32C031K6U3, STM32C031K6U6, STM32G071K8TXN, STM32G071K8UXN, STM32G081GBU6N, STM32G081KBT6N, STM32G081KBUXN, STM32G0B1CCT6N, STM32G0B1KCT6, STM32G0B1NEY6TR, STM32G0B1RCT6N, STM32G0C1CCT6, STM32G0C1CCT6N, STM32G0C1CCU6N, STM32G0C1CET6N, STM32G0C1CEU6N, STM32G0C1KCT6, STM32G0C1NEY6TR, STM32G0C1RCI6N, STM32G0C1RCT6N, STM32G0C1REI6N, STM32G0C1RET6N, STM32G0C1VCI6, STM32G0C1VEI6, STM32G471CCT6, STM32G471CCU6, STM32G471CET3, STM32G471CET6, STM32G471CEU3, STM32G471CEU6, STM32G471MCT6, STM32G471MET3, STM32G471MET6, STM32G471MEY6TR, STM32G471QCT6, STM32G471QET3, STM32G471RCT6, STM32G471RET3, STM32G471RET6, STM32G471VCH6, STM32G471VCI6, STM32G471VCT6, STM32G471VEH3, STM32G471VEH6, STM32G471VEI3, STM32G471VEI6, STM32G471VET3, STM32G471VET6, STM32G474CCT6, STM32H503CBT6, STM32H503CBU6, STM32H503EBY6TR, STM32H503KBU6, STM32H503RBT6, STM32H562AGI6, STM32H562AII6, STM32H562IGK6, STM32H562IGT6, STM32H562IIK6, STM32H562IIT6, STM32H562RGT6, STM32H562RGV6, STM32H562RIT6, STM32H562RIV6, STM32H562VGT6, STM32H562VIT6, STM32H562ZGT6, STM32H562ZIT6, STM32H563AGI6, STM32H563AII3Q, STM32H563AII6, STM32H563IGK6, STM32H563IGT6, STM32H563IIK3Q, STM32H563IIK6, STM32H563IIT3Q, STM32H563IIT6, STM32H563MIY3QTR, STM32H563RGT6, STM32H563RGV6, STM32H563RIT6, STM32H563RIV6, STM32H563VGT6, STM32H563VIT3Q, STM32H563VIT6, STM32H563ZGT6, STM32H563ZIT3Q, STM32H563ZIT6, STM32H573AII3Q, STM32H573AII6, STM32H573I-DK, STM32H573IIK3Q, STM32H573IIK6, STM32H573IIT3Q, STM32H573IIT6, STM32H573MIY3QTR, STM32H573RIT6, STM32H573RIV6, STM32H573VIT3Q, STM32H573VIT6, STM32H573ZIT3Q, STM32H573ZIT6, STM32L4R5QGI6STR, STM32MP131AAE3, STM32MP131AAF3, STM32MP131AAG3, STM32MP131CAE3, STM32MP131CAF3, STM32MP131CAG3, STM32MP131DAE7, STM32MP131DAF7, STM32MP131DAG7, STM32MP131FAE7, STM32MP131FAF7, STM32MP131FAG7, STM32MP133AAE3, STM32MP133AAF3, STM32MP133AAG3, STM32MP133CAE3, STM32MP133CAF3, STM32MP133CAG3, STM32MP133DAE7, STM32MP133DAF7, STM32MP133DAG7, STM32MP133FAE7, STM32MP133FAF7, STM32MP133FAG7, STM32MP135AAE3, STM32MP135AAF3, STM32MP135AAG3, STM32MP135CAE3, STM32MP135CAF3, STM32MP135CAG3, STM32MP135DAE7, STM32MP135DAF7, STM32MP135DAG7, STM32MP135F-DK, STM32MP135FAE7, STM32MP135FAF7, STM32MP135FAF7T, STM32MP135FAF7U, STM32MP135FAG7, STM32U535CBT6, STM32U535CBT6Q, STM32U535CBU6, STM32U535CBU6Q, STM32U535CCT6, STM32U535CCT6Q, STM32U535CCU6, STM32U535CCU6Q, STM32U535CET6, STM32U535CET6Q, STM32U535CEU6, STM32U535CEU6Q, STM32U535JEY6QTR, STM32U535NCY6QTR, STM32U535NEY6QTR, STM32U535RBI6, STM32U535RBI6Q, STM32U535RBT6, STM32U535RBT6Q, STM32U535RCI6, STM32U535RCI6Q, STM32U535RCT6, STM32U535RCT6Q, STM32U535REI6, STM32U535REI6Q, STM32U535RET6, STM32U535RET6Q, STM32U535VCI6, STM32U535VCI6Q, STM32U535VCT6, STM32U535VCT6Q, STM32U535VEI6, STM32U535VEI6Q, STM32U535VET6, STM32U535VET6Q, STM32U545CET6, STM32U545CET6Q, STM32U545CEU6, STM32U545CEU6Q, STM32U545JEY6QTR, STM32U545NEY6QTR, STM32U545REI6, STM32U545REI6Q, STM32U545RET6, STM32U545RET6Q, STM32U545VEI6, STM32U545VEI6Q, STM32U545VET6, STM32U545VET6Q, STM32U595AIH6, STM32U595AIH6Q, STM32U595AJH6, STM32U595AJH6Q, STM32U595QII6, STM32U595QII6Q, STM32U595QJI6, STM32U595QJI6Q, STM32U595RIT6, STM32U595RIT6Q, STM32U595RJT6, STM32U595RJT6Q, STM32U595VIT6, STM32U595VIT6Q, STM32U595VJT6, STM32U595VJT6Q, STM32U595ZIT6, STM32U595ZIT6Q, STM32U595ZIY6QTR, STM32U595ZJT6, STM32U595ZJT6Q, STM32U595ZJY6QTR, STM32U599BJY6QTR, STM32U599NIH6Q, STM32U599NJH6Q, STM32U599VIT6Q, STM32U599VJT6, STM32U599VJT6Q, STM32U599ZIT6Q, STM32U599ZIY6QTR, STM32U599ZJT6Q, STM32U599ZJY6QTR, STM32U5A5AJH6, STM32U5A5AJH6Q, STM32U5A5QJI6, STM32U5A5QJI6Q, STM32U5A5RJT6, STM32U5A5RJT6Q, STM32U5A5VJT6, STM32U5A5VJT6Q, STM32U5A5ZJT6, STM32U5A5ZJT6Q, STM32U5A5ZJY6QTR, STM32U5A9BJY6QTR, STM32U5A9J-DK, STM32U5A9NJH6Q, STM32U5A9VJT6Q, STM32U5A9ZJT6Q, STM32U5A9ZJY6QTR, STM32U5F7VIT6, STM32U5F7VIT6Q, STM32U5F7VJT6, STM32U5F7VJT6Q, STM32U5F9BJY6QTR, STM32U5F9NJH6Q, STM32U5F9VIT6Q, STM32U5F9VJT6Q, STM32U5F9ZIJ6QTR, STM32U5F9ZIT6Q, STM32U5F9ZJJ6QTR, STM32U5F9ZJT6Q, STM32U5G7VJT6, STM32U5G7VJT6Q, STM32U5G9BJY6QTR, STM32U5G9J-DK1, STM32U5G9J-DK2, STM32U5G9NJH6Q, STM32U5G9VJT6Q, STM32U5G9ZJJ6QTR, STM32U5G9ZJT6Q, STM32WB1MMCH6, STM32WBA50KEU6, STM32WBA50KEU6TR, STM32WBA50KGU6, STM32WBA50KGU6TR, STM32WBA52CEU6, STM32WBA52CEU6TR, STM32WBA52CEU7, STM32WBA52CEU7TR, STM32WBA52CGU6, STM32WBA52CGU6TR, STM32WBA52CGU6U, STM32WBA52CGU7, STM32WBA52CGU7TR, STM32WBA52KEU6, STM32WBA52KEU6TR, STM32WBA52KGU6, STM32WBA52KGU6TR, STM32WBA54CEU6, STM32WBA54CEU6TR, STM32WBA54CEU7, STM32WBA54CEU7TR, STM32WBA54CGU6, STM32WBA54CGU6TR, STM32WBA54CGU7, STM32WBA54CGU7TR, STM32WBA54KEU6, STM32WBA54KEU6TR, STM32WBA54KEU7, STM32WBA54KEU7TR, STM32WBA54KGU6, STM32WBA54KGU6TR, STM32WBA54KGU7, STM32WBA54KGU7TR, STM32WBA55CEU6, STM32WBA55CEU6TR, STM32WBA55CEU7, STM32WBA55CEU7TR, STM32WBA55CGU6, STM32WBA55CGU6TR, STM32WBA55CGU6U, STM32WBA55CGU7, STM32WBA55CGU7TR, STM32WBA55G-DK1, STM32WBA55HEF6, STM32WBA55HEF7, STM32WBA55HGF6, STM32WBA55HGF7, STM32WBA55UEI6, STM32WBA55UEI6TR, STM32WBA55UEI7, STM32WBA55UEI7TR, STM32WBA55UGI6, STM32WBA55UGI6TR, STM32WBA55UGI7, STM32WBA55UGI7TR, STM32WL5MOCH6, STM32WL5MOCH6TR]
2024-02-06 16:34:04,755 [INFO] DbMcus:218 - Found 3930 MCUs, 3930 are supported
2024-02-06 16:34:04,757 [INFO] ApiDb:423 - Load user favorites file /Users/hectortamayo/.stm32cubeide/favorites.mcus.txt: 1 item(s)
2024-02-06 16:34:04,758 [INFO] ApiDb:427 - User favorites MCUs=[STM32F103C8T6]
2024-02-06 16:34:04,758 [INFO] DbMcus:224 - Set 1 / 1 favorites MCUs
2024-02-06 16:34:05,626 [INFO] MicroXplorer:468 - Change Database Path : 
2024-02-06 16:34:05,626 [INFO] MicroXplorer:498 - Change Database Version : DB.6.0.100
2024-02-06 16:34:05,627 [WARN] ThirdParty:833 - waiting for thirdparty lock release [change project]
2024-02-06 16:34:05,627 [INFO] ThirdParty:835 - entering critical section [change project]
2024-02-06 16:34:05,628 [INFO] ThirdParty:1030 - CMSIS Pack Vendor :STMicroelectronics USBPD 4.1
2024-02-06 16:34:05,628 [INFO] ThirdParty:1030 - CMSIS Pack Vendor :STMicroelectronics X-CUBE-GNSS1 6.0.0
2024-02-06 16:34:05,628 [INFO] ThirdParty:1030 - CMSIS Pack Vendor :STMicroelectronics USB_HOST 2.0.0
2024-02-06 16:34:05,628 [INFO] ThirdParty:1030 - CMSIS Pack Vendor :STMicroelectronics X-CUBE-AZRTOS-F4 1.1.0
2024-02-06 16:34:05,628 [INFO] ThirdParty:1030 - CMSIS Pack Vendor :STMicroelectronics LIBJPEG 8.0.0
2024-02-06 16:34:05,628 [INFO] ThirdParty:1030 - CMSIS Pack Vendor :wolfSSL I-CUBE-wolfSSL 5.6.4
2024-02-06 16:34:05,628 [INFO] ThirdParty:1030 - CMSIS Pack Vendor :STMicroelectronics X-CUBE-SMBUS 2.1.0
2024-02-06 16:34:05,629 [INFO] ThirdParty:1030 - CMSIS Pack Vendor :STMicroelectronics USB_DEVICE 3.0.0
2024-02-06 16:34:05,629 [INFO] ThirdParty:1030 - CMSIS Pack Vendor :STMicroelectronics X-CUBE-AZRTOS-WB 2.0.0
2024-02-06 16:34:05,629 [INFO] ThirdParty:1030 - CMSIS Pack Vendor :STMicroelectronics X-CUBE-TOUCHGFX 4.23.0
2024-02-06 16:34:05,629 [INFO] ThirdParty:1030 - CMSIS Pack Vendor :STMicroelectronics X-CUBE-AZRTOS-F7 1.1.0
2024-02-06 16:34:05,629 [INFO] ThirdParty:1030 - CMSIS Pack Vendor :STMicroelectronics X-CUBE-AZRTOS-L5 2.0.0
2024-02-06 16:34:05,629 [INFO] ThirdParty:1030 - CMSIS Pack Vendor :STMicroelectronics USB_DEVICE 2.0.0
2024-02-06 16:34:05,629 [INFO] ThirdParty:1030 - CMSIS Pack Vendor :STMicroelectronics X-CUBE-EEPRMA1 4.2.0
2024-02-06 16:34:05,629 [INFO] ThirdParty:1030 - CMSIS Pack Vendor :ITTIA_DB I-CUBE-ITTIADB 8.8.0
2024-02-06 16:34:05,629 [INFO] ThirdParty:1030 - CMSIS Pack Vendor :STMicroelectronics FP-SNS-MOTENV1 4.3.2
2024-02-06 16:34:05,630 [INFO] ThirdParty:1030 - CMSIS Pack Vendor :STMicroelectronics X-CUBE-ALGOBUILD 1.3.0
2024-02-06 16:34:05,630 [INFO] ThirdParty:1030 - CMSIS Pack Vendor :STMicroelectronics FreeRTOS 0.0.1
2024-02-06 16:34:05,630 [INFO] ThirdParty:1030 - CMSIS Pack Vendor :STMicroelectronics X-CUBE-AZRTOS-G0 1.1.0
2024-02-06 16:34:05,630 [INFO] ThirdParty:1030 - CMSIS Pack Vendor :STMicroelectronics X-CUBE-NFC4 3.0.0
2024-02-06 16:34:05,630 [INFO] ThirdParty:1030 - CMSIS Pack Vendor :STMicroelectronics X-CUBE-SUBG2 5.0.0
2024-02-06 16:34:05,630 [INFO] ThirdParty:1030 - CMSIS Pack Vendor :STMicroelectronics STM32_WPAN 1.0.0
2024-02-06 16:34:05,630 [INFO] ThirdParty:1030 - CMSIS Pack Vendor :STMicroelectronics lwIP 2.0.3
2024-02-06 16:34:05,631 [INFO] ThirdParty:1030 - CMSIS Pack Vendor :STMicroelectronics FP-SNS-FLIGHT1 5.0.2
2024-02-06 16:34:05,631 [INFO] ThirdParty:1030 - CMSIS Pack Vendor :STMicroelectronics USB_HOST 1.0.0
2024-02-06 16:34:05,631 [INFO] ThirdParty:1030 - CMSIS Pack Vendor :STMicroelectronics X-CUBE-AZRTOS-G4 2.0.0
2024-02-06 16:34:05,631 [INFO] ThirdParty:1030 - CMSIS Pack Vendor :STMicroelectronics PDM2PCM 3.1.0
2024-02-06 16:34:05,631 [INFO] ThirdParty:1030 - CMSIS Pack Vendor :Infineon AIROC-Wi-Fi-Bluetooth-STM32 1.5.1
2024-02-06 16:34:05,631 [INFO] ThirdParty:1030 - CMSIS Pack Vendor :STMicroelectronics X-CUBE-BLEMGR 3.0.0
2024-02-06 16:34:05,632 [INFO] ThirdParty:1030 - CMSIS Pack Vendor :STMicroelectronics PDM2PCM 3.3.0
2024-02-06 16:34:05,632 [INFO] ThirdParty:1030 - CMSIS Pack Vendor :STMicroelectronics X-CUBE-DISPLAY 3.0.0
2024-02-06 16:34:05,632 [INFO] ThirdParty:1030 - CMSIS Pack Vendor :STMicroelectronics FP-SNS-MOTENVWB1 1.3.1
2024-02-06 16:34:05,632 [INFO] ThirdParty:1030 - CMSIS Pack Vendor :STMicroelectronics X-CUBE-BLE1 7.0.0
2024-02-06 16:34:05,632 [INFO] ThirdParty:1030 - CMSIS Pack Vendor :STMicroelectronics FP-ATR-SIGFOX1 3.2.0
2024-02-06 16:34:05,632 [INFO] ThirdParty:1030 - CMSIS Pack Vendor :STMicroelectronics X-CUBE-ISPU 2.0.0
2024-02-06 16:34:05,632 [INFO] ThirdParty:1030 - CMSIS Pack Vendor :STMicroelectronics X-CUBE-EEPRMA1 5.1.0
2024-02-06 16:34:05,632 [INFO] ThirdParty:1030 - CMSIS Pack Vendor :STMicroelectronics HAL Drivers 0.0.0
2024-02-06 16:34:05,632 [INFO] ThirdParty:1030 - CMSIS Pack Vendor :STMicroelectronics MBEDTLS 2.16.2
2024-02-06 16:34:05,632 [INFO] ThirdParty:1030 - CMSIS Pack Vendor :emotas I-CUBE-CANOPEN 1.3.0
2024-02-06 16:34:05,632 [INFO] ThirdParty:1030 - CMSIS Pack Vendor :STMicroelectronics X-CUBE-MEMS1 10.0.0
2024-02-06 16:34:05,632 [INFO] ThirdParty:1030 - CMSIS Pack Vendor :STMicroelectronics X-CUBE-FREERTOS 1.1.0
2024-02-06 16:34:05,632 [INFO] ThirdParty:1030 - CMSIS Pack Vendor :STMicroelectronics X-CUBE-NFC7 1.0.1
2024-02-06 16:34:05,633 [INFO] ThirdParty:1030 - CMSIS Pack Vendor :STMicroelectronics MBEDTLS 2.14.1
2024-02-06 16:34:05,633 [INFO] ThirdParty:1030 - CMSIS Pack Vendor :STMicroelectronics X-CUBE-NFC6 3.0.0
2024-02-06 16:34:05,633 [INFO] ThirdParty:1030 - CMSIS Pack Vendor :portGmbH I-Cube-SoM-uGOAL 1.1.0
2024-02-06 16:34:05,633 [INFO] ThirdParty:1030 - CMSIS Pack Vendor :STMicroelectronics X-CUBE-ALS 1.0.1
2024-02-06 16:34:05,633 [INFO] ThirdParty:1030 - CMSIS Pack Vendor :STMicroelectronics ThreadX 1.0.0
2024-02-06 16:34:05,633 [INFO] ThirdParty:1030 - CMSIS Pack Vendor :STMicroelectronics FP-SNS-SMARTAG2 1.2.0
2024-02-06 16:34:05,633 [INFO] ThirdParty:1030 - CMSIS Pack Vendor :STMicroelectronics X-CUBE-AZRTOS-WL 2.0.0
2024-02-06 16:34:05,633 [INFO] ThirdParty:1030 - CMSIS Pack Vendor :SEGGER I-CUBE-embOS 1.3.1
2024-02-06 16:34:05,633 [INFO] ThirdParty:1030 - CMSIS Pack Vendor :STMicroelectronics USB_DEVICE 1.0.0
2024-02-06 16:34:05,633 [INFO] ThirdParty:1030 - CMSIS Pack Vendor :STMicroelectronics X-CUBE-AI 8.1.0
2024-02-06 16:34:05,633 [INFO] ThirdParty:1030 - CMSIS Pack Vendor :STMicroelectronics X-CUBE-AZRTOS-L4 2.0.0
2024-02-06 16:34:05,634 [INFO] ThirdParty:1030 - CMSIS Pack Vendor :STMicroelectronics ThreadX 0.0.2
2024-02-06 16:34:05,634 [INFO] ThirdParty:1030 - CMSIS Pack Vendor :WES I-CUBE-Cesium 1.3.0
2024-02-06 16:34:05,634 [INFO] ThirdParty:1030 - CMSIS Pack Vendor :STMicroelectronics FP-ATR-ASTRA1 2.0.0
2024-02-06 16:34:05,634 [INFO] ThirdParty:1030 - CMSIS Pack Vendor :STMicroelectronics lwIP 2.1.2
2024-02-06 16:34:05,634 [INFO] ThirdParty:1030 - CMSIS Pack Vendor :STMicroelectronics X-CUBE-SFXS2LP1 4.0.0
2024-02-06 16:34:05,634 [INFO] ThirdParty:1030 - CMSIS Pack Vendor :STMicroelectronics X-CUBE-BLE2 3.3.0
2024-02-06 16:34:05,634 [INFO] ThirdParty:1030 - CMSIS Pack Vendor :STMicroelectronics X-CUBE-TOF1 3.4.0
2024-02-06 16:34:05,634 [INFO] ThirdParty:1030 - CMSIS Pack Vendor :STMicroelectronics X-CUBE-AZRTOS-H7 3.2.0
2024-02-06 16:34:05,634 [INFO] ThirdParty:1030 - CMSIS Pack Vendor :STMicroelectronics PDM2PCM 3.2.0
2024-02-06 16:34:05,634 [INFO] ThirdParty:841 - exiting critical section [change project]
2024-02-06 16:34:07,503 [INFO] PinOutPanel:1499 - setPackage(No Configuration,No Configuration)
2024-02-06 16:34:07,506 [INFO] PinOutPanel:1499 - setPackage(STM32F103C8Tx,LQFP48)
2024-02-06 16:34:10,298 [INFO] UtilMem:75 - Before build in PCC Used Memory: 746874608 Bytes (1028653056)
2024-02-06 16:34:12,037 [INFO] UtilMem:75 - After build in PCC Used Memory: 543114704 Bytes (1028653056)
2024-02-06 16:34:12,102 [INFO] IPUIPlugin:80 - create IPUIPlugin
2024-02-06 16:34:12,102 [INFO] IPUIPlugin:80 - create IPUIPlugin
2024-02-06 16:34:12,103 [INFO] IPUIPlugin:80 - create IPUIPlugin
2024-02-06 16:34:12,104 [INFO] IPUIPlugin:80 - create IPUIPlugin
2024-02-06 16:34:12,105 [INFO] IPUIPlugin:80 - create IPUIPlugin
2024-02-06 16:34:12,105 [INFO] IPUIPlugin:80 - create IPUIPlugin
2024-02-06 16:34:12,105 [INFO] IPUIPlugin:80 - create IPUIPlugin
2024-02-06 16:34:12,106 [INFO] IPUIPlugin:80 - create IPUIPlugin
2024-02-06 16:34:12,106 [INFO] IPUIPlugin:80 - create IPUIPlugin
2024-02-06 16:34:12,107 [INFO] IPUIPlugin:80 - create IPUIPlugin
2024-02-06 16:34:12,108 [INFO] IPUIPlugin:80 - create IPUIPlugin
2024-02-06 16:34:12,113 [INFO] IPUIPlugin:80 - create IPUIPlugin
2024-02-06 16:34:12,113 [INFO] IPUIPlugin:80 - create IPUIPlugin
2024-02-06 16:34:12,114 [INFO] IPUIPlugin:80 - create IPUIPlugin
2024-02-06 16:34:12,114 [INFO] IPUIPlugin:80 - create IPUIPlugin
2024-02-06 16:34:12,115 [INFO] IPUIPlugin:80 - create IPUIPlugin
2024-02-06 16:34:12,115 [INFO] IPUIPlugin:80 - create IPUIPlugin
2024-02-06 16:34:12,116 [INFO] IPUIPlugin:80 - create IPUIPlugin
2024-02-06 16:34:12,116 [INFO] IPUIPlugin:80 - create IPUIPlugin
2024-02-06 16:34:12,116 [INFO] IPUIPlugin:80 - create IPUIPlugin
2024-02-06 16:34:12,116 [INFO] IPUIPlugin:80 - create IPUIPlugin
2024-02-06 16:34:12,117 [INFO] IPUIPlugin:80 - create IPUIPlugin
2024-02-06 16:34:12,117 [INFO] IPUIPlugin:80 - create IPUIPlugin
2024-02-06 16:34:12,157 [INFO] IPUIPlugin:80 - create IPUIPlugin
2024-02-06 16:34:12,158 [INFO] IPUIPlugin:80 - create IPUIPlugin
2024-02-06 16:34:12,159 [INFO] IPUIPlugin:80 - create IPUIPlugin
2024-02-06 16:34:12,161 [INFO] IPUIPlugin:80 - create IPUIPlugin
2024-02-06 16:34:12,538 [INFO] CADModel:165 - CPN selected for project levelSTM32F103C8T6
2024-02-06 16:34:12,538 [INFO] CADModel:114 - Register for checkConnection events
2024-02-06 16:34:12,586 [INFO] OpenFileManager:343 - Restore cursor
2024-02-06 17:46:46,176 [INFO] Gpio:277 - dependency for GPIO [RCC]
2024-02-06 23:16:25,940 [INFO] MainUpdater:2873 - connection check result : 10
2024-02-06 23:16:26,263 [INFO] ApiDb:668 - CubeFinder database Data Model version=2.1
2024-02-06 23:16:26,263 [INFO] ApiDb:669 - CubeFinder database Configuration version=3.0.39
2024-02-06 23:16:26,263 [INFO] ApiDb:670 - CubeFinder database generation date=2024-01-11 (1704964531)
2024-02-06 23:16:26,263 [INFO] ApiDb:671 - CubeFinder database FW Pack versions=[FP-ATR-ASTRA1_V2.0.0, FP-SNS-FLIGHT1_V5.0.1, FP-SNS-FLIGHT1_V5.0.2, FP-SNS-MOTENV1_V4.3.1, FP-SNS-MOTENV1_V4.3.2, FP-SNS-MOTENVWB1_V1.3.1, FP-SNS-SMARTAG2_V1.2.0, STM32Cube_FW_C0_V1.1.0, STM32Cube_FW_F4_V1.28.0, STM32Cube_FW_F7_V1.17.0, STM32Cube_FW_G0_V1.6.2, STM32Cube_FW_G4_V1.5.2, STM32Cube_FW_H5_V0.5.1, STM32Cube_FW_H5_V1.1.1, STM32Cube_FW_H5_V1.2.0RC2, STM32Cube_FW_H7_V1.11.0, STM32Cube_FW_L0_V1.12.2, STM32Cube_FW_L5_V1.5.0, STM32Cube_FW_U5_V1.3.0RC4, STM32Cube_FW_U5_V1.4.0, STM32Cube_FW_WBA_V1.0.0RC1, STM32Cube_FW_WBA_V1.1.0RC1, STM32Cube_FW_WBA_V1.2.0, STM32Cube_FW_WBA_V1.2.0RC2, STM32Cube_FW_WB_V1.15.0RC1, STM32Cube_FW_WB_V1.16.0, STM32Cube_FW_WB_V1.16.0RC2, STM32Cube_FW_WB_V1.18.0, STM32Cube_FW_WL_V1.3.0, X-CUBE-ALGOBUILD_V1.3.0, X-CUBE-ALS_V1.0.1, X-CUBE-AZRTOS-F4_V1.1.0, X-CUBE-AZRTOS-F7_V1.1.0, X-CUBE-AZRTOS-G0_V1.1.0, X-CUBE-AZRTOS-G4_V2.0.0, X-CUBE-AZRTOS-H7_V3.2.0, X-CUBE-AZRTOS-L4_V1.0.0, X-CUBE-AZRTOS-L4_V2.0.0, X-CUBE-AZRTOS-L5_V1.1.0, X-CUBE-AZRTOS-WB_V2.0.0, X-CUBE-AZRTOS-WL_V2.0.0, X-CUBE-BLE1_V7.0.0, X-CUBE-BLE2_V3.3.0, X-CUBE-BLEMGR_V3.0.0, X-CUBE-EEPRMA1_V4.1.0, X-CUBE-EEPRMA1_V4.2.0, X-CUBE-FREERTOS_V1.1.0, X-CUBE-GNSS1_V6.0.0, X-CUBE-MEMS1_V10.0.0, X-CUBE-MEMS1_V9.1.0, X-CUBE-MEMS1_V9.4.0, X-CUBE-MEMS1_V9.6.0, X-CUBE-NFC4_V3.0.0, X-CUBE-NFC7_V1.0.1, X-CUBE-SFXS2LP1_V4.0.0, X-CUBE-SUBG2_V5.0.0, X-CUBE-TOF1_V3.4.0]
2024-02-06 23:16:26,589 [INFO] DbBoardsSqlite:226 - include board P-NUCLEO-WB55-NUCLEO as a kit item of type 'Nucleo-64'
2024-02-06 23:16:26,589 [INFO] DbBoardsSqlite:226 - include board P-NUCLEO-WB55-USBDONGLE as a kit item of type 'Nucleo USB Dongle'
2024-02-06 23:16:26,592 [INFO] DbBoardsSqlite:226 - include board STEVAL-IDP005V1 as a kit item of type 'Evaluation Board'
2024-02-06 23:16:26,594 [INFO] DbBoardsSqlite:226 - include board STEVAL-IDP005V2 as a kit item of type 'Evaluation Board'
2024-02-06 23:16:27,206 [INFO] ApiDb:240 - Found 371 in-development CPN: [B-G473E-ZEST1S, B-WB1M-WPAN1, B-WL5M-SUBG1, NUCLEO-C031C6, NUCLEO-H503RB, NUCLEO-H563ZI, NUCLEO-U545RE-Q, NUCLEO-U5A5ZJ-Q, NUCLEO-WBA52CG, NUCLEO-WBA55CG, STEVAL-MKBOXPRO, STEVAL-PROTEUS1, STEVAL-STWINBX1, STM320518-EVAL, STM32C0116-DK, STM32C011D6Y3TR, STM32C011D6Y6TR, STM32C011F4P3, STM32C011F4P6, STM32C011F4U3, STM32C011F4U6TR, STM32C011F6P3, STM32C011F6P6, STM32C011F6U3, STM32C011F6U6TR, STM32C011J4M3, STM32C011J4M6, STM32C011J6M3, STM32C011J6M6, STM32C0316-DK, STM32C031C4T3, STM32C031C4T6, STM32C031C4U3, STM32C031C4U6, STM32C031C6T3, STM32C031C6T6, STM32C031C6U3, STM32C031C6U6, STM32C031F4P3, STM32C031F4P6, STM32C031F6P3, STM32C031F6P6, STM32C031G4U3, STM32C031G4U6, STM32C031G6U3, STM32C031G6U6, STM32C031K4T3, STM32C031K4T6, STM32C031K4U3, STM32C031K4U6, STM32C031K6T3, STM32C031K6T6, STM32C031K6U3, STM32C031K6U6, STM32G071K8TXN, STM32G071K8UXN, STM32G081GBU6N, STM32G081KBT6N, STM32G081KBUXN, STM32G0B1CCT6N, STM32G0B1KCT6, STM32G0B1NEY6TR, STM32G0B1RCT6N, STM32G0C1CCT6, STM32G0C1CCT6N, STM32G0C1CCU6N, STM32G0C1CET6N, STM32G0C1CEU6N, STM32G0C1KCT6, STM32G0C1NEY6TR, STM32G0C1RCI6N, STM32G0C1RCT6N, STM32G0C1REI6N, STM32G0C1RET6N, STM32G0C1VCI6, STM32G0C1VEI6, STM32G471CCT6, STM32G471CCU6, STM32G471CET3, STM32G471CET6, STM32G471CEU3, STM32G471CEU6, STM32G471MCT6, STM32G471MET3, STM32G471MET6, STM32G471MEY6TR, STM32G471QCT6, STM32G471QET3, STM32G471RCT6, STM32G471RET3, STM32G471RET6, STM32G471VCH6, STM32G471VCI6, STM32G471VCT6, STM32G471VEH3, STM32G471VEH6, STM32G471VEI3, STM32G471VEI6, STM32G471VET3, STM32G471VET6, STM32G474CCT6, STM32H503CBT6, STM32H503CBU6, STM32H503EBY6TR, STM32H503KBU6, STM32H503RBT6, STM32H562AGI6, STM32H562AII6, STM32H562IGK6, STM32H562IGT6, STM32H562IIK6, STM32H562IIT6, STM32H562RGT6, STM32H562RGV6, STM32H562RIT6, STM32H562RIV6, STM32H562VGT6, STM32H562VIT6, STM32H562ZGT6, STM32H562ZIT6, STM32H563AGI6, STM32H563AII3Q, STM32H563AII6, STM32H563IGK6, STM32H563IGT6, STM32H563IIK3Q, STM32H563IIK6, STM32H563IIT3Q, STM32H563IIT6, STM32H563MIY3QTR, STM32H563RGT6, STM32H563RGV6, STM32H563RIT6, STM32H563RIV6, STM32H563VGT6, STM32H563VIT3Q, STM32H563VIT6, STM32H563ZGT6, STM32H563ZIT3Q, STM32H563ZIT6, STM32H573AII3Q, STM32H573AII6, STM32H573I-DK, STM32H573IIK3Q, STM32H573IIK6, STM32H573IIT3Q, STM32H573IIT6, STM32H573MIY3QTR, STM32H573RIT6, STM32H573RIV6, STM32H573VIT3Q, STM32H573VIT6, STM32H573ZIT3Q, STM32H573ZIT6, STM32L4R5QGI6STR, STM32MP131AAE3, STM32MP131AAF3, STM32MP131AAG3, STM32MP131CAE3, STM32MP131CAF3, STM32MP131CAG3, STM32MP131DAE7, STM32MP131DAF7, STM32MP131DAG7, STM32MP131FAE7, STM32MP131FAF7, STM32MP131FAG7, STM32MP133AAE3, STM32MP133AAF3, STM32MP133AAG3, STM32MP133CAE3, STM32MP133CAF3, STM32MP133CAG3, STM32MP133DAE7, STM32MP133DAF7, STM32MP133DAG7, STM32MP133FAE7, STM32MP133FAF7, STM32MP133FAG7, STM32MP135AAE3, STM32MP135AAF3, STM32MP135AAG3, STM32MP135CAE3, STM32MP135CAF3, STM32MP135CAG3, STM32MP135DAE7, STM32MP135DAF7, STM32MP135DAG7, STM32MP135F-DK, STM32MP135FAE7, STM32MP135FAF7, STM32MP135FAF7T, STM32MP135FAF7U, STM32MP135FAG7, STM32U535CBT6, STM32U535CBT6Q, STM32U535CBU6, STM32U535CBU6Q, STM32U535CCT6, STM32U535CCT6Q, STM32U535CCU6, STM32U535CCU6Q, STM32U535CET6, STM32U535CET6Q, STM32U535CEU6, STM32U535CEU6Q, STM32U535JEY6QTR, STM32U535NCY6QTR, STM32U535NEY6QTR, STM32U535RBI6, STM32U535RBI6Q, STM32U535RBT6, STM32U535RBT6Q, STM32U535RCI6, STM32U535RCI6Q, STM32U535RCT6, STM32U535RCT6Q, STM32U535REI6, STM32U535REI6Q, STM32U535RET6, STM32U535RET6Q, STM32U535VCI6, STM32U535VCI6Q, STM32U535VCT6, STM32U535VCT6Q, STM32U535VEI6, STM32U535VEI6Q, STM32U535VET6, STM32U535VET6Q, STM32U545CET6, STM32U545CET6Q, STM32U545CEU6, STM32U545CEU6Q, STM32U545JEY6QTR, STM32U545NEY6QTR, STM32U545REI6, STM32U545REI6Q, STM32U545RET6, STM32U545RET6Q, STM32U545VEI6, STM32U545VEI6Q, STM32U545VET6, STM32U545VET6Q, STM32U595AIH6, STM32U595AIH6Q, STM32U595AJH6, STM32U595AJH6Q, STM32U595QII6, STM32U595QII6Q, STM32U595QJI6, STM32U595QJI6Q, STM32U595RIT6, STM32U595RIT6Q, STM32U595RJT6, STM32U595RJT6Q, STM32U595VIT6, STM32U595VIT6Q, STM32U595VJT6, STM32U595VJT6Q, STM32U595ZIT6, STM32U595ZIT6Q, STM32U595ZIY6QTR, STM32U595ZJT6, STM32U595ZJT6Q, STM32U595ZJY6QTR, STM32U599BJY6QTR, STM32U599NIH6Q, STM32U599NJH6Q, STM32U599VIT6Q, STM32U599VJT6, STM32U599VJT6Q, STM32U599ZIT6Q, STM32U599ZIY6QTR, STM32U599ZJT6Q, STM32U599ZJY6QTR, STM32U5A5AJH6, STM32U5A5AJH6Q, STM32U5A5QJI6, STM32U5A5QJI6Q, STM32U5A5RJT6, STM32U5A5RJT6Q, STM32U5A5VJT6, STM32U5A5VJT6Q, STM32U5A5ZJT6, STM32U5A5ZJT6Q, STM32U5A5ZJY6QTR, STM32U5A9BJY6QTR, STM32U5A9J-DK, STM32U5A9NJH6Q, STM32U5A9VJT6Q, STM32U5A9ZJT6Q, STM32U5A9ZJY6QTR, STM32U5F7VIT6, STM32U5F7VIT6Q, STM32U5F7VJT6, STM32U5F7VJT6Q, STM32U5F9BJY6QTR, STM32U5F9NJH6Q, STM32U5F9VIT6Q, STM32U5F9VJT6Q, STM32U5F9ZIJ6QTR, STM32U5F9ZIT6Q, STM32U5F9ZJJ6QTR, STM32U5F9ZJT6Q, STM32U5G7VJT6, STM32U5G7VJT6Q, STM32U5G9BJY6QTR, STM32U5G9J-DK1, STM32U5G9J-DK2, STM32U5G9NJH6Q, STM32U5G9VJT6Q, STM32U5G9ZJJ6QTR, STM32U5G9ZJT6Q, STM32WB1MMCH6, STM32WBA50KEU6, STM32WBA50KEU6TR, STM32WBA50KGU6, STM32WBA50KGU6TR, STM32WBA52CEU6, STM32WBA52CEU6TR, STM32WBA52CEU7, STM32WBA52CEU7TR, STM32WBA52CGU6, STM32WBA52CGU6TR, STM32WBA52CGU6U, STM32WBA52CGU7, STM32WBA52CGU7TR, STM32WBA52KEU6, STM32WBA52KEU6TR, STM32WBA52KGU6, STM32WBA52KGU6TR, STM32WBA54CEU6, STM32WBA54CEU6TR, STM32WBA54CEU7, STM32WBA54CEU7TR, STM32WBA54CGU6, STM32WBA54CGU6TR, STM32WBA54CGU7, STM32WBA54CGU7TR, STM32WBA54KEU6, STM32WBA54KEU6TR, STM32WBA54KEU7, STM32WBA54KEU7TR, STM32WBA54KGU6, STM32WBA54KGU6TR, STM32WBA54KGU7, STM32WBA54KGU7TR, STM32WBA55CEU6, STM32WBA55CEU6TR, STM32WBA55CEU7, STM32WBA55CEU7TR, STM32WBA55CGU6, STM32WBA55CGU6TR, STM32WBA55CGU6U, STM32WBA55CGU7, STM32WBA55CGU7TR, STM32WBA55G-DK1, STM32WBA55HEF6, STM32WBA55HEF7, STM32WBA55HGF6, STM32WBA55HGF7, STM32WBA55UEI6, STM32WBA55UEI6TR, STM32WBA55UEI7, STM32WBA55UEI7TR, STM32WBA55UGI6, STM32WBA55UGI6TR, STM32WBA55UGI7, STM32WBA55UGI7TR, STM32WL5MOCH6, STM32WL5MOCH6TR]
2024-02-06 23:16:27,431 [INFO] BoardInfo:889 - No configuration file found for board P-NUCLEO-WB55
2024-02-06 23:16:27,432 [INFO] DbBoards:161 - Kit is not supported: P-NUCLEO-WB55
2024-02-06 23:16:27,441 [INFO] BoardInfo:889 - No configuration file found for board STEVAL-BFA001V1B
2024-02-06 23:16:27,442 [INFO] DbBoards:161 - Kit is not supported: STEVAL-BFA001V1B
2024-02-06 23:16:27,444 [INFO] BoardInfo:889 - No configuration file found for board STEVAL-BFA001V2B
2024-02-06 23:16:27,444 [INFO] DbBoards:161 - Kit is not supported: STEVAL-BFA001V2B
2024-02-06 23:16:27,670 [INFO] DbBoards:168 - Found 193 boards, 190 are supported
2024-02-06 23:16:27,670 [INFO] DbBoards:169 - Found 193 boards, 3 of them is supported for  Bsp
2024-02-06 23:16:27,676 [INFO] ApiDb:414 - User favorites file not found: /Users/hectortamayo/.stm32cubeide/favorites.boards.txt
2024-02-06 23:16:27,676 [INFO] DbBoards:198 - Set 0 / 0 favorites Boards
2024-02-06 23:16:27,677 [INFO] McuFinderGlobals:76 - Set McuFinderConnectedMode to true
2024-02-06 23:16:27,703 [INFO] MultiScanPanel:200 - Auto-refresh data requested => check proxy status ongoing
2024-02-06 23:16:27,712 [INFO] FinderPluginLoader:95 - Searching for filters in installed packs
2024-02-06 23:16:29,769 [INFO] LoadUrlFilesThread:185 - End of LoadServerUrlFiles without Thread
2024-02-06 23:16:29,888 [INFO] DetailPanel:341 - Set advertising image to /Users/hectortamayo/STM32Cube/Repository//en.prom-stm32wl3-mcu-finder.jpg
2024-02-06 23:16:58,218 [INFO] MainUpdater:2873 - connection check result : 10
2024-02-06 23:16:58,243 [INFO] MainUpdater:2873 - connection check result : 10
2024-02-06 23:16:58,567 [INFO] MicroXplorer:468 - Change Database Path : 
2024-02-06 23:16:58,567 [INFO] MicroXplorer:498 - Change Database Version : DB.6.0.100
2024-02-06 23:16:58,584 [ERROR] ProjectManagerView:394 - 
java.lang.NullPointerException: Cannot invoke "javax.swing.JTextField.getText()" because the return value of "java.util.List.get(int)" is null
	at com.st.microxplorer.plugins.projectmanager.gui.ProjectChoiceTab$10.caretUpdate(ProjectChoiceTab.java:2493) ~[filemanager.jar:?]
	at javax.swing.text.JTextComponent.fireCaretUpdate(JTextComponent.java:412) ~[?:?]
	at javax.swing.text.JTextComponent$MutableCaretEvent.fire(JTextComponent.java:4491) ~[?:?]
	at javax.swing.text.JTextComponent$MutableCaretEvent.stateChanged(JTextComponent.java:4513) ~[?:?]
	at javax.swing.text.DefaultCaret.fireStateChanged(DefaultCaret.java:842) ~[?:?]
	at javax.swing.text.DefaultCaret.changeCaretPosition(DefaultCaret.java:1313) ~[?:?]
	at javax.swing.text.DefaultCaret.handleSetDot(DefaultCaret.java:1212) ~[?:?]
	at javax.swing.text.DefaultCaret.setDot(DefaultCaret.java:1193) ~[?:?]
	at javax.swing.text.DefaultCaret$Handler.insertUpdate(DefaultCaret.java:1789) ~[?:?]
	at javax.swing.text.AbstractDocument.fireInsertUpdate(AbstractDocument.java:226) ~[?:?]
	at javax.swing.text.AbstractDocument.handleInsertString(AbstractDocument.java:780) ~[?:?]
	at javax.swing.text.AbstractDocument.insertString(AbstractDocument.java:739) ~[?:?]
	at javax.swing.text.PlainDocument.insertString(PlainDocument.java:131) ~[?:?]
	at javax.swing.text.AbstractDocument.replace(AbstractDocument.java:698) ~[?:?]
	at javax.swing.text.JTextComponent.setText(JTextComponent.java:1729) ~[?:?]
	at com.st.microxplorer.plugins.projectmanager.gui.ProjectChoiceTab.createHeapStackFields(ProjectChoiceTab.java:933) ~[filemanager.jar:?]
	at com.st.microxplorer.plugins.projectmanager.gui.ProjectChoiceTab.buildLinkSettingsPanel(ProjectChoiceTab.java:3426) ~[filemanager.jar:?]
	at com.st.microxplorer.plugins.projectmanager.gui.ProjectChoiceTab.defineWindowsFields(ProjectChoiceTab.java:1813) ~[filemanager.jar:?]
	at com.st.microxplorer.plugins.projectmanager.gui.ProjectChoiceTab.updateSettings(ProjectChoiceTab.java:533) ~[filemanager.jar:?]
	at com.st.microxplorer.plugins.projectmanager.gui.ProjectSettingsPanel.UpdateDialog(ProjectSettingsPanel.java:244) ~[filemanager.jar:?]
	at com.st.microxplorer.plugins.projectmanager.ProjectManagerView.propertyChange(ProjectManagerView.java:391) ~[filemanager.jar:?]
	at java.beans.PropertyChangeSupport.fire(PropertyChangeSupport.java:343) ~[?:?]
	at java.beans.PropertyChangeSupport.firePropertyChange(PropertyChangeSupport.java:335) ~[?:?]
	at java.beans.PropertyChangeSupport.firePropertyChange(PropertyChangeSupport.java:268) ~[?:?]
	at com.st.microxplorer.util.MXPropertyChangeSupport.firePropertyChange(MXPropertyChangeSupport.java:54) ~[STM32CubeMX.jar:?]
	at com.st.microxplorer.mxsystem.MxSystem.closeConfig(MxSystem.java:900) ~[STM32CubeMX.jar:?]
	at com.st.microxplorer.maingui.MainPanel.closeConfig(MainPanel.java:776) ~[STM32CubeMX.jar:?]
	at com.st.microxplorer.plugins.filemanager.engine.OpenFileManager.loadConfigurationFile(OpenFileManager.java:245) ~[filemanager.jar:?]
	at com.st.microxplorer.plugins.filemanager.engine.MainFileManager.userLoadConfig(MainFileManager.java:290) ~[filemanager.jar:?]
	at com.st.microxplorer.plugins.filemanager.FileManagerView.getSpecificTask(FileManagerView.java:247) ~[filemanager.jar:?]
	at com.st.stm32cube.common.mx.editor.CubeMxEditor.getMxTabbedPaneInstance(CubeMxEditor.java:1184) ~[com.st.stm32cube.common.mx_6.10.0.202311202037/:?]
	at com.st.stm32cube.common.mx.editor.CubeMxEditor$12$1.createSwingComponent(CubeMxEditor.java:1065) ~[com.st.stm32cube.common.mx_6.10.0.202311202037/:?]
	at com.st.stm32cube.common.mx.oss.core.awtswtbridge.EmbeddedSwingComposite.doComponentCreation(EmbeddedSwingComposite.java:492) ~[com.st.stm32cube.common.mx.oss_6.10.0.202311202037/:?]
	at com.st.stm32cube.common.mx.oss.core.awtswtbridge.EmbeddedSwingComposite$4.run(EmbeddedSwingComposite.java:291) ~[com.st.stm32cube.common.mx.oss_6.10.0.202311202037/:?]
	at com.st.stm32cube.common.mx.oss.core.awtswtbridge.AwtEnvironment$2.run(AwtEnvironment.java:166) ~[com.st.stm32cube.common.mx.oss_6.10.0.202311202037/:?]
	at java.awt.event.InvocationEvent.dispatch(InvocationEvent.java:318) ~[?:?]
	at java.awt.EventQueue.dispatchEventImpl(EventQueue.java:773) ~[?:?]
	at java.awt.EventQueue$4.run(EventQueue.java:720) ~[?:?]
	at java.awt.EventQueue$4.run(EventQueue.java:714) ~[?:?]
	at java.security.AccessController.doPrivileged(AccessController.java:399) ~[?:?]
	at java.security.ProtectionDomain$JavaSecurityAccessImpl.doIntersectionPrivilege(ProtectionDomain.java:86) ~[?:?]
	at java.awt.EventQueue.dispatchEvent(EventQueue.java:742) ~[?:?]
	at java.awt.EventDispatchThread.pumpOneEventForFilters(EventDispatchThread.java:203) ~[?:?]
	at java.awt.EventDispatchThread.pumpEventsForFilter(EventDispatchThread.java:124) ~[?:?]
	at java.awt.EventDispatchThread.pumpEventsForHierarchy(EventDispatchThread.java:113) ~[?:?]
	at java.awt.EventDispatchThread.pumpEvents(EventDispatchThread.java:109) ~[?:?]
	at java.awt.EventDispatchThread.pumpEvents(EventDispatchThread.java:101) ~[?:?]
	at java.awt.EventDispatchThread.run(EventDispatchThread.java:90) ~[?:?]
2024-02-06 23:16:58,603 [WARN] ThirdParty:871 - waiting for thirdparty lock release [close project]
2024-02-06 23:16:58,603 [INFO] ThirdParty:873 - entering critical section [close project]
2024-02-06 23:16:58,603 [INFO] ThirdParty:883 - exiting critical section [close project]
2024-02-06 23:16:58,606 [INFO] PinOutPanel:1499 - setPackage(No Configuration,No Configuration)
2024-02-06 23:16:58,619 [INFO] UtilMem:75 - Begin LoadConfig() Used Memory: 684596776 Bytes (1073741824)
2024-02-06 23:16:58,619 [INFO] MicroXplorer:468 - Change Database Path : 
2024-02-06 23:16:58,620 [INFO] MicroXplorer:498 - Change Database Version : DB.6.0.100
2024-02-06 23:16:58,620 [INFO] OpenFileManager:312 - Change cursor
2024-02-06 23:16:58,687 [INFO] Mcu:2016 - Initializing MCU STM32F103C8Tx STM32F103C8Tx STM32F103C8T6
2024-02-06 23:16:59,453 [INFO] Context:659 - Trying to add GPIOservice into a context  which must be forbidden
2024-02-06 23:16:59,680 [INFO] ImportTextPane:194 - (OptionalMessage_ERROR) Unable to find key (Mcu.ThirdPartyNb) in loaded IOC file
2024-02-06 23:16:59,681 [INFO] ImportTextPane:194 - (OptionalMessage_ERROR) Unable to find key (Mcu.PinsNb) in loaded IOC file
2024-02-06 23:16:59,682 [INFO] ImportTextPane:194 - (OptionalMessage_ERROR) Unable to find key (Mcu.IPNb) in loaded IOC file
2024-02-06 23:16:59,709 [INFO] RtosManager:555 - Registered RTOS mode: class=CMSIS, group=RTOS, mode=CMSIS_V1, owner=FREERTOS
2024-02-06 23:16:59,709 [INFO] RtosManager:555 - Registered RTOS mode: class=CMSIS, group=RTOS2, mode=CMSIS_V2, owner=FREERTOS
2024-02-06 23:16:59,709 [INFO] RtosManager:555 - Registered RTOS mode: class=RTOS, group=Core, mode=CMSIS_V1, owner=FREERTOS
2024-02-06 23:16:59,710 [INFO] RtosManager:555 - Registered RTOS mode: class=RTOS, group=Core, mode=CMSIS_V2, owner=FREERTOS
2024-02-06 23:16:59,710 [WARN] ModelIntegratedComponent:184 - Missing modes for component STMicroelectronics:FreeRTOS:0.0.1:STMicroelectronics:RTOS:FreeRTOS:Core:::10.2.0:
2024-02-06 23:16:59,725 [WARN] ModelIntegratedComponent:63 - No mode defined for component null
2024-02-06 23:16:59,725 [WARN] ModelIntegratedComponent:63 - No mode defined for component null
2024-02-06 23:16:59,725 [WARN] ModelIntegratedComponent:63 - No mode defined for component null
2024-02-06 23:16:59,726 [WARN] ModelIntegratedComponent:63 - No mode defined for component null
2024-02-06 23:16:59,726 [WARN] ModelIntegratedComponent:63 - No mode defined for component null
2024-02-06 23:16:59,726 [WARN] ModelIntegratedComponent:63 - No mode defined for component null
2024-02-06 23:16:59,726 [WARN] ModelIntegratedComponent:63 - No mode defined for component null
2024-02-06 23:16:59,726 [WARN] ModelIntegratedComponent:63 - No mode defined for component null
2024-02-06 23:16:59,726 [WARN] ModelIntegratedComponent:63 - No mode defined for component null
2024-02-06 23:16:59,726 [WARN] ModelIntegratedComponent:63 - No mode defined for component null
2024-02-06 23:16:59,726 [WARN] ModelIntegratedComponent:63 - No mode defined for component null
2024-02-06 23:16:59,726 [WARN] ModelIntegratedComponent:63 - No mode defined for component null
2024-02-06 23:16:59,726 [WARN] ModelIntegratedComponent:63 - No mode defined for component null
2024-02-06 23:16:59,726 [WARN] ModelIntegratedComponent:63 - No mode defined for component null
2024-02-06 23:16:59,726 [WARN] ModelIntegratedComponent:63 - No mode defined for component null
2024-02-06 23:16:59,726 [WARN] ModelIntegratedComponent:63 - No mode defined for component null
2024-02-06 23:16:59,726 [WARN] ModelIntegratedComponent:63 - No mode defined for component null
2024-02-06 23:16:59,726 [WARN] ModelIntegratedComponent:63 - No mode defined for component null
2024-02-06 23:16:59,727 [WARN] ModelIntegratedComponent:63 - No mode defined for component null
2024-02-06 23:16:59,727 [WARN] ModelIntegratedComponent:63 - No mode defined for component null
2024-02-06 23:16:59,727 [WARN] ModelIntegratedComponent:63 - No mode defined for component null
2024-02-06 23:16:59,727 [WARN] ModelIntegratedComponent:63 - No mode defined for component null
2024-02-06 23:16:59,727 [WARN] ModelIntegratedComponent:63 - No mode defined for component null
2024-02-06 23:16:59,727 [WARN] ModelIntegratedComponent:63 - No mode defined for component null
2024-02-06 23:16:59,727 [WARN] ModelIntegratedComponent:63 - No mode defined for component null
2024-02-06 23:16:59,727 [WARN] ModelIntegratedComponent:63 - No mode defined for component null
2024-02-06 23:16:59,727 [WARN] ModelIntegratedComponent:63 - No mode defined for component null
2024-02-06 23:16:59,727 [WARN] ModelIntegratedComponent:63 - No mode defined for component null
2024-02-06 23:16:59,727 [WARN] ModelIntegratedComponent:63 - No mode defined for component null
2024-02-06 23:16:59,727 [WARN] ModelIntegratedComponent:63 - No mode defined for component null
2024-02-06 23:16:59,727 [WARN] ModelIntegratedComponent:63 - No mode defined for component null
2024-02-06 23:16:59,728 [WARN] ModelIntegratedComponent:63 - No mode defined for component null
2024-02-06 23:16:59,728 [WARN] ModelIntegratedComponent:63 - No mode defined for component null
2024-02-06 23:16:59,912 [INFO] ThirdPartyModel:298 - Start build external matchings
2024-02-06 23:17:00,611 [INFO] ThirdPartyModel:316 - End build external matchings
2024-02-06 23:17:00,852 [INFO] UtilMem:75 - End LoadConfig() Used Memory: 841590776 Bytes (1073741824)
2024-02-06 23:17:00,887 [INFO] MicroXplorer:468 - Change Database Path : 
2024-02-06 23:17:00,887 [INFO] MicroXplorer:498 - Change Database Version : DB.6.0.100
2024-02-06 23:17:00,888 [WARN] ThirdParty:833 - waiting for thirdparty lock release [change project]
2024-02-06 23:17:00,888 [INFO] ThirdParty:835 - entering critical section [change project]
2024-02-06 23:17:00,888 [INFO] ThirdParty:1030 - CMSIS Pack Vendor :STMicroelectronics USBPD 4.1
2024-02-06 23:17:00,889 [INFO] ThirdParty:1030 - CMSIS Pack Vendor :STMicroelectronics X-CUBE-GNSS1 6.0.0
2024-02-06 23:17:00,889 [INFO] ThirdParty:1030 - CMSIS Pack Vendor :STMicroelectronics USB_HOST 2.0.0
2024-02-06 23:17:00,892 [INFO] ThirdParty:1030 - CMSIS Pack Vendor :STMicroelectronics X-CUBE-AZRTOS-F4 1.1.0
2024-02-06 23:17:00,892 [INFO] ThirdParty:1030 - CMSIS Pack Vendor :STMicroelectronics LIBJPEG 8.0.0
2024-02-06 23:17:00,892 [INFO] ThirdParty:1030 - CMSIS Pack Vendor :wolfSSL I-CUBE-wolfSSL 5.6.4
2024-02-06 23:17:00,893 [INFO] ThirdParty:1030 - CMSIS Pack Vendor :STMicroelectronics X-CUBE-SMBUS 2.1.0
2024-02-06 23:17:00,893 [INFO] ThirdParty:1030 - CMSIS Pack Vendor :STMicroelectronics USB_DEVICE 3.0.0
2024-02-06 23:17:00,895 [INFO] ThirdParty:1030 - CMSIS Pack Vendor :STMicroelectronics X-CUBE-AZRTOS-WB 2.0.0
2024-02-06 23:17:00,895 [INFO] ThirdParty:1030 - CMSIS Pack Vendor :STMicroelectronics X-CUBE-TOUCHGFX 4.23.0
2024-02-06 23:17:00,895 [INFO] ThirdParty:1030 - CMSIS Pack Vendor :STMicroelectronics X-CUBE-AZRTOS-F7 1.1.0
2024-02-06 23:17:00,895 [INFO] ThirdParty:1030 - CMSIS Pack Vendor :STMicroelectronics X-CUBE-AZRTOS-L5 2.0.0
2024-02-06 23:17:00,895 [INFO] ThirdParty:1030 - CMSIS Pack Vendor :STMicroelectronics USB_DEVICE 2.0.0
2024-02-06 23:17:00,895 [INFO] ThirdParty:1030 - CMSIS Pack Vendor :STMicroelectronics X-CUBE-EEPRMA1 4.2.0
2024-02-06 23:17:00,895 [INFO] ThirdParty:1030 - CMSIS Pack Vendor :ITTIA_DB I-CUBE-ITTIADB 8.8.0
2024-02-06 23:17:00,895 [INFO] ThirdParty:1030 - CMSIS Pack Vendor :STMicroelectronics FP-SNS-MOTENV1 4.3.2
2024-02-06 23:17:00,895 [INFO] ThirdParty:1030 - CMSIS Pack Vendor :STMicroelectronics X-CUBE-ALGOBUILD 1.3.0
2024-02-06 23:17:00,895 [INFO] ThirdParty:1030 - CMSIS Pack Vendor :STMicroelectronics FreeRTOS 0.0.1
2024-02-06 23:17:00,895 [INFO] ThirdParty:1030 - CMSIS Pack Vendor :STMicroelectronics X-CUBE-AZRTOS-G0 1.1.0
2024-02-06 23:17:00,896 [INFO] ThirdParty:1030 - CMSIS Pack Vendor :STMicroelectronics X-CUBE-NFC4 3.0.0
2024-02-06 23:17:00,896 [INFO] ThirdParty:1030 - CMSIS Pack Vendor :STMicroelectronics X-CUBE-SUBG2 5.0.0
2024-02-06 23:17:00,896 [INFO] ThirdParty:1030 - CMSIS Pack Vendor :STMicroelectronics STM32_WPAN 1.0.0
2024-02-06 23:17:00,896 [INFO] ThirdParty:1030 - CMSIS Pack Vendor :STMicroelectronics lwIP 2.0.3
2024-02-06 23:17:00,896 [INFO] ThirdParty:1030 - CMSIS Pack Vendor :STMicroelectronics FP-SNS-FLIGHT1 5.0.2
2024-02-06 23:17:00,896 [INFO] ThirdParty:1030 - CMSIS Pack Vendor :STMicroelectronics USB_HOST 1.0.0
2024-02-06 23:17:00,896 [INFO] ThirdParty:1030 - CMSIS Pack Vendor :STMicroelectronics X-CUBE-AZRTOS-G4 2.0.0
2024-02-06 23:17:00,896 [INFO] ThirdParty:1030 - CMSIS Pack Vendor :STMicroelectronics PDM2PCM 3.1.0
2024-02-06 23:17:00,896 [INFO] ThirdParty:1030 - CMSIS Pack Vendor :Infineon AIROC-Wi-Fi-Bluetooth-STM32 1.5.1
2024-02-06 23:17:00,896 [INFO] ThirdParty:1030 - CMSIS Pack Vendor :STMicroelectronics X-CUBE-BLEMGR 3.0.0
2024-02-06 23:17:00,896 [INFO] ThirdParty:1030 - CMSIS Pack Vendor :STMicroelectronics PDM2PCM 3.3.0
2024-02-06 23:17:00,896 [INFO] ThirdParty:1030 - CMSIS Pack Vendor :STMicroelectronics X-CUBE-DISPLAY 3.0.0
2024-02-06 23:17:00,896 [INFO] ThirdParty:1030 - CMSIS Pack Vendor :STMicroelectronics FP-SNS-MOTENVWB1 1.3.1
2024-02-06 23:17:00,896 [INFO] ThirdParty:1030 - CMSIS Pack Vendor :STMicroelectronics X-CUBE-BLE1 7.0.0
2024-02-06 23:17:00,896 [INFO] ThirdParty:1030 - CMSIS Pack Vendor :STMicroelectronics FP-ATR-SIGFOX1 3.2.0
2024-02-06 23:17:00,897 [INFO] ThirdParty:1030 - CMSIS Pack Vendor :STMicroelectronics X-CUBE-ISPU 2.0.0
2024-02-06 23:17:00,897 [INFO] ThirdParty:1030 - CMSIS Pack Vendor :STMicroelectronics X-CUBE-EEPRMA1 5.1.0
2024-02-06 23:17:00,897 [INFO] ThirdParty:1030 - CMSIS Pack Vendor :STMicroelectronics HAL Drivers 0.0.0
2024-02-06 23:17:00,897 [INFO] ThirdParty:1030 - CMSIS Pack Vendor :STMicroelectronics MBEDTLS 2.16.2
2024-02-06 23:17:00,897 [INFO] ThirdParty:1030 - CMSIS Pack Vendor :emotas I-CUBE-CANOPEN 1.3.0
2024-02-06 23:17:00,897 [INFO] ThirdParty:1030 - CMSIS Pack Vendor :STMicroelectronics X-CUBE-MEMS1 10.0.0
2024-02-06 23:17:00,897 [INFO] ThirdParty:1030 - CMSIS Pack Vendor :STMicroelectronics X-CUBE-FREERTOS 1.1.0
2024-02-06 23:17:00,897 [INFO] ThirdParty:1030 - CMSIS Pack Vendor :STMicroelectronics X-CUBE-NFC7 1.0.1
2024-02-06 23:17:00,898 [INFO] ThirdParty:1030 - CMSIS Pack Vendor :STMicroelectronics MBEDTLS 2.14.1
2024-02-06 23:17:00,898 [INFO] ThirdParty:1030 - CMSIS Pack Vendor :STMicroelectronics X-CUBE-NFC6 3.0.0
2024-02-06 23:17:00,899 [INFO] ThirdParty:1030 - CMSIS Pack Vendor :portGmbH I-Cube-SoM-uGOAL 1.1.0
2024-02-06 23:17:00,907 [INFO] ThirdParty:1030 - CMSIS Pack Vendor :STMicroelectronics X-CUBE-ALS 1.0.1
2024-02-06 23:17:00,907 [INFO] ThirdParty:1030 - CMSIS Pack Vendor :STMicroelectronics ThreadX 1.0.0
2024-02-06 23:17:00,908 [INFO] ThirdParty:1030 - CMSIS Pack Vendor :STMicroelectronics FP-SNS-SMARTAG2 1.2.0
2024-02-06 23:17:00,908 [INFO] ThirdParty:1030 - CMSIS Pack Vendor :STMicroelectronics X-CUBE-AZRTOS-WL 2.0.0
2024-02-06 23:17:00,909 [INFO] ThirdParty:1030 - CMSIS Pack Vendor :SEGGER I-CUBE-embOS 1.3.1
2024-02-06 23:17:00,909 [INFO] ThirdParty:1030 - CMSIS Pack Vendor :STMicroelectronics USB_DEVICE 1.0.0
2024-02-06 23:17:00,909 [INFO] ThirdParty:1030 - CMSIS Pack Vendor :STMicroelectronics X-CUBE-AI 8.1.0
2024-02-06 23:17:00,912 [INFO] ThirdParty:1030 - CMSIS Pack Vendor :STMicroelectronics X-CUBE-AZRTOS-L4 2.0.0
2024-02-06 23:17:00,912 [INFO] ThirdParty:1030 - CMSIS Pack Vendor :STMicroelectronics ThreadX 0.0.2
2024-02-06 23:17:00,912 [INFO] ThirdParty:1030 - CMSIS Pack Vendor :WES I-CUBE-Cesium 1.3.0
2024-02-06 23:17:00,912 [INFO] ThirdParty:1030 - CMSIS Pack Vendor :STMicroelectronics FP-ATR-ASTRA1 2.0.0
2024-02-06 23:17:00,912 [INFO] ThirdParty:1030 - CMSIS Pack Vendor :STMicroelectronics lwIP 2.1.2
2024-02-06 23:17:00,912 [INFO] ThirdParty:1030 - CMSIS Pack Vendor :STMicroelectronics X-CUBE-SFXS2LP1 4.0.0
2024-02-06 23:17:00,912 [INFO] ThirdParty:1030 - CMSIS Pack Vendor :STMicroelectronics X-CUBE-BLE2 3.3.0
2024-02-06 23:17:00,912 [INFO] ThirdParty:1030 - CMSIS Pack Vendor :STMicroelectronics X-CUBE-TOF1 3.4.0
2024-02-06 23:17:00,912 [INFO] ThirdParty:1030 - CMSIS Pack Vendor :STMicroelectronics X-CUBE-AZRTOS-H7 3.2.0
2024-02-06 23:17:00,913 [INFO] ThirdParty:1030 - CMSIS Pack Vendor :STMicroelectronics PDM2PCM 3.2.0
2024-02-06 23:17:00,913 [INFO] ThirdParty:841 - exiting critical section [change project]
2024-02-06 23:17:01,243 [INFO] PinOutPanel:1499 - setPackage(No Configuration,No Configuration)
2024-02-06 23:17:01,244 [INFO] PinOutPanel:1499 - setPackage(STM32F103C8Tx,LQFP48)
2024-02-06 23:17:01,792 [INFO] UtilMem:75 - Before build in PCC Used Memory: 540090144 Bytes (1073741824)
2024-02-06 23:17:02,396 [INFO] UtilMem:75 - After build in PCC Used Memory: 584656672 Bytes (1073741824)
2024-02-06 23:17:02,438 [INFO] IPUIPlugin:80 - create IPUIPlugin
2024-02-06 23:17:02,439 [INFO] IPUIPlugin:80 - create IPUIPlugin
2024-02-06 23:17:02,440 [INFO] IPUIPlugin:80 - create IPUIPlugin
2024-02-06 23:17:02,441 [INFO] IPUIPlugin:80 - create IPUIPlugin
2024-02-06 23:17:02,441 [INFO] IPUIPlugin:80 - create IPUIPlugin
2024-02-06 23:17:02,441 [INFO] IPUIPlugin:80 - create IPUIPlugin
2024-02-06 23:17:02,441 [INFO] IPUIPlugin:80 - create IPUIPlugin
2024-02-06 23:17:02,441 [INFO] IPUIPlugin:80 - create IPUIPlugin
2024-02-06 23:17:02,442 [INFO] IPUIPlugin:80 - create IPUIPlugin
2024-02-06 23:17:02,443 [INFO] IPUIPlugin:80 - create IPUIPlugin
2024-02-06 23:17:02,443 [INFO] IPUIPlugin:80 - create IPUIPlugin
2024-02-06 23:17:02,444 [INFO] IPUIPlugin:80 - create IPUIPlugin
2024-02-06 23:17:02,444 [INFO] IPUIPlugin:80 - create IPUIPlugin
2024-02-06 23:17:02,445 [INFO] IPUIPlugin:80 - create IPUIPlugin
2024-02-06 23:17:02,445 [INFO] IPUIPlugin:80 - create IPUIPlugin
2024-02-06 23:17:02,445 [INFO] IPUIPlugin:80 - create IPUIPlugin
2024-02-06 23:17:02,446 [INFO] IPUIPlugin:80 - create IPUIPlugin
2024-02-06 23:17:02,446 [INFO] IPUIPlugin:80 - create IPUIPlugin
2024-02-06 23:17:02,446 [INFO] IPUIPlugin:80 - create IPUIPlugin
2024-02-06 23:17:02,446 [INFO] IPUIPlugin:80 - create IPUIPlugin
2024-02-06 23:17:02,447 [INFO] IPUIPlugin:80 - create IPUIPlugin
2024-02-06 23:17:02,447 [INFO] IPUIPlugin:80 - create IPUIPlugin
2024-02-06 23:17:02,448 [INFO] IPUIPlugin:80 - create IPUIPlugin
2024-02-06 23:17:02,448 [INFO] IPUIPlugin:80 - create IPUIPlugin
2024-02-06 23:17:02,449 [INFO] IPUIPlugin:80 - create IPUIPlugin
2024-02-06 23:17:02,450 [INFO] IPUIPlugin:80 - create IPUIPlugin
2024-02-06 23:17:02,450 [INFO] IPUIPlugin:80 - create IPUIPlugin
2024-02-06 23:17:02,514 [INFO] CADModel:165 - CPN selected for project levelSTM32F103C8T6
2024-02-06 23:17:02,514 [INFO] CADModel:114 - Register for checkConnection events
2024-02-06 23:17:02,581 [INFO] OpenFileManager:343 - Restore cursor
2024-02-06 23:17:03,915 [INFO] UtilMem:75 - End SaveConfig() Used Memory: 636694120 Bytes (1073741824)
2024-02-06 23:17:04,103 [INFO] UtilMem:75 - End SaveConfig() Used Memory: 648093472 Bytes (1073741824)
2024-02-06 23:17:05,884 [INFO] BlockDiagram:2759 - set Specific Code input for plugin: NVIC
2024-02-06 23:17:05,884 [INFO] BlockDiagram:2759 - set Specific Code input for plugin: RCC
2024-02-06 23:17:05,886 [INFO] CodeGenerator:807 - code generatio: config db path: /Applications/STM32CubeIDE.app/Contents/Eclipse/plugins/com.st.stm32cube.common.mx_6.10.0.202311202037//db/
2024-02-06 23:17:06,407 [INFO] CodeEngine:255 - oldGeneratedFile, /Users/hectortamayo/STM32CubeIDE/workspace_1.14.0/Timers/MXTmpFiles/license.tmp_save
2024-02-06 23:17:07,831 [INFO] CodeEngine:279 - Generated code: /Users/hectortamayo/STM32CubeIDE/workspace_1.14.0/Timers/MXTmpFiles/license.tmp
2024-02-06 23:17:07,863 [INFO] CodeEngine:255 - oldGeneratedFile, /Users/hectortamayo/STM32CubeIDE/workspace_1.14.0/Timers/Core/Src/stm32f1xx_it.c_save
2024-02-06 23:17:08,509 [INFO] CodeEngine:279 - Generated code: /Users/hectortamayo/STM32CubeIDE/workspace_1.14.0/Timers/Core/Src/stm32f1xx_it.c
2024-02-06 23:17:08,514 [INFO] CodeEngine:255 - oldGeneratedFile, /Users/hectortamayo/STM32CubeIDE/workspace_1.14.0/Timers/Core/Inc/stm32f1xx_it.h_save
2024-02-06 23:17:08,877 [INFO] CodeEngine:279 - Generated code: /Users/hectortamayo/STM32CubeIDE/workspace_1.14.0/Timers/Core/Inc/stm32f1xx_it.h
2024-02-06 23:17:09,231 [INFO] CodeEngine:255 - oldGeneratedFile, /Users/hectortamayo/STM32CubeIDE/workspace_1.14.0/Timers/Core/Src/stm32f1xx_hal_msp.c_save
2024-02-06 23:17:09,617 [INFO] CodeEngine:279 - Generated code: /Users/hectortamayo/STM32CubeIDE/workspace_1.14.0/Timers/Core/Src/stm32f1xx_hal_msp.c
2024-02-06 23:17:09,623 [INFO] CodeEngine:255 - oldGeneratedFile, /Users/hectortamayo/STM32CubeIDE/workspace_1.14.0/Timers/MXTmpFiles/system.tmp_save
2024-02-06 23:17:09,905 [INFO] CodeEngine:279 - Generated code: /Users/hectortamayo/STM32CubeIDE/workspace_1.14.0/Timers/MXTmpFiles/system.tmp
2024-02-06 23:17:09,920 [INFO] CodeEngine:311 - oldGeneratedFile, /Users/hectortamayo/STM32CubeIDE/workspace_1.14.0/Timers/Core/Inc/stm32f1xx_hal_conf.h_save
2024-02-06 23:17:10,196 [INFO] CodeEngine:335 - Generated code: /Users/hectortamayo/STM32CubeIDE/workspace_1.14.0/Timers/Core/Inc/stm32f1xx_hal_conf.h
2024-02-06 23:17:10,297 [INFO] CodeEngine:255 - oldGeneratedFile, /Users/hectortamayo/STM32CubeIDE/workspace_1.14.0/Timers/Core/Inc/main.h_save
2024-02-06 23:17:10,761 [INFO] CodeEngine:279 - Generated code: /Users/hectortamayo/STM32CubeIDE/workspace_1.14.0/Timers/Core/Inc/main.h
2024-02-06 23:17:10,767 [INFO] CodeEngine:255 - oldGeneratedFile, /Users/hectortamayo/STM32CubeIDE/workspace_1.14.0/Timers/Core/Src/main.c_save
2024-02-06 23:17:11,267 [INFO] CodeEngine:279 - Generated code: /Users/hectortamayo/STM32CubeIDE/workspace_1.14.0/Timers/Core/Src/main.c
2024-02-06 23:17:14,016 [INFO] ProjectBuilder:3076 - Time for Copy HAL[1] : 455mS.
2024-02-06 23:17:14,037 [INFO] ProjectBuilder:4485 - Project Generator version: 4.2.0-B44
2024-02-06 23:17:14,788 [INFO] ConfigFileManager:1495 - The Die is : DIE410
2024-02-06 23:17:14,864 [INFO] ApiDbMcu:508 - Load IP Config File for FATFS
2024-02-06 23:17:15,153 [INFO] ApiDbMcu:508 - Load IP Config File for FREERTOS
2024-02-06 23:17:15,463 [INFO] ApiDbMcu:508 - Load IP Config File for USB_DEVICE
2024-02-06 23:17:23,671 [INFO] LogOutputStream:77 - [STDOUT_REDIRECT] 
2024-02-06 23:17:29,699 [INFO] ProjectBuilder:4747 - Time for Generating toolchain IDE Files: 15660mS.
2024-02-06 23:17:29,702 [INFO] ProjectBuilder:2947 - Time for Copy CMSIS : 1mS.
2024-02-06 23:17:29,705 [INFO] ProjectBuilder:2947 - Time for Copy CMSIS : 0mS.
2024-02-06 23:17:30,784 [INFO] McuFinderGlobals:76 - Set McuFinderConnectedMode to true
2024-02-06 23:17:30,799 [INFO] ApiDb:448 - Save user favorites file /Users/hectortamayo/.stm32cubeide/favorites.mcus.txt: 1 item(s)
2024-02-06 23:17:30,800 [INFO] ApiDb:452 - User favorites MCUs=[STM32F103C8T6]
2024-02-06 23:20:31,984 [INFO] Gpio:277 - dependency for GPIO [RCC]
2024-02-06 23:20:47,081 [INFO] UtilMem:75 - End SaveConfig() Used Memory: 904157712 Bytes (1073741824)
2024-02-06 23:20:50,893 [INFO] UtilMem:75 - End SaveConfig() Used Memory: 580488128 Bytes (1073741824)
2024-02-06 23:20:51,123 [INFO] UtilMem:75 - End SaveConfig() Used Memory: 602414776 Bytes (1073741824)
2024-02-06 23:20:51,482 [INFO] BlockDiagram:2759 - set Specific Code input for plugin: NVIC
2024-02-06 23:20:51,482 [INFO] BlockDiagram:2759 - set Specific Code input for plugin: SYS
2024-02-06 23:20:51,482 [INFO] BlockDiagram:2759 - set Specific Code input for plugin: GPIO
2024-02-06 23:20:51,483 [INFO] BlockDiagram:2759 - set Specific Code input for plugin: RCC
2024-02-06 23:20:51,483 [INFO] CodeGenerator:807 - code generatio: config db path: /Applications/STM32CubeIDE.app/Contents/Eclipse/plugins/com.st.stm32cube.common.mx_6.10.0.202311202037//db/
2024-02-06 23:20:51,692 [INFO] CodeEngine:255 - oldGeneratedFile, /Users/hectortamayo/STM32CubeIDE/workspace_1.14.0/Timers/MXTmpFiles/license.tmp_save
2024-02-06 23:20:51,842 [INFO] CodeEngine:279 - Generated code: /Users/hectortamayo/STM32CubeIDE/workspace_1.14.0/Timers/MXTmpFiles/license.tmp
2024-02-06 23:20:51,928 [INFO] CodeEngine:255 - oldGeneratedFile, /Users/hectortamayo/STM32CubeIDE/workspace_1.14.0/Timers/Core/Src/gpio.c_save
2024-02-06 23:20:52,143 [INFO] CodeEngine:279 - Generated code: /Users/hectortamayo/STM32CubeIDE/workspace_1.14.0/Timers/Core/Src/gpio.c
2024-02-06 23:20:52,147 [INFO] CodeEngine:255 - oldGeneratedFile, /Users/hectortamayo/STM32CubeIDE/workspace_1.14.0/Timers/Core/Inc/gpio.h_save
2024-02-06 23:20:52,308 [INFO] CodeEngine:279 - Generated code: /Users/hectortamayo/STM32CubeIDE/workspace_1.14.0/Timers/Core/Inc/gpio.h
2024-02-06 23:20:52,333 [INFO] CodeEngine:255 - oldGeneratedFile, /Users/hectortamayo/STM32CubeIDE/workspace_1.14.0/Timers/Core/Src/stm32f1xx_it.c_save
2024-02-06 23:20:52,491 [INFO] CodeEngine:279 - Generated code: /Users/hectortamayo/STM32CubeIDE/workspace_1.14.0/Timers/Core/Src/stm32f1xx_it.c
2024-02-06 23:20:52,497 [INFO] CodeEngine:255 - oldGeneratedFile, /Users/hectortamayo/STM32CubeIDE/workspace_1.14.0/Timers/Core/Inc/stm32f1xx_it.h_save
2024-02-06 23:20:52,688 [INFO] CodeEngine:279 - Generated code: /Users/hectortamayo/STM32CubeIDE/workspace_1.14.0/Timers/Core/Inc/stm32f1xx_it.h
2024-02-06 23:20:52,699 [INFO] CodeEngine:255 - oldGeneratedFile, /Users/hectortamayo/STM32CubeIDE/workspace_1.14.0/Timers/Core/Src/stm32f1xx_hal_msp.c_save
2024-02-06 23:20:52,946 [INFO] CodeEngine:279 - Generated code: /Users/hectortamayo/STM32CubeIDE/workspace_1.14.0/Timers/Core/Src/stm32f1xx_hal_msp.c
2024-02-06 23:20:52,951 [INFO] CodeEngine:255 - oldGeneratedFile, /Users/hectortamayo/STM32CubeIDE/workspace_1.14.0/Timers/MXTmpFiles/system.tmp_save
2024-02-06 23:20:53,066 [INFO] CodeEngine:279 - Generated code: /Users/hectortamayo/STM32CubeIDE/workspace_1.14.0/Timers/MXTmpFiles/system.tmp
2024-02-06 23:20:53,077 [INFO] CodeEngine:311 - oldGeneratedFile, /Users/hectortamayo/STM32CubeIDE/workspace_1.14.0/Timers/Core/Inc/stm32f1xx_hal_conf.h_save
2024-02-06 23:20:53,216 [INFO] CodeEngine:335 - Generated code: /Users/hectortamayo/STM32CubeIDE/workspace_1.14.0/Timers/Core/Inc/stm32f1xx_hal_conf.h
2024-02-06 23:20:53,274 [INFO] CodeEngine:255 - oldGeneratedFile, /Users/hectortamayo/STM32CubeIDE/workspace_1.14.0/Timers/Core/Inc/main.h_save
2024-02-06 23:20:53,408 [INFO] CodeEngine:279 - Generated code: /Users/hectortamayo/STM32CubeIDE/workspace_1.14.0/Timers/Core/Inc/main.h
2024-02-06 23:20:53,413 [INFO] CodeEngine:255 - oldGeneratedFile, /Users/hectortamayo/STM32CubeIDE/workspace_1.14.0/Timers/Core/Src/main.c_save
2024-02-06 23:20:53,585 [INFO] CodeEngine:279 - Generated code: /Users/hectortamayo/STM32CubeIDE/workspace_1.14.0/Timers/Core/Src/main.c
2024-02-06 23:20:55,293 [INFO] ProjectBuilder:3076 - Time for Copy HAL[1] : 404mS.
2024-02-06 23:20:55,297 [INFO] ProjectBuilder:4485 - Project Generator version: 4.2.0-B44
2024-02-06 23:20:56,241 [INFO] ConfigFileManager:1495 - The Die is : DIE410
2024-02-06 23:21:00,158 [INFO] ProjectBuilder:4747 - Time for Generating toolchain IDE Files: 4862mS.
2024-02-06 23:21:00,159 [INFO] ProjectBuilder:2947 - Time for Copy CMSIS : 0mS.
2024-02-06 23:21:00,162 [INFO] ProjectBuilder:2947 - Time for Copy CMSIS : 0mS.
