2024-02-15 18:19:26,343 [INFO] Activator:176 - 


2024-02-15 18:19:26,354 [INFO] Activator:177 - !SESSION log4j initialized
2024-02-15 18:19:35,217 [ERROR] LogOutputStream:75 - [STDERR_REDIRECT] 
2024-02-15 18:19:40,116 [INFO] LogOutputStream:77 - [STDOUT_REDIRECT] 
2024-02-15 18:19:43,565 [INFO] LogOutputStream:77 - [STDOUT_REDIRECT] 
2024-02-15 18:19:50,941 [INFO] ApplicationProperties:184 - Using Application install path: /Applications/STM32CubeIDE.app/Contents/Eclipse/plugins/com.st.stm32cube.common.mx_6.10.0.202311202037
2024-02-15 18:19:50,985 [INFO] DbMcusXml:78 - Set database path to: /Applications/STM32CubeIDE.app/Contents/Eclipse/plugins/com.st.stm32cube.common.mx_6.10.0.202311202037//db//mcu/
2024-02-15 18:19:50,986 [INFO] ApiDb:274 - Set plugin database path to: /Applications/STM32CubeIDE.app/Contents/Eclipse/plugins/com.st.stm32cube.common.mx_6.10.0.202311202037//db//plugins/boardmanager/
2024-02-15 18:19:50,987 [WARN] ApiDb:259 - Overriding images path with different value:  => /Applications/STM32CubeIDE.app/Contents/Eclipse/plugins/com.st.stm32cube.common.mx_6.10.0.202311202037//db//plugins/mcufinder/images/
2024-02-15 18:19:51,011 [INFO] ApiDb:250 - Set database path to: /Users/hectortamayo/.stmcufinder/plugins/mcufinder//mcu/
2024-02-15 18:19:51,015 [INFO] DbMcusAds:125 - Set database path to: /Users/hectortamayo/.stmcufinder/plugins/mcufinder//mcu/
2024-02-15 18:19:51,150 [INFO] CrossReferenceDbSqlite:203 - Set database path to: /Users/hectortamayo/.stmcufinder/plugins/mcufinder//mcu/cs/
2024-02-15 18:19:51,477 [INFO] RulesReader:64 - Compatibility file has been processed (297 Rules)
2024-02-15 18:19:51,677 [INFO] DbMcusXml:78 - Set database path to: /Applications/STM32CubeIDE.app/Contents/Eclipse/plugins/com.st.stm32cube.common.mx_6.10.0.202311202037//db//mcu/
2024-02-15 18:19:51,677 [INFO] ApiDb:274 - Set plugin database path to: /Applications/STM32CubeIDE.app/Contents/Eclipse/plugins/com.st.stm32cube.common.mx_6.10.0.202311202037//db//plugins/boardmanager/
2024-02-15 18:19:51,678 [INFO] ApiDb:261 - Set plugin images path to: /Applications/STM32CubeIDE.app/Contents/Eclipse/plugins/com.st.stm32cube.common.mx_6.10.0.202311202037//db//plugins/mcufinder/images/
2024-02-15 18:19:51,678 [WARN] DbFile:41 - Overriding database path with different value: /Users/hectortamayo/.stmcufinder/plugins/mcufinder/ => /Users/hectortamayo/.stmcufinder/plugins/mcufinder
2024-02-15 18:19:51,678 [INFO] ApiDb:250 - Set database path to: /Users/hectortamayo/.stmcufinder/plugins/mcufinder//mcu/
2024-02-15 18:19:51,679 [WARN] DbFile:41 - Overriding database path with different value: /Users/hectortamayo/.stmcufinder/plugins/mcufinder/ => /Users/hectortamayo/.stmcufinder/plugins/mcufinder
2024-02-15 18:19:51,679 [INFO] DbMcusAds:125 - Set database path to: /Users/hectortamayo/.stmcufinder/plugins/mcufinder//mcu/
2024-02-15 18:19:51,679 [WARN] DbFile:41 - Overriding database path with different value: /Users/hectortamayo/.stmcufinder/plugins/mcufinder/ => /Users/hectortamayo/.stmcufinder/plugins/mcufinder
2024-02-15 18:19:51,679 [WARN] DbFile:41 - Overriding database path with different value: /Users/hectortamayo/.stmcufinder/plugins/mcufinder/ => /Users/hectortamayo/.stmcufinder/plugins/mcufinder
2024-02-15 18:19:51,679 [INFO] CrossReferenceDbSqlite:203 - Set database path to: /Users/hectortamayo/.stmcufinder/plugins/mcufinder//mcu/cs/
2024-02-15 18:19:51,867 [INFO] MainPanel:264 - HeapMemory: 594542592
2024-02-15 18:19:52,284 [INFO] DbMcusXml:78 - Set database path to: /Applications/STM32CubeIDE.app/Contents/Eclipse/plugins/com.st.stm32cube.common.mx_6.10.0.202311202037//db//mcu/
2024-02-15 18:19:52,285 [INFO] ApiDb:274 - Set plugin database path to: /Applications/STM32CubeIDE.app/Contents/Eclipse/plugins/com.st.stm32cube.common.mx_6.10.0.202311202037//db//plugins/boardmanager/
2024-02-15 18:19:52,285 [INFO] ApiDb:261 - Set plugin images path to: /Applications/STM32CubeIDE.app/Contents/Eclipse/plugins/com.st.stm32cube.common.mx_6.10.0.202311202037//db//plugins/mcufinder/images/
2024-02-15 18:19:52,287 [WARN] DbFile:41 - Overriding database path with different value: /Users/hectortamayo/.stmcufinder/plugins/mcufinder/ => /Users/hectortamayo/.stmcufinder/plugins/mcufinder
2024-02-15 18:19:52,287 [INFO] ApiDb:250 - Set database path to: /Users/hectortamayo/.stmcufinder/plugins/mcufinder//mcu/
2024-02-15 18:19:52,288 [WARN] DbFile:41 - Overriding database path with different value: /Users/hectortamayo/.stmcufinder/plugins/mcufinder/ => /Users/hectortamayo/.stmcufinder/plugins/mcufinder
2024-02-15 18:19:52,288 [INFO] DbMcusAds:125 - Set database path to: /Users/hectortamayo/.stmcufinder/plugins/mcufinder//mcu/
2024-02-15 18:19:52,288 [WARN] DbFile:41 - Overriding database path with different value: /Users/hectortamayo/.stmcufinder/plugins/mcufinder/ => /Users/hectortamayo/.stmcufinder/plugins/mcufinder
2024-02-15 18:19:52,288 [WARN] DbFile:41 - Overriding database path with different value: /Users/hectortamayo/.stmcufinder/plugins/mcufinder/ => /Users/hectortamayo/.stmcufinder/plugins/mcufinder
2024-02-15 18:19:52,289 [INFO] CrossReferenceDbSqlite:203 - Set database path to: /Users/hectortamayo/.stmcufinder/plugins/mcufinder//mcu/cs/
2024-02-15 18:19:52,335 [INFO] ApplicationProperties:184 - Using Application install path: /Applications/STM32CubeIDE.app/Contents/Eclipse/plugins/com.st.stm32cube.common.mx_6.10.0.202311202037
2024-02-15 18:19:52,338 [INFO] PluginManage:196 - Search for loadable plugins [exclusion list=, ]
2024-02-15 18:19:52,341 [INFO] PluginManage:310 - Check plugin analytics
2024-02-15 18:19:52,817 [INFO] AnalyticsPlugin:253 - Accepted Software Licenses: 
2024-02-15 18:19:52,817 [INFO] AnalyticsPlugin:255 - Accepted CMSIS Pack Licenses: 
2024-02-15 18:19:52,818 [INFO] AnalyticsPlugin:257 - Accepted Firmware Licenses: 
2024-02-15 18:19:52,826 [INFO] PluginManage:359 - Loaded plugin analytics (category:tool,tabindex:-1)
2024-02-15 18:19:52,827 [INFO] PluginManage:310 - Check plugin cadmodel
2024-02-15 18:19:54,912 [INFO] CADModel:105 - Init CAD model plugin
2024-02-15 18:19:54,913 [INFO] PluginManage:359 - Loaded plugin cadmodel (category:power,tabindex:5)
2024-02-15 18:19:54,914 [INFO] PluginManage:310 - Check plugin clock
2024-02-15 18:19:54,951 [INFO] PluginManage:359 - Loaded plugin clock (category:base,tabindex:2)
2024-02-15 18:19:54,951 [INFO] PluginManage:310 - Check plugin ddr
2024-02-15 18:19:54,958 [INFO] PluginManage:359 - Loaded plugin ddr (category:tool,tabindex:6)
2024-02-15 18:19:54,958 [INFO] PluginManage:310 - Check plugin filemanager
2024-02-15 18:19:55,301 [INFO] PluginManage:359 - Loaded plugin filemanager (category:base,tabindex:10)
2024-02-15 18:19:55,301 [INFO] PluginManage:310 - Check plugin ipmanager
2024-02-15 18:19:55,321 [INFO] PluginManage:359 - Loaded plugin ipmanager (category:base,tabindex:5)
2024-02-15 18:19:55,321 [INFO] PluginManage:310 - Check plugin lpbam
2024-02-15 18:19:55,352 [INFO] PluginManage:359 - Loaded plugin lpbam (category:base,tabindex:0)
2024-02-15 18:19:55,352 [INFO] PluginManage:310 - Check plugin memorymap
2024-02-15 18:19:55,391 [INFO] PluginManage:359 - Loaded plugin memorymap (category:base,tabindex:4)
2024-02-15 18:19:55,391 [INFO] PluginManage:310 - Check plugin pinoutandconfiguration
2024-02-15 18:19:55,408 [INFO] PluginManage:359 - Loaded plugin pinoutandconfiguration (category:base,tabindex:1)
2024-02-15 18:19:55,408 [INFO] PluginManage:310 - Check plugin pinoutconfig
2024-02-15 18:19:55,677 [WARN] SupportedApi:132 - Cannot load RTOS API schema: s4s-elt-must-match.1: The content of 'definitions' must match (annotation?, (simpleType | complexType)?, (unique | key | keyref)*)). A problem was found starting at: attribute.
2024-02-15 18:19:56,085 [INFO] PluginManage:359 - Loaded plugin pinoutconfig (category:base,tabindex:0)
2024-02-15 18:19:56,085 [INFO] PluginManage:310 - Check plugin power
2024-02-15 18:19:56,112 [INFO] PluginManage:359 - Loaded plugin power (category:power,tabindex:4)
2024-02-15 18:19:56,112 [INFO] PluginManage:310 - Check plugin projectmanager
2024-02-15 18:19:56,142 [INFO] PluginManage:359 - Loaded plugin projectmanager (category:projectmanager,tabindex:3)
2024-02-15 18:19:56,142 [INFO] PluginManage:310 - Check plugin thirdparty
2024-02-15 18:19:56,424 [INFO] PluginManage:359 - Loaded plugin thirdparty (category:base,tabindex:-1)
2024-02-15 18:19:56,424 [WARN] IntegrityCheckThread:84 - waiting for thirdparty lock release [integrity check]
2024-02-15 18:19:56,425 [INFO] IntegrityCheckThread:86 - entering critical section [integrity check]
2024-02-15 18:19:56,425 [INFO] PluginManage:310 - Check plugin tools
2024-02-15 18:19:56,426 [INFO] ThirdPartyUpdaterWithRetryManager:70 - Updater plugin not ready yet. [1/15]
2024-02-15 18:19:56,429 [INFO] PluginManage:359 - Loaded plugin tools (category:base,tabindex:7)
2024-02-15 18:19:56,430 [INFO] PluginManage:310 - Check plugin tutovideos
2024-02-15 18:19:56,975 [INFO] PluginManage:359 - Loaded plugin tutovideos (category:base,tabindex:-1)
2024-02-15 18:19:56,977 [INFO] PluginManage:310 - Check plugin updater
2024-02-15 18:19:57,006 [INFO] PluginManage:359 - Loaded plugin updater (category:base,tabindex:12)
2024-02-15 18:19:57,006 [INFO] PluginManage:310 - Check plugin userauth
2024-02-15 18:19:57,017 [INFO] UserAuth:114 - Init User Auth plugin
2024-02-15 18:19:57,017 [INFO] PluginManage:359 - Loaded plugin userauth (category:base,tabindex:14)
2024-02-15 18:19:57,018 [INFO] PluginManage:283 - PluginManage : Loaded plugins [17]
2024-02-15 18:19:57,457 [INFO] PinOutPanel:1499 - setPackage(No Configuration,No Configuration)
2024-02-15 18:19:57,621 [INFO] CADModel:165 - CPN selected for project level
2024-02-15 18:19:57,621 [INFO] CADModel:114 - Register for checkConnection events
2024-02-15 18:19:57,661 [INFO] IPUIPlugin:80 - create IPUIPlugin
2024-02-15 18:19:57,663 [INFO] PluginManager:220 - loadIPPluginJar : add mdma
2024-02-15 18:19:57,682 [INFO] IPUIPlugin:80 - create IPUIPlugin
2024-02-15 18:19:57,683 [INFO] PluginManager:220 - loadIPPluginJar : add freertos
2024-02-15 18:19:57,701 [INFO] IPUIPlugin:80 - create IPUIPlugin
2024-02-15 18:19:57,701 [INFO] PluginManager:220 - loadIPPluginJar : add gic
2024-02-15 18:19:57,730 [INFO] IPUIPlugin:80 - create IPUIPlugin
2024-02-15 18:19:57,731 [INFO] PluginManager:220 - loadIPPluginJar : add adc
2024-02-15 18:19:57,740 [INFO] IPUIPlugin:80 - create IPUIPlugin
2024-02-15 18:19:57,740 [INFO] PluginManager:220 - loadIPPluginJar : add gtzc
2024-02-15 18:19:57,744 [INFO] IPUIPlugin:80 - create IPUIPlugin
2024-02-15 18:19:57,744 [INFO] PluginManager:220 - loadIPPluginJar : add quadspi
2024-02-15 18:19:57,751 [INFO] IPUIPlugin:80 - create IPUIPlugin
2024-02-15 18:19:57,752 [INFO] PluginManager:220 - loadIPPluginJar : add aes
2024-02-15 18:19:57,761 [INFO] IPUIPlugin:80 - create IPUIPlugin
2024-02-15 18:19:57,762 [INFO] PluginManager:220 - loadIPPluginJar : add pdm2pcm
2024-02-15 18:19:57,768 [INFO] IPUIPlugin:80 - create IPUIPlugin
2024-02-15 18:19:57,768 [INFO] PluginManager:220 - loadIPPluginJar : add hash
2024-02-15 18:19:57,773 [INFO] IPUIPlugin:80 - create IPUIPlugin
2024-02-15 18:19:57,773 [INFO] PluginManager:220 - loadIPPluginJar : add tim
2024-02-15 18:19:57,776 [INFO] IPUIPlugin:80 - create IPUIPlugin
2024-02-15 18:19:57,777 [INFO] PluginManager:220 - loadIPPluginJar : add tsc
2024-02-15 18:19:57,780 [INFO] IPUIPlugin:80 - create IPUIPlugin
2024-02-15 18:19:57,781 [INFO] PluginManager:220 - loadIPPluginJar : add ts
2024-02-15 18:19:57,786 [INFO] IPUIPlugin:80 - create IPUIPlugin
2024-02-15 18:19:57,786 [INFO] PluginManager:220 - loadIPPluginJar : add can
2024-02-15 18:19:57,790 [INFO] IPUIPlugin:80 - create IPUIPlugin
2024-02-15 18:19:57,790 [INFO] PluginManager:220 - loadIPPluginJar : add dma3
2024-02-15 18:19:57,794 [INFO] IPUIPlugin:80 - create IPUIPlugin
2024-02-15 18:19:57,794 [INFO] PluginManager:220 - loadIPPluginJar : add dfsdm
2024-02-15 18:19:57,799 [INFO] IPUIPlugin:80 - create IPUIPlugin
2024-02-15 18:19:57,799 [INFO] PluginManager:220 - loadIPPluginJar : add spi
2024-02-15 18:19:57,804 [INFO] IPUIPlugin:80 - create IPUIPlugin
2024-02-15 18:19:57,805 [INFO] PluginManager:220 - loadIPPluginJar : add gfxmmu
2024-02-15 18:19:57,808 [INFO] IPUIPlugin:80 - create IPUIPlugin
2024-02-15 18:19:57,808 [INFO] PluginManager:220 - loadIPPluginJar : add genericplugin
2024-02-15 18:19:57,813 [INFO] IPUIPlugin:80 - create IPUIPlugin
2024-02-15 18:19:57,813 [INFO] PluginManager:220 - loadIPPluginJar : add cryp
2024-02-15 18:19:57,824 [INFO] IPUIPlugin:80 - create IPUIPlugin
2024-02-15 18:19:57,824 [INFO] PluginManager:220 - loadIPPluginJar : add gpio
2024-02-15 18:19:57,832 [INFO] IPUIPlugin:80 - create IPUIPlugin
2024-02-15 18:19:57,832 [INFO] PluginManager:220 - loadIPPluginJar : add comp
2024-02-15 18:19:57,847 [INFO] IPUIPlugin:80 - create IPUIPlugin
2024-02-15 18:19:57,847 [INFO] PluginManager:220 - loadIPPluginJar : add tracer_emb
2024-02-15 18:19:57,854 [INFO] IPUIPlugin:80 - create IPUIPlugin
2024-02-15 18:19:57,855 [INFO] PluginManager:220 - loadIPPluginJar : add openamp
2024-02-15 18:19:57,869 [INFO] IPUIPlugin:80 - create IPUIPlugin
2024-02-15 18:19:57,869 [INFO] PluginManager:220 - loadIPPluginJar : add stm32_wpan
2024-02-15 18:19:57,882 [INFO] IPUIPlugin:80 - create IPUIPlugin
2024-02-15 18:19:57,887 [INFO] PluginManager:220 - loadIPPluginJar : add plateformsettings
2024-02-15 18:19:57,895 [INFO] IPUIPlugin:80 - create IPUIPlugin
2024-02-15 18:19:57,895 [INFO] PluginManager:220 - loadIPPluginJar : add ipddr
2024-02-15 18:19:57,903 [INFO] IPUIPlugin:80 - create IPUIPlugin
2024-02-15 18:19:57,903 [INFO] PluginManager:220 - loadIPPluginJar : add usart
2024-02-15 18:19:57,906 [INFO] IPUIPlugin:80 - create IPUIPlugin
2024-02-15 18:19:57,907 [INFO] PluginManager:220 - loadIPPluginJar : add ltdc
2024-02-15 18:19:57,919 [INFO] IPUIPlugin:80 - create IPUIPlugin
2024-02-15 18:19:57,920 [INFO] PluginManager:220 - loadIPPluginJar : add nvic
2024-02-15 18:19:57,922 [INFO] IPUIPlugin:80 - create IPUIPlugin
2024-02-15 18:19:57,923 [INFO] PluginManager:220 - loadIPPluginJar : add fatfs
2024-02-15 18:19:57,938 [INFO] IPUIPlugin:80 - create IPUIPlugin
2024-02-15 18:19:57,938 [INFO] PluginManager:220 - loadIPPluginJar : add linkedlist
2024-02-15 18:19:57,949 [INFO] IPUIPlugin:80 - create IPUIPlugin
2024-02-15 18:19:57,949 [INFO] PluginManager:220 - loadIPPluginJar : add dma
2024-02-15 18:19:57,960 [INFO] IPUIPlugin:80 - create IPUIPlugin
2024-02-15 18:19:57,960 [INFO] PluginManager:220 - loadIPPluginJar : add fmc
2024-02-15 18:19:57,965 [INFO] IPUIPlugin:80 - create IPUIPlugin
2024-02-15 18:19:57,965 [INFO] PluginManager:220 - loadIPPluginJar : add i2s
2024-02-15 18:19:57,968 [INFO] IPUIPlugin:80 - create IPUIPlugin
2024-02-15 18:19:57,969 [INFO] PluginManager:220 - loadIPPluginJar : add ucpd
2024-02-15 18:19:57,973 [INFO] IPUIPlugin:80 - create IPUIPlugin
2024-02-15 18:19:57,973 [INFO] PluginManager:220 - loadIPPluginJar : add lorawan
2024-02-15 18:19:57,979 [INFO] IPUIPlugin:80 - create IPUIPlugin
2024-02-15 18:19:57,979 [INFO] PluginManager:220 - loadIPPluginJar : add opamp
2024-02-15 18:19:57,984 [INFO] IPUIPlugin:80 - create IPUIPlugin
2024-02-15 18:19:57,985 [INFO] PluginManager:220 - loadIPPluginJar : add i3c
2024-02-15 18:19:57,992 [INFO] IPUIPlugin:80 - create IPUIPlugin
2024-02-15 18:19:57,992 [INFO] PluginManager:220 - loadIPPluginJar : add touchsensing
2024-02-15 18:19:57,997 [INFO] IPUIPlugin:80 - create IPUIPlugin
2024-02-15 18:19:57,997 [INFO] PluginManager:220 - loadIPPluginJar : add i2c
2024-02-15 18:19:58,004 [INFO] IPUIPlugin:80 - create IPUIPlugin
2024-02-15 18:19:58,004 [INFO] PluginManager:220 - loadIPPluginJar : add resmgrutility
2024-02-15 18:19:58,014 [INFO] IPUIPlugin:80 - create IPUIPlugin
2024-02-15 18:19:58,016 [INFO] PluginManager:220 - loadIPPluginJar : add sai
2024-02-15 18:19:58,023 [INFO] IPUIPlugin:80 - create IPUIPlugin
2024-02-15 18:19:58,024 [INFO] PluginManager:220 - loadIPPluginJar : add usbx
2024-02-15 18:19:58,178 [INFO] CADModel:165 - CPN selected for project level
2024-02-15 18:19:58,179 [INFO] CADModel:114 - Register for checkConnection events
2024-02-15 18:19:58,179 [FATAL] Updater:308 - Updater called before beeing initialized
2024-02-15 18:19:58,180 [ERROR] CADModel:125 - Updater not yet initialized, retry later 
2024-02-15 18:19:58,568 [INFO] CADModel:165 - CPN selected for project level
2024-02-15 18:19:58,569 [INFO] CADModel:114 - Register for checkConnection events
2024-02-15 18:19:58,569 [FATAL] Updater:308 - Updater called before beeing initialized
2024-02-15 18:19:58,569 [ERROR] CADModel:125 - Updater not yet initialized, retry later 
2024-02-15 18:19:58,583 [FATAL] Updater:308 - Updater called before beeing initialized
2024-02-15 18:19:58,804 [FATAL] Updater:308 - Updater called before beeing initialized
2024-02-15 18:19:58,816 [INFO] DbMcusAds:53 - JSON generation date=Wed Nov 29 04:52:27 CST 2023 (1701255147200)
2024-02-15 18:19:58,817 [FATAL] Updater:308 - Updater called before beeing initialized
2024-02-15 18:19:59,388 [WARN] DetailPanel:346 - Failed to get advertising image, set to default
2024-02-15 18:19:59,431 [INFO] ThirdPartyUpdaterWithRetryManager:70 - Updater plugin not ready yet. [2/15]
2024-02-15 18:19:59,613 [FATAL] Updater:308 - Updater called before beeing initialized
2024-02-15 18:19:59,618 [FATAL] Updater:308 - Updater called before beeing initialized
2024-02-15 18:19:59,618 [FATAL] Updater:308 - Updater called before beeing initialized
2024-02-15 18:19:59,618 [WARN] DetailPanel:346 - Failed to get advertising image, set to default
2024-02-15 18:19:59,620 [FATAL] Updater:308 - Updater called before beeing initialized
2024-02-15 18:19:59,692 [ERROR] Updater:1120 - MainUpdater not yet initialized. External WinMGr cannot be set.
2024-02-15 18:19:59,743 [INFO] Updater:1056 - Updater Version found : 6.10.0
2024-02-15 18:19:59,785 [INFO] ApplicationProperties:184 - Using Application install path: /Applications/STM32CubeIDE.app/Contents/Eclipse/plugins/com.st.stm32cube.common.mx_6.10.0.202311202037
2024-02-15 18:20:01,162 [INFO] MainUpdater:2873 - connection check result : 10
2024-02-15 18:20:01,162 [INFO] MainUpdater:3567 - Updater definition file requires update
2024-02-15 18:20:01,163 [INFO] MainUpdater:290 - Updater Check For Update Now.
2024-02-15 18:20:01,163 [INFO] MicroXplorer:498 - Change Database Version : DB.6.0.100
2024-02-15 18:20:01,173 [INFO] McuFinderGlobals:63 - Set McuFinder mode to 2 (CubeIDE integrated)
2024-02-15 18:20:01,694 [INFO] UserAuth:404 - Internet connection configuration mode: 1
2024-02-15 18:20:01,723 [INFO] JxBrowserEngine:152 - Initiate JxBrowser Engine with user profile folder
2024-02-15 18:20:02,435 [WARN] MainUpdater:1194 - Updater busy. Cannot search thirdparties
2024-02-15 18:20:02,435 [INFO] ThirdPartyUpdaterWithRetryManager:96 - Updater plugin is busy. [1/15]
2024-02-15 18:20:02,688 [INFO] ServerAccessManage:473 - Download File updaters.zip
2024-02-15 18:20:03,029 [INFO] FileExtend:240 - Unzip File : updaters.zip
2024-02-15 18:20:03,029 [INFO] FileExtend:255 - Standard Zip Deflate
2024-02-15 18:20:04,424 [INFO] ServerAccessManage:473 - Download File PacksControlFlags.xml
2024-02-15 18:20:05,438 [WARN] MainUpdater:1194 - Updater busy. Cannot search thirdparties
2024-02-15 18:20:05,438 [INFO] ThirdPartyUpdaterWithRetryManager:96 - Updater plugin is busy. [2/15]
2024-02-15 18:20:05,561 [INFO] ServerAccessManage:473 - Download File cubemx.pidx
2024-02-15 18:20:05,801 [INFO] LoadServerUpdatesThread:375 - End of LoadServerUpdate Thread
2024-02-15 18:20:06,024 [INFO] CheckServerUpdateThread:120 - End of CheckServer Thread
2024-02-15 18:20:08,713 [WARN] PackLoader:240 - Cannot read IP mode file for STMicroelectronics.X-CUBE-SMBUS.2.1.0
2024-02-15 18:20:08,726 [WARN] PackLoader:240 - Cannot read IP mode file for STMicroelectronics.X-CUBE-TOUCHGFX.4.23.0
2024-02-15 18:20:08,790 [WARN] PackLoader:240 - Cannot read IP mode file for STMicroelectronics.X-CUBE-AZRTOS-F7.1.1.0
2024-02-15 18:20:08,810 [WARN] PackLoader:240 - Cannot read IP mode file for STMicroelectronics.FP-SNS-MOTENV1.4.3.2
2024-02-15 18:20:08,828 [WARN] PackLoader:240 - Cannot read IP mode file for STMicroelectronics.FP-SNS-FLIGHT1.5.0.2
2024-02-15 18:20:08,846 [WARN] PackLoader:240 - Cannot read IP mode file for STMicroelectronics.X-CUBE-DISPLAY.3.0.0
2024-02-15 18:20:08,875 [WARN] PackLoader:240 - Cannot read IP mode file for STMicroelectronics.X-CUBE-BLE1.7.0.0
2024-02-15 18:20:08,887 [WARN] PackLoader:240 - Cannot read IP mode file for emotas.I-CUBE-CANOPEN.1.3.0
2024-02-15 18:20:08,898 [WARN] PackLoader:240 - Cannot read IP mode file for STMicroelectronics.FP-SNS-SMARTAG2.1.2.0
2024-02-15 18:20:08,923 [INFO] LogOutputStream:77 - [STDOUT_REDIRECT] 1 : Invalid condition id : UX_CORESTACK_Condition cause : null
2024-02-15 18:20:08,924 [INFO] LogOutputStream:77 - [STDOUT_REDIRECT] 1 : Invalid condition id : UX_CORESTACK_Condition cause : null
2024-02-15 18:20:08,924 [INFO] LogOutputStream:77 - [STDOUT_REDIRECT] 1 : Invalid condition id : UX_CORESTACK_Condition cause : null
2024-02-15 18:20:08,925 [INFO] LogOutputStream:77 - [STDOUT_REDIRECT] 1 : Invalid condition id : UX_CORESTACK_Condition cause : null
2024-02-15 18:20:08,925 [INFO] LogOutputStream:77 - [STDOUT_REDIRECT] 1 : Invalid condition id : UX_CORESTACK_Condition cause : null
2024-02-15 18:20:08,936 [WARN] PackLoader:240 - Cannot read IP mode file for STMicroelectronics.X-CUBE-AZRTOS-WL.2.0.0
2024-02-15 18:20:08,957 [WARN] PackLoader:240 - Cannot read IP mode file for WES.I-CUBE-Cesium.1.3.0
2024-02-15 18:20:08,967 [WARN] PackLoader:240 - Cannot read IP mode file for STMicroelectronics.X-CUBE-BLE2.3.3.0
2024-02-15 18:20:08,983 [WARN] PackLoader:240 - Cannot read IP mode file for STMicroelectronics.X-CUBE-ALGOBUILD.1.3.0
2024-02-15 18:20:09,036 [WARN] PackLoader:240 - Cannot read IP mode file for STMicroelectronics.X-CUBE-AZRTOS-G0.1.1.0
2024-02-15 18:20:09,054 [WARN] PackLoader:240 - Cannot read IP mode file for STMicroelectronics.X-CUBE-NFC4.3.0.0
2024-02-15 18:20:09,087 [WARN] PackLoader:240 - Cannot read IP mode file for STMicroelectronics.X-CUBE-BLEMGR.3.0.0
2024-02-15 18:20:09,101 [WARN] PackLoader:240 - Cannot read IP mode file for STMicroelectronics.FP-ATR-SIGFOX1.3.2.0
2024-02-15 18:20:09,114 [WARN] PackLoader:240 - Cannot read IP mode file for STMicroelectronics.X-CUBE-EEPRMA1.5.1.0
2024-02-15 18:20:09,191 [WARN] PackLoader:240 - Cannot read IP mode file for SEGGER.I-CUBE-embOS.1.3.1
2024-02-15 18:20:09,310 [WARN] PackLoader:240 - Cannot read IP mode file for STMicroelectronics.X-CUBE-GNSS1.6.0.0
2024-02-15 18:20:09,356 [WARN] PackLoader:240 - Cannot read IP mode file for STMicroelectronics.X-CUBE-AZRTOS-F4.1.1.0
2024-02-15 18:20:09,372 [WARN] PackLoader:240 - Cannot read IP mode file for wolfSSL.I-CUBE-wolfSSL.5.6.4
2024-02-15 18:20:09,417 [WARN] PackLoader:240 - Cannot read IP mode file for STMicroelectronics.X-CUBE-AZRTOS-L5.2.0.0
2024-02-15 18:20:09,437 [WARN] PackLoader:240 - Cannot read IP mode file for STMicroelectronics.X-CUBE-EEPRMA1.4.2.0
2024-02-15 18:20:09,450 [WARN] PackLoader:240 - Cannot read IP mode file for ITTIA_DB.I-CUBE-ITTIADB.8.8.0
2024-02-15 18:20:09,459 [WARN] PackLoader:240 - Cannot read IP mode file for STMicroelectronics.X-CUBE-NFC7.1.0.1
2024-02-15 18:20:09,472 [WARN] PackLoader:240 - Cannot read IP mode file for STMicroelectronics.X-CUBE-NFC6.3.0.0
2024-02-15 18:20:09,484 [WARN] PackLoader:240 - Cannot read IP mode file for STMicroelectronics.X-CUBE-AI.8.1.0
2024-02-15 18:20:09,527 [WARN] ConditionMgr:438 - getConditionDescription Invalid condition id : LAN8742 Phy interface Condition cause : null
2024-02-15 18:20:09,529 [WARN] PackLoader:240 - Cannot read IP mode file for STMicroelectronics.X-CUBE-AZRTOS-L4.2.0.0
2024-02-15 18:20:09,532 [WARN] ConditionMgr:1039 - genDependencies : Invalid condition id : LAN8742 Phy interface Condition cause : null
2024-02-15 18:20:09,533 [WARN] ConditionMgr:1039 - genDependencies : Invalid condition id : LAN8742 Phy interface Condition cause : null
2024-02-15 18:20:09,534 [WARN] ConditionMgr:1039 - genDependencies : Invalid condition id : LAN8742 Phy interface Condition cause : null
2024-02-15 18:20:09,551 [WARN] PackLoader:240 - Cannot read IP mode file for STMicroelectronics.X-CUBE-SFXS2LP1.4.0.0
2024-02-15 18:20:09,584 [WARN] ConditionMgr:438 - getConditionDescription Invalid condition id : UX DEVICE CLASS RTOS Condition cause : null
2024-02-15 18:20:09,585 [WARN] ConditionMgr:438 - getConditionDescription Invalid condition id : UX DEVICE CLASS RTOS Condition cause : null
2024-02-15 18:20:09,592 [WARN] PackLoader:240 - Cannot read IP mode file for STMicroelectronics.X-CUBE-AZRTOS-WB.2.0.0
2024-02-15 18:20:09,594 [WARN] ConditionMgr:1039 - genDependencies : Invalid condition id : UX DEVICE CLASS RTOS Condition cause : null
2024-02-15 18:20:09,594 [WARN] ConditionMgr:1039 - genDependencies : Invalid condition id : UX DEVICE CLASS RTOS Condition cause : null
2024-02-15 18:20:09,596 [WARN] ConditionMgr:1039 - genDependencies : Invalid condition id : UX DEVICE CLASS RTOS Condition cause : null
2024-02-15 18:20:09,597 [WARN] ConditionMgr:1039 - genDependencies : Invalid condition id : UX DEVICE CLASS RTOS Condition cause : null
2024-02-15 18:20:09,597 [WARN] ConditionMgr:1039 - genDependencies : Invalid condition id : UX DEVICE CLASS RTOS Condition cause : null
2024-02-15 18:20:09,629 [WARN] PackLoader:240 - Cannot read IP mode file for STMicroelectronics.X-CUBE-SUBG2.5.0.0
2024-02-15 18:20:09,687 [WARN] PackLoader:240 - Cannot read IP mode file for STMicroelectronics.X-CUBE-AZRTOS-G4.2.0.0
2024-02-15 18:20:09,725 [WARN] PackLoader:240 - Cannot read IP mode file for Infineon.AIROC-Wi-Fi-Bluetooth-STM32.1.5.1
2024-02-15 18:20:09,742 [WARN] PackLoader:240 - Cannot read IP mode file for STMicroelectronics.FP-SNS-MOTENVWB1.1.3.1
2024-02-15 18:20:09,750 [WARN] PackLoader:240 - Cannot read IP mode file for STMicroelectronics.X-CUBE-ISPU.2.0.0
2024-02-15 18:20:09,886 [WARN] PackLoader:240 - Cannot read IP mode file for STMicroelectronics.X-CUBE-MEMS1.10.0.0
2024-02-15 18:20:10,177 [WARN] PackLoader:240 - Cannot read IP mode file for STMicroelectronics.X-CUBE-FREERTOS.1.1.0
2024-02-15 18:20:10,193 [WARN] PackLoader:240 - Cannot read IP mode file for portGmbH.I-Cube-SoM-uGOAL.1.1.0
2024-02-15 18:20:10,206 [WARN] PackLoader:240 - Cannot read IP mode file for STMicroelectronics.X-CUBE-ALS.1.0.1
2024-02-15 18:20:10,216 [WARN] PackLoader:240 - Cannot read IP mode file for STMicroelectronics.FP-ATR-ASTRA1.2.0.0
2024-02-15 18:20:10,253 [WARN] PackLoader:240 - Cannot read IP mode file for STMicroelectronics.X-CUBE-TOF1.3.4.0
2024-02-15 18:20:10,340 [WARN] PackLoader:240 - Cannot read IP mode file for STMicroelectronics.X-CUBE-AZRTOS-H7.3.2.0
2024-02-15 18:20:10,344 [INFO] ThirdParty:978 - Integrity check success = true
2024-02-15 18:20:10,344 [INFO] IntegrityCheckThread:100 - exiting critical section [integrity check]
2024-02-15 18:20:10,344 [INFO] IntegrityCheckThread:103 - End integrity checks thread
2024-02-15 18:20:14,325 [INFO] WebApp:161 - Instantiating new browser for Auth
2024-02-15 18:20:16,033 [INFO] WebApp:780 - Register for checkConnection events
2024-02-15 18:20:16,035 [INFO] WebApp:414 - Apply proxy settings
2024-02-15 18:20:16,043 [INFO] WebApp:459 - Chromium authenticates against Manually configured proxy
2024-02-15 18:20:16,068 [INFO] WebApp:467 - Username used for proxy authentication: 
2024-02-15 18:20:16,699 [INFO] WebApp:192 - Starting web application
2024-02-15 18:20:16,699 [INFO] WebApp:544 - Web application path used /Applications/STM32CubeIDE.app/Contents/Eclipse/plugins/com.st.stm32cube.common.mx_6.10.0.202311202037/db/plugins/mcufinder/reactClient1/index.html
2024-02-15 18:20:37,929 [ERROR] LogOutputStream:75 - [STDERR_REDIRECT] SLF4J: Failed to load class "org.slf4j.impl.StaticLoggerBinder".
2024-02-15 18:20:37,931 [ERROR] LogOutputStream:75 - [STDERR_REDIRECT] SLF4J: Defaulting to no-operation (NOP) logger implementation
2024-02-15 18:20:37,931 [ERROR] LogOutputStream:75 - [STDERR_REDIRECT] SLF4J: See http://www.slf4j.org/codes.html#StaticLoggerBinder for further details.
