2024-02-05 02:06:17,831 [INFO] MainUpdater:2873 - connection check result : 10
2024-02-05 02:06:18,122 [INFO] McuFinderGlobals:76 - Set McuFinderConnectedMode to true
2024-02-05 02:06:18,126 [INFO] MultiScanPanel:200 - Auto-refresh data requested => check proxy status ongoing
2024-02-05 02:06:18,127 [INFO] FinderPluginLoader:95 - Searching for filters in installed packs
2024-02-05 02:06:19,719 [INFO] LoadUrlFilesThread:185 - End of LoadServerUrlFiles without Thread
2024-02-05 02:06:19,719 [INFO] DetailPanel:341 - Set advertising image to /Users/hectortamayo/STM32Cube/Repository//en.prom-stm32wl3-mcu-finder.jpg
2024-02-05 02:07:18,786 [INFO] MainUpdater:2873 - connection check result : 10
2024-02-05 02:07:18,787 [INFO] MainUpdater:2873 - connection check result : 10
2024-02-05 02:07:18,856 [INFO] MicroXplorer:468 - Change Database Path : 
2024-02-05 02:07:18,856 [INFO] MicroXplorer:498 - Change Database Version : DB.6.0.100
2024-02-05 02:07:18,871 [ERROR] ProjectManagerView:394 - 
java.lang.NullPointerException: Cannot invoke "javax.swing.JTextField.getText()" because the return value of "java.util.List.get(int)" is null
	at com.st.microxplorer.plugins.projectmanager.gui.ProjectChoiceTab$10.caretUpdate(ProjectChoiceTab.java:2493) ~[filemanager.jar:?]
	at javax.swing.text.JTextComponent.fireCaretUpdate(JTextComponent.java:412) ~[?:?]
	at javax.swing.text.JTextComponent$MutableCaretEvent.fire(JTextComponent.java:4491) ~[?:?]
	at javax.swing.text.JTextComponent$MutableCaretEvent.stateChanged(JTextComponent.java:4513) ~[?:?]
	at javax.swing.text.DefaultCaret.fireStateChanged(DefaultCaret.java:842) ~[?:?]
	at javax.swing.text.DefaultCaret.changeCaretPosition(DefaultCaret.java:1313) ~[?:?]
	at javax.swing.text.DefaultCaret.handleSetDot(DefaultCaret.java:1212) ~[?:?]
	at javax.swing.text.DefaultCaret.setDot(DefaultCaret.java:1193) ~[?:?]
	at javax.swing.text.DefaultCaret$Handler.insertUpdate(DefaultCaret.java:1789) ~[?:?]
	at javax.swing.text.AbstractDocument.fireInsertUpdate(AbstractDocument.java:226) ~[?:?]
	at javax.swing.text.AbstractDocument.handleInsertString(AbstractDocument.java:780) ~[?:?]
	at javax.swing.text.AbstractDocument.insertString(AbstractDocument.java:739) ~[?:?]
	at javax.swing.text.PlainDocument.insertString(PlainDocument.java:131) ~[?:?]
	at javax.swing.text.AbstractDocument.replace(AbstractDocument.java:698) ~[?:?]
	at javax.swing.text.JTextComponent.setText(JTextComponent.java:1729) ~[?:?]
	at com.st.microxplorer.plugins.projectmanager.gui.ProjectChoiceTab.createHeapStackFields(ProjectChoiceTab.java:933) ~[filemanager.jar:?]
	at com.st.microxplorer.plugins.projectmanager.gui.ProjectChoiceTab.buildLinkSettingsPanel(ProjectChoiceTab.java:3426) ~[filemanager.jar:?]
	at com.st.microxplorer.plugins.projectmanager.gui.ProjectChoiceTab.defineWindowsFields(ProjectChoiceTab.java:1813) ~[filemanager.jar:?]
	at com.st.microxplorer.plugins.projectmanager.gui.ProjectChoiceTab.updateSettings(ProjectChoiceTab.java:533) ~[filemanager.jar:?]
	at com.st.microxplorer.plugins.projectmanager.gui.ProjectSettingsPanel.UpdateDialog(ProjectSettingsPanel.java:244) ~[filemanager.jar:?]
	at com.st.microxplorer.plugins.projectmanager.ProjectManagerView.propertyChange(ProjectManagerView.java:391) ~[filemanager.jar:?]
	at java.beans.PropertyChangeSupport.fire(PropertyChangeSupport.java:343) ~[?:?]
	at java.beans.PropertyChangeSupport.firePropertyChange(PropertyChangeSupport.java:335) ~[?:?]
	at java.beans.PropertyChangeSupport.firePropertyChange(PropertyChangeSupport.java:268) ~[?:?]
	at com.st.microxplorer.util.MXPropertyChangeSupport.firePropertyChange(MXPropertyChangeSupport.java:54) ~[STM32CubeMX.jar:?]
	at com.st.microxplorer.mxsystem.MxSystem.closeConfig(MxSystem.java:900) ~[STM32CubeMX.jar:?]
	at com.st.microxplorer.maingui.MainPanel.closeConfig(MainPanel.java:776) ~[STM32CubeMX.jar:?]
	at com.st.microxplorer.plugins.filemanager.engine.OpenFileManager.loadConfigurationFile(OpenFileManager.java:245) ~[filemanager.jar:?]
	at com.st.microxplorer.plugins.filemanager.engine.MainFileManager.userLoadConfig(MainFileManager.java:290) ~[filemanager.jar:?]
	at com.st.microxplorer.plugins.filemanager.FileManagerView.getSpecificTask(FileManagerView.java:247) ~[filemanager.jar:?]
	at com.st.stm32cube.common.mx.editor.CubeMxEditor.getMxTabbedPaneInstance(CubeMxEditor.java:1184) ~[com.st.stm32cube.common.mx_6.10.0.202311202037/:?]
	at com.st.stm32cube.common.mx.editor.CubeMxEditor$12$1.createSwingComponent(CubeMxEditor.java:1065) ~[com.st.stm32cube.common.mx_6.10.0.202311202037/:?]
	at com.st.stm32cube.common.mx.oss.core.awtswtbridge.EmbeddedSwingComposite.doComponentCreation(EmbeddedSwingComposite.java:492) ~[com.st.stm32cube.common.mx.oss_6.10.0.202311202037/:?]
	at com.st.stm32cube.common.mx.oss.core.awtswtbridge.EmbeddedSwingComposite$4.run(EmbeddedSwingComposite.java:291) ~[com.st.stm32cube.common.mx.oss_6.10.0.202311202037/:?]
	at com.st.stm32cube.common.mx.oss.core.awtswtbridge.AwtEnvironment$2.run(AwtEnvironment.java:166) ~[com.st.stm32cube.common.mx.oss_6.10.0.202311202037/:?]
	at java.awt.event.InvocationEvent.dispatch(InvocationEvent.java:318) ~[?:?]
	at java.awt.EventQueue.dispatchEventImpl(EventQueue.java:773) ~[?:?]
	at java.awt.EventQueue$4.run(EventQueue.java:720) ~[?:?]
	at java.awt.EventQueue$4.run(EventQueue.java:714) ~[?:?]
	at java.security.AccessController.doPrivileged(AccessController.java:399) ~[?:?]
	at java.security.ProtectionDomain$JavaSecurityAccessImpl.doIntersectionPrivilege(ProtectionDomain.java:86) ~[?:?]
	at java.awt.EventQueue.dispatchEvent(EventQueue.java:742) ~[?:?]
	at java.awt.EventDispatchThread.pumpOneEventForFilters(EventDispatchThread.java:203) ~[?:?]
	at java.awt.EventDispatchThread.pumpEventsForFilter(EventDispatchThread.java:124) ~[?:?]
	at java.awt.EventDispatchThread.pumpEventsForHierarchy(EventDispatchThread.java:113) ~[?:?]
	at java.awt.EventDispatchThread.pumpEvents(EventDispatchThread.java:109) ~[?:?]
	at java.awt.EventDispatchThread.pumpEvents(EventDispatchThread.java:101) ~[?:?]
	at java.awt.EventDispatchThread.run(EventDispatchThread.java:90) ~[?:?]
2024-02-05 02:07:18,873 [WARN] ThirdParty:871 - waiting for thirdparty lock release [close project]
2024-02-05 02:07:18,873 [INFO] ThirdParty:873 - entering critical section [close project]
2024-02-05 02:07:18,873 [INFO] ThirdParty:883 - exiting critical section [close project]
2024-02-05 02:07:18,875 [INFO] PinOutPanel:1499 - setPackage(No Configuration,No Configuration)
2024-02-05 02:07:18,877 [INFO] UtilMem:75 - Begin LoadConfig() Used Memory: 729503560 Bytes (1073741824)
2024-02-05 02:07:18,878 [INFO] MicroXplorer:468 - Change Database Path : 
2024-02-05 02:07:18,878 [INFO] MicroXplorer:498 - Change Database Version : DB.6.0.100
2024-02-05 02:07:18,878 [INFO] OpenFileManager:312 - Change cursor
2024-02-05 02:07:18,906 [INFO] RulesReader:64 - Compatibility file has been processed (297 Rules)
2024-02-05 02:07:18,915 [INFO] Mcu:2016 - Initializing MCU STM32F103C8Tx STM32F103C8Tx STM32F103C8T6
2024-02-05 02:07:19,572 [INFO] Context:659 - Trying to add GPIOservice into a context  which must be forbidden
2024-02-05 02:07:19,728 [INFO] ImportTextPane:194 - (OptionalMessage_ERROR) Unable to find key (Mcu.ThirdPartyNb) in loaded IOC file
2024-02-05 02:07:19,729 [INFO] ImportTextPane:194 - (OptionalMessage_ERROR) Unable to find key (Mcu.PinsNb) in loaded IOC file
2024-02-05 02:07:19,729 [INFO] ImportTextPane:194 - (OptionalMessage_ERROR) Unable to find key (Mcu.IPNb) in loaded IOC file
2024-02-05 02:07:19,745 [INFO] RtosManager:555 - Registered RTOS mode: class=CMSIS, group=RTOS, mode=CMSIS_V1, owner=FREERTOS
2024-02-05 02:07:19,745 [INFO] RtosManager:555 - Registered RTOS mode: class=CMSIS, group=RTOS2, mode=CMSIS_V2, owner=FREERTOS
2024-02-05 02:07:19,745 [INFO] RtosManager:555 - Registered RTOS mode: class=RTOS, group=Core, mode=CMSIS_V1, owner=FREERTOS
2024-02-05 02:07:19,745 [INFO] RtosManager:555 - Registered RTOS mode: class=RTOS, group=Core, mode=CMSIS_V2, owner=FREERTOS
2024-02-05 02:07:19,746 [WARN] ModelIntegratedComponent:184 - Missing modes for component STMicroelectronics:FreeRTOS:0.0.1:STMicroelectronics:RTOS:FreeRTOS:Core:::10.2.0:
2024-02-05 02:07:19,757 [WARN] ModelIntegratedComponent:63 - No mode defined for component null
2024-02-05 02:07:19,757 [WARN] ModelIntegratedComponent:63 - No mode defined for component null
2024-02-05 02:07:19,757 [WARN] ModelIntegratedComponent:63 - No mode defined for component null
2024-02-05 02:07:19,758 [WARN] ModelIntegratedComponent:63 - No mode defined for component null
2024-02-05 02:07:19,758 [WARN] ModelIntegratedComponent:63 - No mode defined for component null
2024-02-05 02:07:19,758 [WARN] ModelIntegratedComponent:63 - No mode defined for component null
2024-02-05 02:07:19,758 [WARN] ModelIntegratedComponent:63 - No mode defined for component null
2024-02-05 02:07:19,758 [WARN] ModelIntegratedComponent:63 - No mode defined for component null
2024-02-05 02:07:19,758 [WARN] ModelIntegratedComponent:63 - No mode defined for component null
2024-02-05 02:07:19,758 [WARN] ModelIntegratedComponent:63 - No mode defined for component null
2024-02-05 02:07:19,758 [WARN] ModelIntegratedComponent:63 - No mode defined for component null
2024-02-05 02:07:19,758 [WARN] ModelIntegratedComponent:63 - No mode defined for component null
2024-02-05 02:07:19,758 [WARN] ModelIntegratedComponent:63 - No mode defined for component null
2024-02-05 02:07:19,758 [WARN] ModelIntegratedComponent:63 - No mode defined for component null
2024-02-05 02:07:19,758 [WARN] ModelIntegratedComponent:63 - No mode defined for component null
2024-02-05 02:07:19,758 [WARN] ModelIntegratedComponent:63 - No mode defined for component null
2024-02-05 02:07:19,758 [WARN] ModelIntegratedComponent:63 - No mode defined for component null
2024-02-05 02:07:19,758 [WARN] ModelIntegratedComponent:63 - No mode defined for component null
2024-02-05 02:07:19,758 [WARN] ModelIntegratedComponent:63 - No mode defined for component null
2024-02-05 02:07:19,759 [WARN] ModelIntegratedComponent:63 - No mode defined for component null
2024-02-05 02:07:19,759 [WARN] ModelIntegratedComponent:63 - No mode defined for component null
2024-02-05 02:07:19,759 [WARN] ModelIntegratedComponent:63 - No mode defined for component null
2024-02-05 02:07:19,759 [WARN] ModelIntegratedComponent:63 - No mode defined for component null
2024-02-05 02:07:19,759 [WARN] ModelIntegratedComponent:63 - No mode defined for component null
2024-02-05 02:07:19,759 [WARN] ModelIntegratedComponent:63 - No mode defined for component null
2024-02-05 02:07:19,759 [WARN] ModelIntegratedComponent:63 - No mode defined for component null
2024-02-05 02:07:19,759 [WARN] ModelIntegratedComponent:63 - No mode defined for component null
2024-02-05 02:07:19,759 [WARN] ModelIntegratedComponent:63 - No mode defined for component null
2024-02-05 02:07:19,759 [WARN] ModelIntegratedComponent:63 - No mode defined for component null
2024-02-05 02:07:19,759 [WARN] ModelIntegratedComponent:63 - No mode defined for component null
2024-02-05 02:07:19,759 [WARN] ModelIntegratedComponent:63 - No mode defined for component null
2024-02-05 02:07:19,759 [WARN] ModelIntegratedComponent:63 - No mode defined for component null
2024-02-05 02:07:19,759 [WARN] ModelIntegratedComponent:63 - No mode defined for component null
2024-02-05 02:07:19,890 [INFO] ThirdPartyModel:298 - Start build external matchings
2024-02-05 02:07:20,997 [INFO] ThirdPartyModel:316 - End build external matchings
2024-02-05 02:07:21,262 [INFO] UtilMem:75 - End LoadConfig() Used Memory: 857174984 Bytes (1073741824)
2024-02-05 02:07:21,266 [INFO] MicroXplorer:468 - Change Database Path : 
2024-02-05 02:07:21,267 [INFO] MicroXplorer:498 - Change Database Version : DB.6.0.100
2024-02-05 02:07:21,318 [WARN] ThirdParty:833 - waiting for thirdparty lock release [change project]
2024-02-05 02:07:21,319 [INFO] ThirdParty:835 - entering critical section [change project]
2024-02-05 02:07:21,319 [INFO] ThirdParty:1030 - CMSIS Pack Vendor :STMicroelectronics USBPD 4.1
2024-02-05 02:07:21,319 [INFO] ThirdParty:1030 - CMSIS Pack Vendor :STMicroelectronics X-CUBE-GNSS1 6.0.0
2024-02-05 02:07:21,319 [INFO] ThirdParty:1030 - CMSIS Pack Vendor :STMicroelectronics USB_HOST 2.0.0
2024-02-05 02:07:21,319 [INFO] ThirdParty:1030 - CMSIS Pack Vendor :STMicroelectronics X-CUBE-AZRTOS-F4 1.1.0
2024-02-05 02:07:21,319 [INFO] ThirdParty:1030 - CMSIS Pack Vendor :STMicroelectronics LIBJPEG 8.0.0
2024-02-05 02:07:21,320 [INFO] ThirdParty:1030 - CMSIS Pack Vendor :wolfSSL I-CUBE-wolfSSL 5.6.4
2024-02-05 02:07:21,320 [INFO] ThirdParty:1030 - CMSIS Pack Vendor :STMicroelectronics X-CUBE-SMBUS 2.1.0
2024-02-05 02:07:21,320 [INFO] ThirdParty:1030 - CMSIS Pack Vendor :STMicroelectronics USB_DEVICE 3.0.0
2024-02-05 02:07:21,320 [INFO] ThirdParty:1030 - CMSIS Pack Vendor :STMicroelectronics X-CUBE-AZRTOS-WB 2.0.0
2024-02-05 02:07:21,326 [INFO] ThirdParty:1030 - CMSIS Pack Vendor :STMicroelectronics X-CUBE-TOUCHGFX 4.23.0
2024-02-05 02:07:21,326 [INFO] ThirdParty:1030 - CMSIS Pack Vendor :STMicroelectronics X-CUBE-AZRTOS-F7 1.1.0
2024-02-05 02:07:21,327 [INFO] ThirdParty:1030 - CMSIS Pack Vendor :STMicroelectronics X-CUBE-AZRTOS-L5 2.0.0
2024-02-05 02:07:21,327 [INFO] ThirdParty:1030 - CMSIS Pack Vendor :STMicroelectronics USB_DEVICE 2.0.0
2024-02-05 02:07:21,328 [INFO] ThirdParty:1030 - CMSIS Pack Vendor :STMicroelectronics X-CUBE-EEPRMA1 4.2.0
2024-02-05 02:07:21,328 [INFO] ThirdParty:1030 - CMSIS Pack Vendor :ITTIA_DB I-CUBE-ITTIADB 8.8.0
2024-02-05 02:07:21,328 [INFO] ThirdParty:1030 - CMSIS Pack Vendor :STMicroelectronics FP-SNS-MOTENV1 4.3.2
2024-02-05 02:07:21,328 [INFO] ThirdParty:1030 - CMSIS Pack Vendor :STMicroelectronics X-CUBE-ALGOBUILD 1.3.0
2024-02-05 02:07:21,328 [INFO] ThirdParty:1030 - CMSIS Pack Vendor :STMicroelectronics FreeRTOS 0.0.1
2024-02-05 02:07:21,329 [INFO] ThirdParty:1030 - CMSIS Pack Vendor :STMicroelectronics X-CUBE-AZRTOS-G0 1.1.0
2024-02-05 02:07:21,329 [INFO] ThirdParty:1030 - CMSIS Pack Vendor :STMicroelectronics X-CUBE-NFC4 3.0.0
2024-02-05 02:07:21,329 [INFO] ThirdParty:1030 - CMSIS Pack Vendor :STMicroelectronics X-CUBE-SUBG2 5.0.0
2024-02-05 02:07:21,330 [INFO] ThirdParty:1030 - CMSIS Pack Vendor :STMicroelectronics STM32_WPAN 1.0.0
2024-02-05 02:07:21,330 [INFO] ThirdParty:1030 - CMSIS Pack Vendor :STMicroelectronics lwIP 2.0.3
2024-02-05 02:07:21,331 [INFO] ThirdParty:1030 - CMSIS Pack Vendor :STMicroelectronics FP-SNS-FLIGHT1 5.0.2
2024-02-05 02:07:21,331 [INFO] ThirdParty:1030 - CMSIS Pack Vendor :STMicroelectronics USB_HOST 1.0.0
2024-02-05 02:07:21,331 [INFO] ThirdParty:1030 - CMSIS Pack Vendor :STMicroelectronics X-CUBE-AZRTOS-G4 2.0.0
2024-02-05 02:07:21,331 [INFO] ThirdParty:1030 - CMSIS Pack Vendor :STMicroelectronics PDM2PCM 3.1.0
2024-02-05 02:07:21,332 [INFO] ThirdParty:1030 - CMSIS Pack Vendor :Infineon AIROC-Wi-Fi-Bluetooth-STM32 1.5.1
2024-02-05 02:07:21,332 [INFO] ThirdParty:1030 - CMSIS Pack Vendor :STMicroelectronics X-CUBE-BLEMGR 3.0.0
2024-02-05 02:07:21,332 [INFO] ThirdParty:1030 - CMSIS Pack Vendor :STMicroelectronics PDM2PCM 3.3.0
2024-02-05 02:07:21,332 [INFO] ThirdParty:1030 - CMSIS Pack Vendor :STMicroelectronics X-CUBE-DISPLAY 3.0.0
2024-02-05 02:07:21,332 [INFO] ThirdParty:1030 - CMSIS Pack Vendor :STMicroelectronics FP-SNS-MOTENVWB1 1.3.1
2024-02-05 02:07:21,332 [INFO] ThirdParty:1030 - CMSIS Pack Vendor :STMicroelectronics X-CUBE-BLE1 7.0.0
2024-02-05 02:07:21,332 [INFO] ThirdParty:1030 - CMSIS Pack Vendor :STMicroelectronics FP-ATR-SIGFOX1 3.2.0
2024-02-05 02:07:21,333 [INFO] ThirdParty:1030 - CMSIS Pack Vendor :STMicroelectronics X-CUBE-ISPU 2.0.0
2024-02-05 02:07:21,333 [INFO] ThirdParty:1030 - CMSIS Pack Vendor :STMicroelectronics X-CUBE-EEPRMA1 5.1.0
2024-02-05 02:07:21,333 [INFO] ThirdParty:1030 - CMSIS Pack Vendor :STMicroelectronics HAL Drivers 0.0.0
2024-02-05 02:07:21,333 [INFO] ThirdParty:1030 - CMSIS Pack Vendor :STMicroelectronics MBEDTLS 2.16.2
2024-02-05 02:07:21,333 [INFO] ThirdParty:1030 - CMSIS Pack Vendor :emotas I-CUBE-CANOPEN 1.3.0
2024-02-05 02:07:21,333 [INFO] ThirdParty:1030 - CMSIS Pack Vendor :STMicroelectronics X-CUBE-MEMS1 10.0.0
2024-02-05 02:07:21,334 [INFO] ThirdParty:1030 - CMSIS Pack Vendor :STMicroelectronics X-CUBE-FREERTOS 1.1.0
2024-02-05 02:07:21,335 [INFO] ThirdParty:1030 - CMSIS Pack Vendor :STMicroelectronics X-CUBE-NFC7 1.0.1
2024-02-05 02:07:21,336 [INFO] ThirdParty:1030 - CMSIS Pack Vendor :STMicroelectronics MBEDTLS 2.14.1
2024-02-05 02:07:21,336 [INFO] ThirdParty:1030 - CMSIS Pack Vendor :STMicroelectronics X-CUBE-NFC6 3.0.0
2024-02-05 02:07:21,336 [INFO] ThirdParty:1030 - CMSIS Pack Vendor :portGmbH I-Cube-SoM-uGOAL 1.1.0
2024-02-05 02:07:21,336 [INFO] ThirdParty:1030 - CMSIS Pack Vendor :STMicroelectronics X-CUBE-ALS 1.0.1
2024-02-05 02:07:21,337 [INFO] ThirdParty:1030 - CMSIS Pack Vendor :STMicroelectronics ThreadX 1.0.0
2024-02-05 02:07:21,337 [INFO] ThirdParty:1030 - CMSIS Pack Vendor :STMicroelectronics FP-SNS-SMARTAG2 1.2.0
2024-02-05 02:07:21,338 [INFO] ThirdParty:1030 - CMSIS Pack Vendor :STMicroelectronics X-CUBE-AZRTOS-WL 2.0.0
2024-02-05 02:07:21,339 [INFO] ThirdParty:1030 - CMSIS Pack Vendor :SEGGER I-CUBE-embOS 1.3.1
2024-02-05 02:07:21,339 [INFO] ThirdParty:1030 - CMSIS Pack Vendor :STMicroelectronics USB_DEVICE 1.0.0
2024-02-05 02:07:21,340 [INFO] ThirdParty:1030 - CMSIS Pack Vendor :STMicroelectronics X-CUBE-AI 8.1.0
2024-02-05 02:07:21,341 [INFO] ThirdParty:1030 - CMSIS Pack Vendor :STMicroelectronics X-CUBE-AZRTOS-L4 2.0.0
2024-02-05 02:07:21,341 [INFO] ThirdParty:1030 - CMSIS Pack Vendor :STMicroelectronics ThreadX 0.0.2
2024-02-05 02:07:21,341 [INFO] ThirdParty:1030 - CMSIS Pack Vendor :WES I-CUBE-Cesium 1.3.0
2024-02-05 02:07:21,347 [INFO] ThirdParty:1030 - CMSIS Pack Vendor :STMicroelectronics FP-ATR-ASTRA1 2.0.0
2024-02-05 02:07:21,349 [INFO] ThirdParty:1030 - CMSIS Pack Vendor :STMicroelectronics lwIP 2.1.2
2024-02-05 02:07:21,349 [INFO] ThirdParty:1030 - CMSIS Pack Vendor :STMicroelectronics X-CUBE-SFXS2LP1 4.0.0
2024-02-05 02:07:21,349 [INFO] ThirdParty:1030 - CMSIS Pack Vendor :STMicroelectronics X-CUBE-BLE2 3.3.0
2024-02-05 02:07:21,349 [INFO] ThirdParty:1030 - CMSIS Pack Vendor :STMicroelectronics X-CUBE-TOF1 3.4.0
2024-02-05 02:07:21,349 [INFO] ThirdParty:1030 - CMSIS Pack Vendor :STMicroelectronics X-CUBE-AZRTOS-H7 3.2.0
2024-02-05 02:07:21,349 [INFO] ThirdParty:1030 - CMSIS Pack Vendor :STMicroelectronics PDM2PCM 3.2.0
2024-02-05 02:07:21,350 [INFO] ThirdParty:841 - exiting critical section [change project]
2024-02-05 02:07:21,707 [INFO] PinOutPanel:1499 - setPackage(No Configuration,No Configuration)
2024-02-05 02:07:21,708 [INFO] PinOutPanel:1499 - setPackage(STM32F103C8Tx,LQFP48)
2024-02-05 02:07:22,112 [INFO] UtilMem:75 - Before build in PCC Used Memory: 582970312 Bytes (1073741824)
2024-02-05 02:07:22,577 [INFO] UtilMem:75 - After build in PCC Used Memory: 624391112 Bytes (1073741824)
2024-02-05 02:07:22,601 [INFO] IPUIPlugin:80 - create IPUIPlugin
2024-02-05 02:07:22,602 [INFO] IPUIPlugin:80 - create IPUIPlugin
2024-02-05 02:07:22,602 [INFO] IPUIPlugin:80 - create IPUIPlugin
2024-02-05 02:07:22,602 [INFO] IPUIPlugin:80 - create IPUIPlugin
2024-02-05 02:07:22,603 [INFO] IPUIPlugin:80 - create IPUIPlugin
2024-02-05 02:07:22,603 [INFO] IPUIPlugin:80 - create IPUIPlugin
2024-02-05 02:07:22,603 [INFO] IPUIPlugin:80 - create IPUIPlugin
2024-02-05 02:07:22,603 [INFO] IPUIPlugin:80 - create IPUIPlugin
2024-02-05 02:07:22,604 [INFO] IPUIPlugin:80 - create IPUIPlugin
2024-02-05 02:07:22,604 [INFO] IPUIPlugin:80 - create IPUIPlugin
2024-02-05 02:07:22,604 [INFO] IPUIPlugin:80 - create IPUIPlugin
2024-02-05 02:07:22,605 [INFO] IPUIPlugin:80 - create IPUIPlugin
2024-02-05 02:07:22,605 [INFO] IPUIPlugin:80 - create IPUIPlugin
2024-02-05 02:07:22,605 [INFO] IPUIPlugin:80 - create IPUIPlugin
2024-02-05 02:07:22,606 [INFO] IPUIPlugin:80 - create IPUIPlugin
2024-02-05 02:07:22,606 [INFO] IPUIPlugin:80 - create IPUIPlugin
2024-02-05 02:07:22,606 [INFO] IPUIPlugin:80 - create IPUIPlugin
2024-02-05 02:07:22,607 [INFO] IPUIPlugin:80 - create IPUIPlugin
2024-02-05 02:07:22,607 [INFO] IPUIPlugin:80 - create IPUIPlugin
2024-02-05 02:07:22,607 [INFO] IPUIPlugin:80 - create IPUIPlugin
2024-02-05 02:07:22,607 [INFO] IPUIPlugin:80 - create IPUIPlugin
2024-02-05 02:07:22,607 [INFO] IPUIPlugin:80 - create IPUIPlugin
2024-02-05 02:07:22,608 [INFO] IPUIPlugin:80 - create IPUIPlugin
2024-02-05 02:07:22,608 [INFO] IPUIPlugin:80 - create IPUIPlugin
2024-02-05 02:07:22,608 [INFO] IPUIPlugin:80 - create IPUIPlugin
2024-02-05 02:07:22,609 [INFO] IPUIPlugin:80 - create IPUIPlugin
2024-02-05 02:07:22,609 [INFO] IPUIPlugin:80 - create IPUIPlugin
2024-02-05 02:07:22,653 [INFO] CADModel:165 - CPN selected for project levelSTM32F103C8T6
2024-02-05 02:07:22,654 [INFO] CADModel:114 - Register for checkConnection events
2024-02-05 02:07:22,696 [INFO] OpenFileManager:343 - Restore cursor
2024-02-05 02:07:23,211 [INFO] UtilMem:75 - End SaveConfig() Used Memory: 673940736 Bytes (1073741824)
2024-02-05 02:07:23,285 [INFO] UtilMem:75 - End SaveConfig() Used Memory: 685208520 Bytes (1073741824)
2024-02-05 02:07:23,781 [INFO] BlockDiagram:2759 - set Specific Code input for plugin: NVIC
2024-02-05 02:07:23,781 [INFO] BlockDiagram:2759 - set Specific Code input for plugin: RCC
2024-02-05 02:07:23,782 [INFO] CodeGenerator:807 - code generatio: config db path: /Applications/STM32CubeIDE.app/Contents/Eclipse/plugins/com.st.stm32cube.common.mx_6.10.0.202311202037//db/
2024-02-05 02:07:23,984 [INFO] CodeEngine:255 - oldGeneratedFile, /Users/hectortamayo/STM32CubeIDE/workspace_1.14.0/GPIO/MXTmpFiles/license.tmp_save
2024-02-05 02:07:24,103 [INFO] CodeEngine:279 - Generated code: /Users/hectortamayo/STM32CubeIDE/workspace_1.14.0/GPIO/MXTmpFiles/license.tmp
2024-02-05 02:07:24,110 [INFO] CodeEngine:255 - oldGeneratedFile, /Users/hectortamayo/STM32CubeIDE/workspace_1.14.0/GPIO/Core/Src/stm32f1xx_it.c_save
2024-02-05 02:07:24,909 [INFO] CodeEngine:279 - Generated code: /Users/hectortamayo/STM32CubeIDE/workspace_1.14.0/GPIO/Core/Src/stm32f1xx_it.c
2024-02-05 02:07:24,913 [INFO] CodeEngine:255 - oldGeneratedFile, /Users/hectortamayo/STM32CubeIDE/workspace_1.14.0/GPIO/Core/Inc/stm32f1xx_it.h_save
2024-02-05 02:07:25,054 [INFO] CodeEngine:279 - Generated code: /Users/hectortamayo/STM32CubeIDE/workspace_1.14.0/GPIO/Core/Inc/stm32f1xx_it.h
2024-02-05 02:07:25,110 [INFO] CodeEngine:255 - oldGeneratedFile, /Users/hectortamayo/STM32CubeIDE/workspace_1.14.0/GPIO/Core/Src/stm32f1xx_hal_msp.c_save
2024-02-05 02:07:25,238 [INFO] CodeEngine:279 - Generated code: /Users/hectortamayo/STM32CubeIDE/workspace_1.14.0/GPIO/Core/Src/stm32f1xx_hal_msp.c
2024-02-05 02:07:25,241 [INFO] CodeEngine:255 - oldGeneratedFile, /Users/hectortamayo/STM32CubeIDE/workspace_1.14.0/GPIO/MXTmpFiles/system.tmp_save
2024-02-05 02:07:25,329 [INFO] CodeEngine:279 - Generated code: /Users/hectortamayo/STM32CubeIDE/workspace_1.14.0/GPIO/MXTmpFiles/system.tmp
2024-02-05 02:07:25,340 [INFO] CodeEngine:311 - oldGeneratedFile, /Users/hectortamayo/STM32CubeIDE/workspace_1.14.0/GPIO/Core/Inc/stm32f1xx_hal_conf.h_save
2024-02-05 02:07:25,423 [INFO] CodeEngine:335 - Generated code: /Users/hectortamayo/STM32CubeIDE/workspace_1.14.0/GPIO/Core/Inc/stm32f1xx_hal_conf.h
2024-02-05 02:07:25,464 [INFO] CodeEngine:255 - oldGeneratedFile, /Users/hectortamayo/STM32CubeIDE/workspace_1.14.0/GPIO/Core/Inc/main.h_save
2024-02-05 02:07:25,589 [INFO] CodeEngine:279 - Generated code: /Users/hectortamayo/STM32CubeIDE/workspace_1.14.0/GPIO/Core/Inc/main.h
2024-02-05 02:07:25,592 [INFO] CodeEngine:255 - oldGeneratedFile, /Users/hectortamayo/STM32CubeIDE/workspace_1.14.0/GPIO/Core/Src/main.c_save
2024-02-05 02:07:25,731 [INFO] CodeEngine:279 - Generated code: /Users/hectortamayo/STM32CubeIDE/workspace_1.14.0/GPIO/Core/Src/main.c
2024-02-05 02:07:26,879 [INFO] ProjectBuilder:3076 - Time for Copy HAL[1] : 283mS.
2024-02-05 02:07:26,883 [INFO] ProjectBuilder:4485 - Project Generator version: 4.2.0-B44
2024-02-05 02:07:27,877 [INFO] ConfigFileManager:1495 - The Die is : DIE410
2024-02-05 02:07:27,920 [INFO] ApiDbMcu:508 - Load IP Config File for FATFS
2024-02-05 02:07:28,063 [INFO] ApiDbMcu:508 - Load IP Config File for FREERTOS
2024-02-05 02:07:28,181 [INFO] ApiDbMcu:508 - Load IP Config File for USB_DEVICE
2024-02-05 02:07:33,072 [INFO] ProjectBuilder:4747 - Time for Generating toolchain IDE Files: 6188mS.
2024-02-05 02:07:33,074 [INFO] ProjectBuilder:2947 - Time for Copy CMSIS : 1mS.
2024-02-05 02:07:33,076 [INFO] ProjectBuilder:2947 - Time for Copy CMSIS : 0mS.
2024-02-05 02:07:33,930 [INFO] McuFinderGlobals:76 - Set McuFinderConnectedMode to true
2024-02-05 02:07:33,939 [INFO] ApiDb:448 - Save user favorites file /Users/hectortamayo/.stm32cubeide/favorites.mcus.txt: 1 item(s)
2024-02-05 02:07:33,940 [INFO] ApiDb:452 - User favorites MCUs=[STM32F103C8T6]
2024-02-05 02:10:14,277 [INFO] Gpio:277 - dependency for GPIO [RCC]
2024-02-05 02:13:19,934 [INFO] UtilMem:75 - End SaveConfig() Used Memory: 596190496 Bytes (1073741824)
2024-02-05 02:13:25,711 [INFO] UtilMem:75 - End SaveConfig() Used Memory: 611707640 Bytes (1073741824)
2024-02-05 02:13:25,918 [INFO] UtilMem:75 - End SaveConfig() Used Memory: 629131984 Bytes (1073741824)
2024-02-05 02:13:26,292 [INFO] BlockDiagram:2759 - set Specific Code input for plugin: NVIC
2024-02-05 02:13:26,292 [INFO] BlockDiagram:2759 - set Specific Code input for plugin: SYS
2024-02-05 02:13:26,292 [INFO] BlockDiagram:2759 - set Specific Code input for plugin: GPIO
2024-02-05 02:13:26,292 [INFO] BlockDiagram:2759 - set Specific Code input for plugin: RCC
2024-02-05 02:13:26,293 [INFO] CodeGenerator:807 - code generatio: config db path: /Applications/STM32CubeIDE.app/Contents/Eclipse/plugins/com.st.stm32cube.common.mx_6.10.0.202311202037//db/
2024-02-05 02:13:26,546 [INFO] CodeEngine:255 - oldGeneratedFile, /Users/hectortamayo/STM32CubeIDE/workspace_1.14.0/GPIO/MXTmpFiles/license.tmp_save
2024-02-05 02:13:26,641 [INFO] CodeEngine:279 - Generated code: /Users/hectortamayo/STM32CubeIDE/workspace_1.14.0/GPIO/MXTmpFiles/license.tmp
2024-02-05 02:13:26,699 [INFO] CodeEngine:255 - oldGeneratedFile, /Users/hectortamayo/STM32CubeIDE/workspace_1.14.0/GPIO/Core/Src/gpio.c_save
2024-02-05 02:13:26,811 [INFO] CodeEngine:279 - Generated code: /Users/hectortamayo/STM32CubeIDE/workspace_1.14.0/GPIO/Core/Src/gpio.c
2024-02-05 02:13:26,814 [INFO] CodeEngine:255 - oldGeneratedFile, /Users/hectortamayo/STM32CubeIDE/workspace_1.14.0/GPIO/Core/Inc/gpio.h_save
2024-02-05 02:13:26,937 [INFO] CodeEngine:279 - Generated code: /Users/hectortamayo/STM32CubeIDE/workspace_1.14.0/GPIO/Core/Inc/gpio.h
2024-02-05 02:13:26,978 [INFO] CodeEngine:255 - oldGeneratedFile, /Users/hectortamayo/STM32CubeIDE/workspace_1.14.0/GPIO/Core/Src/stm32f1xx_it.c_save
2024-02-05 02:13:27,121 [INFO] CodeEngine:279 - Generated code: /Users/hectortamayo/STM32CubeIDE/workspace_1.14.0/GPIO/Core/Src/stm32f1xx_it.c
2024-02-05 02:13:27,127 [INFO] CodeEngine:255 - oldGeneratedFile, /Users/hectortamayo/STM32CubeIDE/workspace_1.14.0/GPIO/Core/Inc/stm32f1xx_it.h_save
2024-02-05 02:13:27,250 [INFO] CodeEngine:279 - Generated code: /Users/hectortamayo/STM32CubeIDE/workspace_1.14.0/GPIO/Core/Inc/stm32f1xx_it.h
2024-02-05 02:13:27,262 [INFO] CodeEngine:255 - oldGeneratedFile, /Users/hectortamayo/STM32CubeIDE/workspace_1.14.0/GPIO/Core/Src/stm32f1xx_hal_msp.c_save
2024-02-05 02:13:27,464 [INFO] CodeEngine:279 - Generated code: /Users/hectortamayo/STM32CubeIDE/workspace_1.14.0/GPIO/Core/Src/stm32f1xx_hal_msp.c
2024-02-05 02:13:27,469 [INFO] CodeEngine:255 - oldGeneratedFile, /Users/hectortamayo/STM32CubeIDE/workspace_1.14.0/GPIO/MXTmpFiles/system.tmp_save
2024-02-05 02:13:27,587 [INFO] CodeEngine:279 - Generated code: /Users/hectortamayo/STM32CubeIDE/workspace_1.14.0/GPIO/MXTmpFiles/system.tmp
2024-02-05 02:13:27,598 [INFO] CodeEngine:311 - oldGeneratedFile, /Users/hectortamayo/STM32CubeIDE/workspace_1.14.0/GPIO/Core/Inc/stm32f1xx_hal_conf.h_save
2024-02-05 02:13:27,739 [INFO] CodeEngine:335 - Generated code: /Users/hectortamayo/STM32CubeIDE/workspace_1.14.0/GPIO/Core/Inc/stm32f1xx_hal_conf.h
2024-02-05 02:13:27,793 [INFO] CodeEngine:255 - oldGeneratedFile, /Users/hectortamayo/STM32CubeIDE/workspace_1.14.0/GPIO/Core/Inc/main.h_save
2024-02-05 02:13:27,932 [INFO] CodeEngine:279 - Generated code: /Users/hectortamayo/STM32CubeIDE/workspace_1.14.0/GPIO/Core/Inc/main.h
2024-02-05 02:13:27,937 [INFO] CodeEngine:255 - oldGeneratedFile, /Users/hectortamayo/STM32CubeIDE/workspace_1.14.0/GPIO/Core/Src/main.c_save
2024-02-05 02:13:28,171 [INFO] CodeEngine:279 - Generated code: /Users/hectortamayo/STM32CubeIDE/workspace_1.14.0/GPIO/Core/Src/main.c
2024-02-05 02:13:29,296 [INFO] ProjectBuilder:3076 - Time for Copy HAL[1] : 225mS.
2024-02-05 02:13:29,299 [INFO] ProjectBuilder:4485 - Project Generator version: 4.2.0-B44
2024-02-05 02:13:30,025 [INFO] ConfigFileManager:1495 - The Die is : DIE410
2024-02-05 02:13:34,495 [INFO] ProjectBuilder:4747 - Time for Generating toolchain IDE Files: 5194mS.
2024-02-05 02:13:34,497 [INFO] ProjectBuilder:2947 - Time for Copy CMSIS : 1mS.
2024-02-05 02:13:34,498 [INFO] ProjectBuilder:2947 - Time for Copy CMSIS : 0mS.
2024-02-05 02:20:38,563 [INFO] UtilMem:75 - End SaveConfig() Used Memory: 596188216 Bytes (1073741824)
2024-02-05 02:20:38,682 [INFO] UtilMem:75 - End SaveConfig() Used Memory: 608768784 Bytes (1073741824)
2024-02-05 02:20:48,360 [INFO] UtilMem:75 - End SaveConfig() Used Memory: 661299304 Bytes (1073741824)
2024-02-05 02:20:48,806 [INFO] BlockDiagram:2759 - set Specific Code input for plugin: NVIC
2024-02-05 02:20:48,806 [INFO] BlockDiagram:2759 - set Specific Code input for plugin: SYS
2024-02-05 02:20:48,806 [INFO] BlockDiagram:2759 - set Specific Code input for plugin: GPIO
2024-02-05 02:20:48,806 [INFO] BlockDiagram:2759 - set Specific Code input for plugin: RCC
2024-02-05 02:20:48,807 [INFO] CodeGenerator:807 - code generatio: config db path: /Applications/STM32CubeIDE.app/Contents/Eclipse/plugins/com.st.stm32cube.common.mx_6.10.0.202311202037//db/
2024-02-05 02:20:49,129 [INFO] CodeEngine:255 - oldGeneratedFile, /Users/hectortamayo/STM32CubeIDE/workspace_1.14.0/GPIO/MXTmpFiles/license.tmp_save
2024-02-05 02:20:49,312 [INFO] CodeEngine:279 - Generated code: /Users/hectortamayo/STM32CubeIDE/workspace_1.14.0/GPIO/MXTmpFiles/license.tmp
2024-02-05 02:20:49,361 [INFO] CodeEngine:255 - oldGeneratedFile, /Users/hectortamayo/STM32CubeIDE/workspace_1.14.0/GPIO/Core/Src/gpio.c_save
2024-02-05 02:20:49,524 [INFO] CodeEngine:279 - Generated code: /Users/hectortamayo/STM32CubeIDE/workspace_1.14.0/GPIO/Core/Src/gpio.c
2024-02-05 02:20:49,531 [INFO] CodeEngine:255 - oldGeneratedFile, /Users/hectortamayo/STM32CubeIDE/workspace_1.14.0/GPIO/Core/Inc/gpio.h_save
2024-02-05 02:20:49,680 [INFO] CodeEngine:279 - Generated code: /Users/hectortamayo/STM32CubeIDE/workspace_1.14.0/GPIO/Core/Inc/gpio.h
2024-02-05 02:20:49,713 [INFO] CodeEngine:255 - oldGeneratedFile, /Users/hectortamayo/STM32CubeIDE/workspace_1.14.0/GPIO/Core/Src/stm32f1xx_it.c_save
2024-02-05 02:20:50,021 [INFO] CodeEngine:279 - Generated code: /Users/hectortamayo/STM32CubeIDE/workspace_1.14.0/GPIO/Core/Src/stm32f1xx_it.c
2024-02-05 02:20:50,028 [INFO] CodeEngine:255 - oldGeneratedFile, /Users/hectortamayo/STM32CubeIDE/workspace_1.14.0/GPIO/Core/Inc/stm32f1xx_it.h_save
2024-02-05 02:20:50,154 [INFO] CodeEngine:279 - Generated code: /Users/hectortamayo/STM32CubeIDE/workspace_1.14.0/GPIO/Core/Inc/stm32f1xx_it.h
2024-02-05 02:20:50,163 [INFO] CodeEngine:255 - oldGeneratedFile, /Users/hectortamayo/STM32CubeIDE/workspace_1.14.0/GPIO/Core/Src/stm32f1xx_hal_msp.c_save
2024-02-05 02:20:50,324 [INFO] CodeEngine:279 - Generated code: /Users/hectortamayo/STM32CubeIDE/workspace_1.14.0/GPIO/Core/Src/stm32f1xx_hal_msp.c
2024-02-05 02:20:50,328 [INFO] CodeEngine:255 - oldGeneratedFile, /Users/hectortamayo/STM32CubeIDE/workspace_1.14.0/GPIO/MXTmpFiles/system.tmp_save
2024-02-05 02:20:50,421 [INFO] CodeEngine:279 - Generated code: /Users/hectortamayo/STM32CubeIDE/workspace_1.14.0/GPIO/MXTmpFiles/system.tmp
2024-02-05 02:20:50,429 [INFO] CodeEngine:311 - oldGeneratedFile, /Users/hectortamayo/STM32CubeIDE/workspace_1.14.0/GPIO/Core/Inc/stm32f1xx_hal_conf.h_save
2024-02-05 02:20:50,707 [INFO] CodeEngine:335 - Generated code: /Users/hectortamayo/STM32CubeIDE/workspace_1.14.0/GPIO/Core/Inc/stm32f1xx_hal_conf.h
2024-02-05 02:20:50,761 [INFO] CodeEngine:255 - oldGeneratedFile, /Users/hectortamayo/STM32CubeIDE/workspace_1.14.0/GPIO/Core/Inc/main.h_save
2024-02-05 02:20:50,907 [INFO] CodeEngine:279 - Generated code: /Users/hectortamayo/STM32CubeIDE/workspace_1.14.0/GPIO/Core/Inc/main.h
2024-02-05 02:20:50,913 [INFO] CodeEngine:255 - oldGeneratedFile, /Users/hectortamayo/STM32CubeIDE/workspace_1.14.0/GPIO/Core/Src/main.c_save
2024-02-05 02:20:51,042 [INFO] CodeEngine:279 - Generated code: /Users/hectortamayo/STM32CubeIDE/workspace_1.14.0/GPIO/Core/Src/main.c
2024-02-05 02:20:51,935 [INFO] ProjectBuilder:3076 - Time for Copy HAL[1] : 404mS.
2024-02-05 02:20:51,938 [INFO] ProjectBuilder:4485 - Project Generator version: 4.2.0-B44
2024-02-05 02:20:52,926 [INFO] ConfigFileManager:1495 - The Die is : DIE410
2024-02-05 02:20:56,865 [INFO] ProjectBuilder:4747 - Time for Generating toolchain IDE Files: 4927mS.
2024-02-05 02:20:56,866 [INFO] ProjectBuilder:2947 - Time for Copy CMSIS : 0mS.
2024-02-05 02:20:56,873 [INFO] ProjectBuilder:2947 - Time for Copy CMSIS : 1mS.
